<?xml version="1.0" encoding="UTF-8"?>
<testsuite xmlns:xsi="http://www.w3.org/2001/XMLSchema-instance" xsi:noNamespaceSchemaLocation="https://maven.apache.org/surefire/maven-surefire-plugin/xsd/surefire-test-report-3.0.xsd" version="3.0" name="dev.allstak.sample.SampleAppIntegrationTest" time="5.336" tests="10" errors="0" skipped="0" failures="0">
  <properties>
[...]
</properties>
  <testcase name="appStartsWithSdkInitialized" classname="dev.allstak.sample.SampleAppIntegrationTest" time="0.385">
    <system-out><![CDATA[
  .   ____          _            __ _ _
 /\\ / ___'_ __ _ _(_)_ __  __ _ \ \ \ \
( ( )\___ | '_ | '_| | '_ \/ _` | \ \ \ \
 \\/  ___)| |_)| | | | | || (_| |  ) ) ) )
  '  |____| .__|_| |_|_| |_\__, | / / / /
 =========|_|==============|___/=/_/_/_/
 :: Spring Boot ::                (v3.2.4)

2026-05-28T19:53:32.338+03:00  INFO 354 --- [           main] d.a.sample.SampleAppIntegrationTest      : Starting SampleAppIntegrationTest using Java 21.0.8 with PID 354 (started by irovler in /Volumes/M.2/MyProjects/AllStak-Projects/sdks/allstak-java-sdk/allstak-sample-app)
2026-05-28T19:53:32.339+03:00  INFO 354 --- [           main] d.a.sample.SampleAppIntegrationTest      : No active profile set, falling back to 1 default profile: "default"
2026-05-28T19:53:32.623+03:00  INFO 354 --- [           main] .s.d.r.c.RepositoryConfigurationDelegate : Bootstrapping Spring Data JPA repositories in DEFAULT mode.
2026-05-28T19:53:32.646+03:00  INFO 354 --- [           main] .s.d.r.c.RepositoryConfigurationDelegate : Finished Spring Data repository scanning in 19 ms. Found 1 JPA repository interface.
2026-05-28T19:53:32.750+03:00  WARN 354 --- [           main] trationDelegate$BeanPostProcessorChecker : Bean 'dev.allstak.spring.AllStakAutoConfiguration' of type [dev.allstak.spring.AllStakAutoConfiguration] is not eligible for getting processed by all BeanPostProcessors (for example: not eligible for auto-proxying). The currently created BeanPostProcessor [allStakRestTemplatePostProcessor] is declared through a non-static factory method on that class; consider declaring it as static instead.
2026-05-28T19:53:32.760+03:00  WARN 354 --- [           main] trationDelegate$BeanPostProcessorChecker : Bean 'allstak-dev.allstak.spring.AllStakProperties' of type [dev.allstak.spring.AllStakProperties] is not eligible for getting processed by all BeanPostProcessors (for example: not eligible for auto-proxying). Is this bean getting eagerly injected into a currently created BeanPostProcessor [allStakRestTemplatePostProcessor]? Check the corresponding BeanPostProcessor declaration and its dependencies.
2026-05-28T19:53:32.763+03:00  WARN 354 --- [           main] trationDelegate$BeanPostProcessorChecker : Bean 'allStakConfig' of type [dev.allstak.AllStakConfig] is not eligible for getting processed by all BeanPostProcessors (for example: not eligible for auto-proxying). Is this bean getting eagerly injected into a currently created BeanPostProcessor [allStakRestTemplatePostProcessor]? Check the corresponding BeanPostProcessor declaration and its dependencies.
2026-05-28T19:53:32.765+03:00  WARN 354 --- [           main] trationDelegate$BeanPostProcessorChecker : Bean 'sampleAppIntegrationTest.WireMockTransportConfig' of type [dev.allstak.sample.SampleAppIntegrationTest$WireMockTransportConfig$$SpringCGLIB$$0] is not eligible for getting processed by all BeanPostProcessors (for example: not eligible for auto-proxying). Is this bean getting eagerly injected into a currently created BeanPostProcessor [allStakRestTemplatePostProcessor]? Check the corresponding BeanPostProcessor declaration and its dependencies.
2026-05-28T19:53:32.785+03:00  WARN 354 --- [           main] trationDelegate$BeanPostProcessorChecker : Bean 'allStakHttpTransport' of type [dev.allstak.transport.HttpTransport] is not eligible for getting processed by all BeanPostProcessors (for example: not eligible for auto-proxying). Is this bean getting eagerly injected into a currently created BeanPostProcessor [allStakRestTemplatePostProcessor]? Check the corresponding BeanPostProcessor declaration and its dependencies.
2026-05-28T19:53:32.788+03:00  INFO 354 --- [           main] dev.allstak.sdk                          : [AllStak SDK DEBUG] Flush worker started for 'logs' with 500ms interval
2026-05-28T19:53:32.789+03:00  INFO 354 --- [           main] dev.allstak.sdk                          : [AllStak SDK DEBUG] Flush worker started for 'http-requests' with 500ms interval
2026-05-28T19:53:32.789+03:00  INFO 354 --- [           main] dev.allstak.sdk                          : [AllStak SDK DEBUG] Flush worker started for 'db-queries' with 500ms interval
2026-05-28T19:53:32.789+03:00  INFO 354 --- [           main] dev.allstak.sdk                          : [AllStak SDK DEBUG] Global uncaught exception handler installed
2026-05-28T19:53:32.790+03:00  INFO 354 --- [           main] dev.allstak.sdk                          : [AllStak SDK DEBUG] AllStak SDK initialized — host=https://api.allstak.sa, env=integration-test, release=v1.0.0-test
2026-05-28T19:53:32.790+03:00  INFO 354 --- [           main] dev.allstak.sdk                          : [AllStak SDK DEBUG] AllStak client bean created and registered with static facade
2026-05-28T19:53:32.793+03:00  WARN 354 --- [           main] trationDelegate$BeanPostProcessorChecker : Bean 'allStakClient' of type [dev.allstak.AllStakClient] is not eligible for getting processed by all BeanPostProcessors (for example: not eligible for auto-proxying). Is this bean getting eagerly injected into a currently created BeanPostProcessor [allStakRestTemplatePostProcessor]? Check the corresponding BeanPostProcessor declaration and its dependencies.
2026-05-28T19:53:32.795+03:00  WARN 354 --- [           main] trationDelegate$BeanPostProcessorChecker : Bean 'allStakRestTemplateInterceptor' of type [dev.allstak.spring.AllStakRestTemplateInterceptor] is not eligible for getting processed by all BeanPostProcessors (for example: not eligible for auto-proxying). Is this bean getting eagerly injected into a currently created BeanPostProcessor [allStakRestTemplatePostProcessor]? Check the corresponding BeanPostProcessor declaration and its dependencies.
2026-05-28T19:53:32.817+03:00  WARN 354 --- [           main] trationDelegate$BeanPostProcessorChecker : Bean 'dev.allstak.spring.AllStakAutoConfiguration$SpringCacheAutoConfiguration' of type [dev.allstak.spring.AllStakAutoConfiguration$SpringCacheAutoConfiguration$$SpringCGLIB$$0] is not eligible for getting processed by all BeanPostProcessors (for example: not eligible for auto-proxying). The currently created BeanPostProcessor [allStakCacheDecorator] is declared through a non-static factory method on that class; consider declaring it as static instead.
2026-05-28T19:53:32.920+03:00  INFO 354 --- [           main] o.s.b.w.embedded.tomcat.TomcatWebServer  : Tomcat initialized with port 0 (http)
2026-05-28T19:53:32.927+03:00  INFO 354 --- [           main] o.apache.catalina.core.StandardService   : Starting service [Tomcat]
2026-05-28T19:53:32.927+03:00  INFO 354 --- [           main] o.apache.catalina.core.StandardEngine    : Starting Servlet engine: [Apache Tomcat/10.1.19]
2026-05-28T19:53:32.951+03:00  INFO 354 --- [           main] o.a.c.c.C.[Tomcat].[localhost].[/]       : Initializing Spring embedded WebApplicationContext
2026-05-28T19:53:32.951+03:00  INFO 354 --- [           main] w.s.c.ServletWebServerApplicationContext : Root WebApplicationContext: initialization completed in 604 ms
2026-05-28T19:53:32.966+03:00  INFO 354 --- [           main] dev.allstak.sdk                          : [AllStak SDK DEBUG] AllStak wrapping DataSource bean '%s' (type=%s) for DB query capture
2026-05-28T19:53:32.967+03:00  INFO 354 --- [           main] com.zaxxer.hikari.HikariDataSource       : HikariPool-1 - Starting...
2026-05-28T19:53:33.062+03:00  INFO 354 --- [           main] com.zaxxer.hikari.pool.HikariPool        : HikariPool-1 - Added connection conn0: url=jdbc:h2:mem:ordersdb user=SA
2026-05-28T19:53:33.062+03:00  INFO 354 --- [           main] com.zaxxer.hikari.HikariDataSource       : HikariPool-1 - Start completed.
2026-05-28T19:53:33.067+03:00  INFO 354 --- [           main] o.s.b.a.h2.H2ConsoleAutoConfiguration    : H2 console available at '/h2-console'. Database available at 'jdbc:h2:mem:ordersdb'
2026-05-28T19:53:33.124+03:00  INFO 354 --- [           main] o.hibernate.jpa.internal.util.LogHelper  : HHH000204: Processing PersistenceUnitInfo [name: default]
2026-05-28T19:53:33.162+03:00  INFO 354 --- [           main] org.hibernate.Version                    : HHH000412: Hibernate ORM core version 6.4.4.Final
2026-05-28T19:53:33.180+03:00  INFO 354 --- [           main] o.h.c.internal.RegionFactoryInitiator    : HHH000026: Second-level cache disabled
2026-05-28T19:53:33.291+03:00  INFO 354 --- [           main] o.s.o.j.p.SpringPersistenceUnitInfo      : No LoadTimeWeaver setup: ignoring JPA class transformer
2026-05-28T19:53:33.721+03:00  INFO 354 --- [           main] o.h.e.t.j.p.i.JtaPlatformInitiator       : HHH000489: No JTA platform available (set 'hibernate.transaction.jta.platform' to enable JTA platform integration)
2026-05-28T19:53:33.753+03:00  INFO 354 --- [           main] j.LocalContainerEntityManagerFactoryBean : Initialized JPA EntityManagerFactory for persistence unit 'default'
2026-05-28T19:53:33.793+03:00  INFO 354 --- [lush-db-queries] dev.allstak.sdk                          : [AllStak SDK DEBUG] Flushing 2 db-queries item(s)
2026-05-28T19:53:33.811+03:00  INFO 354 --- [lush-db-queries] dev.allstak.sdk                          : [AllStak SDK DEBUG] Sending to http://localhost:53574/ingest/v1/db: event_bytes=1006
2026-05-28T19:53:33.867+03:00  INFO 354 --- [           main] dev.allstak.sdk                          : [AllStak SDK DEBUG] AllStak wrapped @Scheduled methods on '%s'
2026-05-28T19:53:33.889+03:00  WARN 354 --- [           main] JpaBaseConfiguration$JpaWebConfiguration : spring.jpa.open-in-view is enabled by default. Therefore, database queries may be performed during view rendering. Explicitly configure spring.jpa.open-in-view to disable this warning
2026-05-28T19:53:33.898+03:00  INFO 354 --- [lush-db-queries] dev.allstak.sdk                          : [AllStak SDK DEBUG] Response from http://localhost:53574/ingest/v1/db: status=202 response_bytes=42
2026-05-28T19:53:34.007+03:00  INFO 354 --- [           main] dev.allstak.sdk                          : [AllStak SDK DEBUG] AllStak Logback appender registered
2026-05-28T19:53:34.049+03:00  INFO 354 --- [           main] o.a.c.c.C.[Tomcat].[localhost].[/]       : Initializing Spring TestDispatcherServlet ''
2026-05-28T19:53:34.050+03:00  INFO 354 --- [           main] o.s.t.web.servlet.TestDispatcherServlet  : Initializing Servlet ''
2026-05-28T19:53:34.050+03:00  INFO 354 --- [           main] o.s.t.web.servlet.TestDispatcherServlet  : Completed initialization in 0 ms
2026-05-28T19:53:34.069+03:00  INFO 354 --- [           main] o.s.b.w.embedded.tomcat.TomcatWebServer  : Tomcat started on port 53576 (http) with context path ''
2026-05-28T19:53:34.074+03:00  INFO 354 --- [           main] d.a.sample.SampleAppIntegrationTest      : Started SampleAppIntegrationTest in 1.853 seconds (process running for 2.575)
2026-05-28T19:53:34.290+03:00  INFO 354 --- [stak-flush-logs] dev.allstak.sdk                          : [AllStak SDK DEBUG] Flushing 4 logs item(s)
2026-05-28T19:53:34.294+03:00  INFO 354 --- [stak-flush-logs] dev.allstak.sdk                          : [AllStak SDK DEBUG] Sending to http://localhost:53574/ingest/v1/logs: event_bytes=244
2026-05-28T19:53:34.298+03:00  INFO 354 --- [stak-flush-logs] dev.allstak.sdk                          : [AllStak SDK DEBUG] Response from http://localhost:53574/ingest/v1/logs: status=202 response_bytes=42
2026-05-28T19:53:34.298+03:00  INFO 354 --- [stak-flush-logs] dev.allstak.sdk                          : [AllStak SDK DEBUG] Sending to http://localhost:53574/ingest/v1/logs: event_bytes=223
2026-05-28T19:53:34.300+03:00  INFO 354 --- [stak-flush-logs] dev.allstak.sdk                          : [AllStak SDK DEBUG] Response from http://localhost:53574/ingest/v1/logs: status=202 response_bytes=42
2026-05-28T19:53:34.301+03:00  INFO 354 --- [stak-flush-logs] dev.allstak.sdk                          : [AllStak SDK DEBUG] Sending to http://localhost:53574/ingest/v1/logs: event_bytes=232
2026-05-28T19:53:34.303+03:00  INFO 354 --- [stak-flush-logs] dev.allstak.sdk                          : [AllStak SDK DEBUG] Response from http://localhost:53574/ingest/v1/logs: status=202 response_bytes=42
2026-05-28T19:53:34.303+03:00  INFO 354 --- [stak-flush-logs] dev.allstak.sdk                          : [AllStak SDK DEBUG] Sending to http://localhost:53574/ingest/v1/logs: event_bytes=256
2026-05-28T19:53:34.304+03:00  INFO 354 --- [stak-flush-logs] dev.allstak.sdk                          : [AllStak SDK DEBUG] Response from http://localhost:53574/ingest/v1/logs: status=202 response_bytes=42
2026-05-28T19:53:34.442+03:00  INFO 354 --- [           main] dev.allstak.sdk                          : [AllStak SDK DEBUG] Sending to http://localhost:53574/ingest/v1/spans: event_bytes=472
2026-05-28T19:53:34.443+03:00  INFO 354 --- [           main] dev.allstak.sdk                          : [AllStak SDK DEBUG] Response from http://localhost:53574/ingest/v1/spans: status=202 response_bytes=42
]]></system-out>
    <system-err><![CDATA[WARNING: A Java agent has been loaded dynamically (/Users/irovler/.m2/repository/net/bytebuddy/byte-buddy-agent/1.14.12/byte-buddy-agent-1.14.12.jar)
WARNING: If a serviceability tool is in use, please run with -XX:+EnableDynamicAgentLoading to hide this warning
WARNING: If a serviceability tool is not in use, please run with -Djdk.instrument.traceUsage for more information
WARNING: Dynamic loading of agents will be disallowed by default in a future release
]]></system-err>
  </testcase>
  <testcase name="manualErrorCapture_sendsToBackend" classname="dev.allstak.sample.SampleAppIntegrationTest" time="0.126">
    <system-out><![CDATA[2026-05-28T19:53:34.469+03:00  INFO 354 --- [           main] dev.allstak.sdk                          : [AllStak SDK DEBUG] Sending to http://localhost:53574/ingest/v1/errors: event_bytes=32171
2026-05-28T19:53:34.470+03:00  INFO 354 --- [           main] dev.allstak.sdk                          : [AllStak SDK DEBUG] Response from http://localhost:53574/ingest/v1/errors: status=202 response_bytes=42
2026-05-28T19:53:34.471+03:00  INFO 354 --- [           main] dev.allstak.sdk                          : [AllStak SDK DEBUG] Sending to http://localhost:53574/ingest/v1/spans: event_bytes=495
2026-05-28T19:53:34.473+03:00  INFO 354 --- [           main] dev.allstak.sdk                          : [AllStak SDK DEBUG] Response from http://localhost:53574/ingest/v1/spans: status=202 response_bytes=42
]]></system-out>
  </testcase>
  <testcase name="logCapture_sendsBufferedLogs" classname="dev.allstak.sample.SampleAppIntegrationTest" time="0.219">
    <system-out><![CDATA[2026-05-28T19:53:34.594+03:00  INFO 354 --- [           main] dev.allstak.sdk                          : [AllStak SDK DEBUG] Sending to http://localhost:53574/ingest/v1/spans: event_bytes=489
2026-05-28T19:53:34.596+03:00  INFO 354 --- [           main] dev.allstak.sdk                          : [AllStak SDK DEBUG] Response from http://localhost:53574/ingest/v1/spans: status=202 response_bytes=42
2026-05-28T19:53:34.789+03:00  INFO 354 --- [stak-flush-logs] dev.allstak.sdk                          : [AllStak SDK DEBUG] Flushing 1 logs item(s)
2026-05-28T19:53:34.789+03:00  INFO 354 --- [stak-flush-logs] dev.allstak.sdk                          : [AllStak SDK DEBUG] Sending to http://localhost:53574/ingest/v1/logs: event_bytes=247
2026-05-28T19:53:34.791+03:00  INFO 354 --- [stak-flush-logs] dev.allstak.sdk                          : [AllStak SDK DEBUG] Response from http://localhost:53574/ingest/v1/logs: status=202 response_bytes=42
2026-05-28T19:53:34.793+03:00  INFO 354 --- [h-http-requests] dev.allstak.sdk                          : [AllStak SDK DEBUG] Flushing 3 http-requests item(s)
2026-05-28T19:53:34.796+03:00  INFO 354 --- [h-http-requests] dev.allstak.sdk                          : [AllStak SDK DEBUG] Sending to http://localhost:53574/ingest/v1/http-requests: event_bytes=3741
2026-05-28T19:53:34.798+03:00  INFO 354 --- [h-http-requests] dev.allstak.sdk                          : [AllStak SDK DEBUG] Response from http://localhost:53574/ingest/v1/http-requests: status=202 response_bytes=42
]]></system-out>
  </testcase>
  <testcase name="logCapture_sensitiveMetadataMasked" classname="dev.allstak.sample.SampleAppIntegrationTest" time="0.536">
    <system-out><![CDATA[2026-05-28T19:53:34.812+03:00  INFO 354 --- [           main] dev.allstak.sdk                          : [AllStak SDK DEBUG] Sending to http://localhost:53574/ingest/v1/spans: event_bytes=531
2026-05-28T19:53:34.814+03:00  INFO 354 --- [           main] dev.allstak.sdk                          : [AllStak SDK DEBUG] Response from http://localhost:53574/ingest/v1/spans: status=202 response_bytes=42
2026-05-28T19:53:35.289+03:00  INFO 354 --- [stak-flush-logs] dev.allstak.sdk                          : [AllStak SDK DEBUG] Flushing 1 logs item(s)
2026-05-28T19:53:35.291+03:00  INFO 354 --- [stak-flush-logs] dev.allstak.sdk                          : [AllStak SDK DEBUG] Sending to http://localhost:53574/ingest/v1/logs: event_bytes=314
2026-05-28T19:53:35.294+03:00  INFO 354 --- [h-http-requests] dev.allstak.sdk                          : [AllStak SDK DEBUG] Flushing 1 http-requests item(s)
2026-05-28T19:53:35.294+03:00  INFO 354 --- [stak-flush-logs] dev.allstak.sdk                          : [AllStak SDK DEBUG] Response from http://localhost:53574/ingest/v1/logs: status=202 response_bytes=42
2026-05-28T19:53:35.294+03:00  INFO 354 --- [h-http-requests] dev.allstak.sdk                          : [AllStak SDK DEBUG] Sending to http://localhost:53574/ingest/v1/http-requests: event_bytes=1352
2026-05-28T19:53:35.297+03:00  INFO 354 --- [h-http-requests] dev.allstak.sdk                          : [AllStak SDK DEBUG] Response from http://localhost:53574/ingest/v1/http-requests: status=202 response_bytes=42
]]></system-out>
  </testcase>
  <testcase name="servletFilter_capturesInboundRequests" classname="dev.allstak.sample.SampleAppIntegrationTest" time="0.536">
    <system-out><![CDATA[2026-05-28T19:53:35.352+03:00  INFO 354 --- [           main] dev.allstak.sdk                          : [AllStak SDK DEBUG] Sending to http://localhost:53574/ingest/v1/spans: event_bytes=471
2026-05-28T19:53:35.359+03:00  INFO 354 --- [           main] dev.allstak.sdk                          : [AllStak SDK DEBUG] Response from http://localhost:53574/ingest/v1/spans: status=202 response_bytes=42
2026-05-28T19:53:35.789+03:00  INFO 354 --- [h-http-requests] dev.allstak.sdk                          : [AllStak SDK DEBUG] Flushing 1 http-requests item(s)
2026-05-28T19:53:35.789+03:00  INFO 354 --- [h-http-requests] dev.allstak.sdk                          : [AllStak SDK DEBUG] Sending to http://localhost:53574/ingest/v1/http-requests: event_bytes=1257
2026-05-28T19:53:35.795+03:00  INFO 354 --- [h-http-requests] dev.allstak.sdk                          : [AllStak SDK DEBUG] Response from http://localhost:53574/ingest/v1/http-requests: status=202 response_bytes=42
]]></system-out>
  </testcase>
  <testcase name="cronJobMonitoring_successScenario" classname="dev.allstak.sample.SampleAppIntegrationTest" time="0.236">
    <system-out><![CDATA[2026-05-28T19:53:36.004+03:00  INFO 354 --- [           main] dev.allstak.sdk                          : [AllStak SDK DEBUG] Sending to http://localhost:53574/ingest/v1/heartbeat: event_bytes=164
2026-05-28T19:53:36.009+03:00  INFO 354 --- [           main] dev.allstak.sdk                          : [AllStak SDK DEBUG] Response from http://localhost:53574/ingest/v1/heartbeat: status=202 response_bytes=42
2026-05-28T19:53:36.011+03:00  INFO 354 --- [           main] dev.allstak.sdk                          : [AllStak SDK DEBUG] Sending to http://localhost:53574/ingest/v1/spans: event_bytes=482
2026-05-28T19:53:36.014+03:00  INFO 354 --- [           main] dev.allstak.sdk                          : [AllStak SDK DEBUG] Response from http://localhost:53574/ingest/v1/spans: status=202 response_bytes=42
]]></system-out>
  </testcase>
  <testcase name="cronJobMonitoring_failedScenario" classname="dev.allstak.sample.SampleAppIntegrationTest" time="0.233">
    <system-out><![CDATA[2026-05-28T19:53:36.230+03:00  INFO 354 --- [           main] dev.allstak.sdk                          : [AllStak SDK DEBUG] Sending to http://localhost:53574/ingest/v1/heartbeat: event_bytes=154
2026-05-28T19:53:36.235+03:00  INFO 354 --- [           main] dev.allstak.sdk                          : [AllStak SDK DEBUG] Response from http://localhost:53574/ingest/v1/heartbeat: status=202 response_bytes=42
2026-05-28T19:53:36.238+03:00  INFO 354 --- [           main] dev.allstak.sdk                          : [AllStak SDK DEBUG] Sending to http://localhost:53574/ingest/v1/spans: event_bytes=482
2026-05-28T19:53:36.243+03:00  INFO 354 --- [           main] dev.allstak.sdk                          : [AllStak SDK DEBUG] Response from http://localhost:53574/ingest/v1/spans: status=202 response_bytes=42
2026-05-28T19:53:36.292+03:00  INFO 354 --- [h-http-requests] dev.allstak.sdk                          : [AllStak SDK DEBUG] Flushing 2 http-requests item(s)
2026-05-28T19:53:36.292+03:00  INFO 354 --- [h-http-requests] dev.allstak.sdk                          : [AllStak SDK DEBUG] Sending to http://localhost:53574/ingest/v1/http-requests: event_bytes=2574
2026-05-28T19:53:36.297+03:00  INFO 354 --- [h-http-requests] dev.allstak.sdk                          : [AllStak SDK DEBUG] Response from http://localhost:53574/ingest/v1/http-requests: status=202 response_bytes=42
]]></system-out>
  </testcase>
  <testcase name="servletFilter_capturesInboundBodiesWithRedaction" classname="dev.allstak.sample.SampleAppIntegrationTest" time="0.45">
    <system-out><![CDATA[2026-05-28T19:53:36.382+03:00  INFO 354 --- [           main] dev.allstak.sdk                          : [AllStak SDK DEBUG] Sending to http://localhost:53574/ingest/v1/spans: event_bytes=469
2026-05-28T19:53:36.385+03:00  INFO 354 --- [           main] dev.allstak.sdk                          : [AllStak SDK DEBUG] Response from http://localhost:53574/ingest/v1/spans: status=202 response_bytes=42
2026-05-28T19:53:36.794+03:00  INFO 354 --- [h-http-requests] dev.allstak.sdk                          : [AllStak SDK DEBUG] Flushing 1 http-requests item(s)
2026-05-28T19:53:36.794+03:00  INFO 354 --- [h-http-requests] dev.allstak.sdk                          : [AllStak SDK DEBUG] Sending to http://localhost:53574/ingest/v1/http-requests: event_bytes=1448
2026-05-28T19:53:36.796+03:00  INFO 354 --- [h-http-requests] dev.allstak.sdk                          : [AllStak SDK DEBUG] Response from http://localhost:53574/ingest/v1/http-requests: status=202 response_bytes=42
]]></system-out>
  </testcase>
  <testcase name="globalExceptionHandler_capturesUnhandledExceptions" classname="dev.allstak.sample.SampleAppIntegrationTest" time="0.115">
    <system-out><![CDATA[2026-05-28T19:53:36.813+03:00  INFO 354 --- [           main] dev.allstak.sdk                          : [AllStak SDK DEBUG] Sending to http://localhost:53574/ingest/v1/errors: event_bytes=35632
2026-05-28T19:53:36.815+03:00  INFO 354 --- [           main] dev.allstak.sdk                          : [AllStak SDK DEBUG] Response from http://localhost:53574/ingest/v1/errors: status=202 response_bytes=42
2026-05-28T19:53:36.817+03:00  INFO 354 --- [           main] dev.allstak.sdk                          : [AllStak SDK DEBUG] Sending to http://localhost:53574/ingest/v1/spans: event_bytes=501
2026-05-28T19:53:36.819+03:00  INFO 354 --- [           main] dev.allstak.sdk                          : [AllStak SDK DEBUG] Response from http://localhost:53574/ingest/v1/spans: status=202 response_bytes=42
]]></system-out>
  </testcase>
  <testcase name="flushEndpoint_triggersImmediateFlush" classname="dev.allstak.sample.SampleAppIntegrationTest" time="0.123">
    <system-out><![CDATA[2026-05-28T19:53:36.928+03:00  INFO 354 --- [           main] dev.allstak.sdk                          : [AllStak SDK DEBUG] Sending to http://localhost:53574/ingest/v1/spans: event_bytes=489
2026-05-28T19:53:36.930+03:00  INFO 354 --- [           main] dev.allstak.sdk                          : [AllStak SDK DEBUG] Response from http://localhost:53574/ingest/v1/spans: status=202 response_bytes=42
2026-05-28T19:53:36.932+03:00  INFO 354 --- [           main] dev.allstak.sdk                          : [AllStak SDK DEBUG] Flushing 1 logs item(s)
2026-05-28T19:53:36.933+03:00  INFO 354 --- [           main] dev.allstak.sdk                          : [AllStak SDK DEBUG] Sending to http://localhost:53574/ingest/v1/logs: event_bytes=244
2026-05-28T19:53:36.935+03:00  INFO 354 --- [           main] dev.allstak.sdk                          : [AllStak SDK DEBUG] Response from http://localhost:53574/ingest/v1/logs: status=202 response_bytes=42
2026-05-28T19:53:36.935+03:00  INFO 354 --- [           main] dev.allstak.sdk                          : [AllStak SDK DEBUG] Flushing 2 http-requests item(s)
2026-05-28T19:53:36.935+03:00  INFO 354 --- [           main] dev.allstak.sdk                          : [AllStak SDK DEBUG] Sending to http://localhost:53574/ingest/v1/http-requests: event_bytes=2624
2026-05-28T19:53:36.937+03:00  INFO 354 --- [           main] dev.allstak.sdk                          : [AllStak SDK DEBUG] Response from http://localhost:53574/ingest/v1/http-requests: status=202 response_bytes=42
2026-05-28T19:53:36.938+03:00  INFO 354 --- [           main] dev.allstak.sdk                          : [AllStak SDK DEBUG] Sending to http://localhost:53574/ingest/v1/spans: event_bytes=471
2026-05-28T19:53:36.941+03:00  INFO 354 --- [           main] dev.allstak.sdk                          : [AllStak SDK DEBUG] Response from http://localhost:53574/ingest/v1/spans: status=202 response_bytes=42
]]></system-out>
  </testcase>
</testsuite>