<?xml version="1.0" encoding="UTF-8"?>
<testsuite xmlns:xsi="http://www.w3.org/2001/XMLSchema-instance" xsi:noNamespaceSchemaLocation="https://maven.apache.org/surefire/maven-surefire-plugin/xsd/surefire-test-report-3.0.xsd" version="3.0" name="dev.allstak.sample.SampleAppIntegrationTest" time="8.778" tests="10" errors="0" skipped="0" failures="0">
  <properties>
[...]
</properties>
  <testcase name="appStartsWithSdkInitialized" classname="dev.allstak.sample.SampleAppIntegrationTest" time="1.31">
    <system-out><![CDATA[
  .   ____          _            __ _ _
 /\\ / ___'_ __ _ _(_)_ __  __ _ \ \ \ \
( ( )\___ | '_ | '_| | '_ \/ _` | \ \ \ \
 \\/  ___)| |_)| | | | | || (_| |  ) ) ) )
  '  |____| .__|_| |_|_| |_\__, | / / / /
 =========|_|==============|___/=/_/_/_/
 :: Spring Boot ::                (v3.2.4)

2026-05-28T19:44:25.517+03:00  INFO 82760 --- [           main] d.a.sample.SampleAppIntegrationTest      : Starting SampleAppIntegrationTest using Java 21.0.8 with PID 82760 (started by irovler in /Volumes/M.2/MyProjects/AllStak-Projects/sdks/allstak-java-sdk/allstak-sample-app)
2026-05-28T19:44:25.518+03:00  INFO 82760 --- [           main] d.a.sample.SampleAppIntegrationTest      : No active profile set, falling back to 1 default profile: "default"
2026-05-28T19:44:26.041+03:00  INFO 82760 --- [           main] .s.d.r.c.RepositoryConfigurationDelegate : Bootstrapping Spring Data JPA repositories in DEFAULT mode.
2026-05-28T19:44:26.075+03:00  INFO 82760 --- [           main] .s.d.r.c.RepositoryConfigurationDelegate : Finished Spring Data repository scanning in 28 ms. Found 1 JPA repository interface.
2026-05-28T19:44:26.339+03:00  WARN 82760 --- [           main] trationDelegate$BeanPostProcessorChecker : Bean 'dev.allstak.spring.AllStakAutoConfiguration' of type [dev.allstak.spring.AllStakAutoConfiguration] is not eligible for getting processed by all BeanPostProcessors (for example: not eligible for auto-proxying). The currently created BeanPostProcessor [allStakRestTemplatePostProcessor] is declared through a non-static factory method on that class; consider declaring it as static instead.
2026-05-28T19:44:26.368+03:00  WARN 82760 --- [           main] trationDelegate$BeanPostProcessorChecker : Bean 'allstak-dev.allstak.spring.AllStakProperties' of type [dev.allstak.spring.AllStakProperties] is not eligible for getting processed by all BeanPostProcessors (for example: not eligible for auto-proxying). Is this bean getting eagerly injected into a currently created BeanPostProcessor [allStakRestTemplatePostProcessor]? Check the corresponding BeanPostProcessor declaration and its dependencies.
2026-05-28T19:44:26.372+03:00  WARN 82760 --- [           main] trationDelegate$BeanPostProcessorChecker : Bean 'allStakConfig' of type [dev.allstak.AllStakConfig] is not eligible for getting processed by all BeanPostProcessors (for example: not eligible for auto-proxying). Is this bean getting eagerly injected into a currently created BeanPostProcessor [allStakRestTemplatePostProcessor]? Check the corresponding BeanPostProcessor declaration and its dependencies.
2026-05-28T19:44:26.374+03:00  WARN 82760 --- [           main] trationDelegate$BeanPostProcessorChecker : Bean 'sampleAppIntegrationTest.WireMockTransportConfig' of type [dev.allstak.sample.SampleAppIntegrationTest$WireMockTransportConfig$$SpringCGLIB$$0] is not eligible for getting processed by all BeanPostProcessors (for example: not eligible for auto-proxying). Is this bean getting eagerly injected into a currently created BeanPostProcessor [allStakRestTemplatePostProcessor]? Check the corresponding BeanPostProcessor declaration and its dependencies.
2026-05-28T19:44:26.414+03:00  WARN 82760 --- [           main] trationDelegate$BeanPostProcessorChecker : Bean 'allStakHttpTransport' of type [dev.allstak.transport.HttpTransport] is not eligible for getting processed by all BeanPostProcessors (for example: not eligible for auto-proxying). Is this bean getting eagerly injected into a currently created BeanPostProcessor [allStakRestTemplatePostProcessor]? Check the corresponding BeanPostProcessor declaration and its dependencies.
2026-05-28T19:44:26.418+03:00  INFO 82760 --- [           main] dev.allstak.sdk                          : [AllStak SDK DEBUG] Flush worker started for 'logs' with 500ms interval
2026-05-28T19:44:26.420+03:00  INFO 82760 --- [           main] dev.allstak.sdk                          : [AllStak SDK DEBUG] Flush worker started for 'http-requests' with 500ms interval
2026-05-28T19:44:26.421+03:00  INFO 82760 --- [           main] dev.allstak.sdk                          : [AllStak SDK DEBUG] Flush worker started for 'db-queries' with 500ms interval
2026-05-28T19:44:26.422+03:00  INFO 82760 --- [           main] dev.allstak.sdk                          : [AllStak SDK DEBUG] Global uncaught exception handler installed
2026-05-28T19:44:26.422+03:00  INFO 82760 --- [           main] dev.allstak.sdk                          : [AllStak SDK DEBUG] AllStak SDK initialized — host=https://api.allstak.sa, env=integration-test, release=v1.0.0-test
2026-05-28T19:44:26.422+03:00  INFO 82760 --- [           main] dev.allstak.sdk                          : [AllStak SDK DEBUG] AllStak client bean created and registered with static facade
2026-05-28T19:44:26.430+03:00  WARN 82760 --- [           main] trationDelegate$BeanPostProcessorChecker : Bean 'allStakClient' of type [dev.allstak.AllStakClient] is not eligible for getting processed by all BeanPostProcessors (for example: not eligible for auto-proxying). Is this bean getting eagerly injected into a currently created BeanPostProcessor [allStakRestTemplatePostProcessor]? Check the corresponding BeanPostProcessor declaration and its dependencies.
2026-05-28T19:44:26.433+03:00  WARN 82760 --- [           main] trationDelegate$BeanPostProcessorChecker : Bean 'allStakRestTemplateInterceptor' of type [dev.allstak.spring.AllStakRestTemplateInterceptor] is not eligible for getting processed by all BeanPostProcessors (for example: not eligible for auto-proxying). Is this bean getting eagerly injected into a currently created BeanPostProcessor [allStakRestTemplatePostProcessor]? Check the corresponding BeanPostProcessor declaration and its dependencies.
2026-05-28T19:44:26.482+03:00  WARN 82760 --- [           main] trationDelegate$BeanPostProcessorChecker : Bean 'dev.allstak.spring.AllStakAutoConfiguration$SpringCacheAutoConfiguration' of type [dev.allstak.spring.AllStakAutoConfiguration$SpringCacheAutoConfiguration$$SpringCGLIB$$0] is not eligible for getting processed by all BeanPostProcessors (for example: not eligible for auto-proxying). The currently created BeanPostProcessor [allStakCacheDecorator] is declared through a non-static factory method on that class; consider declaring it as static instead.
2026-05-28T19:44:26.782+03:00  INFO 82760 --- [           main] o.s.b.w.embedded.tomcat.TomcatWebServer  : Tomcat initialized with port 0 (http)
2026-05-28T19:44:26.803+03:00  INFO 82760 --- [           main] o.apache.catalina.core.StandardService   : Starting service [Tomcat]
2026-05-28T19:44:26.804+03:00  INFO 82760 --- [           main] o.apache.catalina.core.StandardEngine    : Starting Servlet engine: [Apache Tomcat/10.1.19]
2026-05-28T19:44:26.931+03:00  INFO 82760 --- [           main] o.a.c.c.C.[Tomcat].[localhost].[/]       : Initializing Spring embedded WebApplicationContext
2026-05-28T19:44:26.931+03:00  INFO 82760 --- [           main] w.s.c.ServletWebServerApplicationContext : Root WebApplicationContext: initialization completed in 1400 ms
2026-05-28T19:44:26.975+03:00  INFO 82760 --- [           main] dev.allstak.sdk                          : [AllStak SDK DEBUG] AllStak wrapping DataSource bean '%s' (type=%s) for DB query capture
2026-05-28T19:44:26.987+03:00  INFO 82760 --- [           main] com.zaxxer.hikari.HikariDataSource       : HikariPool-1 - Starting...
2026-05-28T19:44:27.142+03:00  INFO 82760 --- [           main] com.zaxxer.hikari.pool.HikariPool        : HikariPool-1 - Added connection conn0: url=jdbc:h2:mem:ordersdb user=SA
2026-05-28T19:44:27.144+03:00  INFO 82760 --- [           main] com.zaxxer.hikari.HikariDataSource       : HikariPool-1 - Start completed.
2026-05-28T19:44:27.151+03:00  INFO 82760 --- [           main] o.s.b.a.h2.H2ConsoleAutoConfiguration    : H2 console available at '/h2-console'. Database available at 'jdbc:h2:mem:ordersdb'
2026-05-28T19:44:27.265+03:00  INFO 82760 --- [           main] o.hibernate.jpa.internal.util.LogHelper  : HHH000204: Processing PersistenceUnitInfo [name: default]
2026-05-28T19:44:27.321+03:00  INFO 82760 --- [           main] org.hibernate.Version                    : HHH000412: Hibernate ORM core version 6.4.4.Final
2026-05-28T19:44:27.373+03:00  INFO 82760 --- [           main] o.h.c.internal.RegionFactoryInitiator    : HHH000026: Second-level cache disabled
2026-05-28T19:44:27.564+03:00  INFO 82760 --- [           main] o.s.o.j.p.SpringPersistenceUnitInfo      : No LoadTimeWeaver setup: ignoring JPA class transformer
2026-05-28T19:44:28.353+03:00  INFO 82760 --- [           main] o.h.e.t.j.p.i.JtaPlatformInitiator       : HHH000489: No JTA platform available (set 'hibernate.transaction.jta.platform' to enable JTA platform integration)
2026-05-28T19:44:28.391+03:00  INFO 82760 --- [           main] j.LocalContainerEntityManagerFactoryBean : Initialized JPA EntityManagerFactory for persistence unit 'default'
2026-05-28T19:44:28.425+03:00  INFO 82760 --- [lush-db-queries] dev.allstak.sdk                          : [AllStak SDK DEBUG] Flushing 2 db-queries item(s)
2026-05-28T19:44:28.454+03:00  INFO 82760 --- [lush-db-queries] dev.allstak.sdk                          : [AllStak SDK DEBUG] Sending to http://localhost:53112/ingest/v1/db: event_bytes=1006
2026-05-28T19:44:28.568+03:00  INFO 82760 --- [           main] dev.allstak.sdk                          : [AllStak SDK DEBUG] AllStak wrapped @Scheduled methods on '%s'
2026-05-28T19:44:28.612+03:00  WARN 82760 --- [           main] JpaBaseConfiguration$JpaWebConfiguration : spring.jpa.open-in-view is enabled by default. Therefore, database queries may be performed during view rendering. Explicitly configure spring.jpa.open-in-view to disable this warning
2026-05-28T19:44:28.617+03:00  INFO 82760 --- [lush-db-queries] dev.allstak.sdk                          : [AllStak SDK DEBUG] Response from http://localhost:53112/ingest/v1/db: status=202 response_bytes=42
2026-05-28T19:44:28.803+03:00  INFO 82760 --- [           main] dev.allstak.sdk                          : [AllStak SDK DEBUG] AllStak Logback appender registered
2026-05-28T19:44:28.851+03:00  INFO 82760 --- [           main] o.a.c.c.C.[Tomcat].[localhost].[/]       : Initializing Spring TestDispatcherServlet ''
2026-05-28T19:44:28.853+03:00  INFO 82760 --- [           main] o.s.t.web.servlet.TestDispatcherServlet  : Initializing Servlet ''
2026-05-28T19:44:28.854+03:00  INFO 82760 --- [           main] o.s.t.web.servlet.TestDispatcherServlet  : Completed initialization in 1 ms
2026-05-28T19:44:28.877+03:00  INFO 82760 --- [           main] o.s.b.w.embedded.tomcat.TomcatWebServer  : Tomcat started on port 53114 (http) with context path ''
2026-05-28T19:44:28.883+03:00  INFO 82760 --- [           main] d.a.sample.SampleAppIntegrationTest      : Started SampleAppIntegrationTest in 3.581 seconds (process running for 5.265)
2026-05-28T19:44:28.923+03:00  INFO 82760 --- [stak-flush-logs] dev.allstak.sdk                          : [AllStak SDK DEBUG] Flushing 4 logs item(s)
2026-05-28T19:44:28.926+03:00  INFO 82760 --- [stak-flush-logs] dev.allstak.sdk                          : [AllStak SDK DEBUG] Sending to http://localhost:53112/ingest/v1/logs: event_bytes=244
2026-05-28T19:44:28.930+03:00  INFO 82760 --- [stak-flush-logs] dev.allstak.sdk                          : [AllStak SDK DEBUG] Response from http://localhost:53112/ingest/v1/logs: status=202 response_bytes=42
2026-05-28T19:44:28.930+03:00  INFO 82760 --- [stak-flush-logs] dev.allstak.sdk                          : [AllStak SDK DEBUG] Sending to http://localhost:53112/ingest/v1/logs: event_bytes=223
2026-05-28T19:44:28.933+03:00  INFO 82760 --- [stak-flush-logs] dev.allstak.sdk                          : [AllStak SDK DEBUG] Response from http://localhost:53112/ingest/v1/logs: status=202 response_bytes=42
2026-05-28T19:44:28.934+03:00  INFO 82760 --- [stak-flush-logs] dev.allstak.sdk                          : [AllStak SDK DEBUG] Sending to http://localhost:53112/ingest/v1/logs: event_bytes=232
2026-05-28T19:44:28.936+03:00  INFO 82760 --- [stak-flush-logs] dev.allstak.sdk                          : [AllStak SDK DEBUG] Response from http://localhost:53112/ingest/v1/logs: status=202 response_bytes=42
2026-05-28T19:44:28.936+03:00  INFO 82760 --- [stak-flush-logs] dev.allstak.sdk                          : [AllStak SDK DEBUG] Sending to http://localhost:53112/ingest/v1/logs: event_bytes=256
2026-05-28T19:44:28.938+03:00  INFO 82760 --- [stak-flush-logs] dev.allstak.sdk                          : [AllStak SDK DEBUG] Response from http://localhost:53112/ingest/v1/logs: status=202 response_bytes=42
2026-05-28T19:44:30.131+03:00  INFO 82760 --- [           main] dev.allstak.sdk                          : [AllStak SDK DEBUG] Sending to http://localhost:53112/ingest/v1/spans: event_bytes=472
2026-05-28T19:44:30.138+03:00  INFO 82760 --- [           main] dev.allstak.sdk                          : [AllStak SDK DEBUG] Response from http://localhost:53112/ingest/v1/spans: status=202 response_bytes=42
]]></system-out>
    <system-err><![CDATA[WARNING: A Java agent has been loaded dynamically (/Users/irovler/.m2/repository/net/bytebuddy/byte-buddy-agent/1.14.12/byte-buddy-agent-1.14.12.jar)
WARNING: If a serviceability tool is in use, please run with -XX:+EnableDynamicAgentLoading to hide this warning
WARNING: If a serviceability tool is not in use, please run with -Djdk.instrument.traceUsage for more information
WARNING: Dynamic loading of agents will be disallowed by default in a future release
]]></system-err>
  </testcase>
  <testcase name="manualErrorCapture_sendsToBackend" classname="dev.allstak.sample.SampleAppIntegrationTest" time="0.169">
    <system-out><![CDATA[2026-05-28T19:44:30.221+03:00  INFO 82760 --- [           main] dev.allstak.sdk                          : [AllStak SDK DEBUG] Sending to http://localhost:53112/ingest/v1/errors: event_bytes=32171
2026-05-28T19:44:30.227+03:00  INFO 82760 --- [           main] dev.allstak.sdk                          : [AllStak SDK DEBUG] Response from http://localhost:53112/ingest/v1/errors: status=202 response_bytes=42
2026-05-28T19:44:30.231+03:00  INFO 82760 --- [           main] dev.allstak.sdk                          : [AllStak SDK DEBUG] Sending to http://localhost:53112/ingest/v1/spans: event_bytes=496
2026-05-28T19:44:30.236+03:00  INFO 82760 --- [           main] dev.allstak.sdk                          : [AllStak SDK DEBUG] Response from http://localhost:53112/ingest/v1/spans: status=202 response_bytes=42
]]></system-out>
  </testcase>
  <testcase name="logCapture_sendsBufferedLogs" classname="dev.allstak.sample.SampleAppIntegrationTest" time="0.13">
    <system-out><![CDATA[2026-05-28T19:44:30.392+03:00  INFO 82760 --- [           main] dev.allstak.sdk                          : [AllStak SDK DEBUG] Sending to http://localhost:53112/ingest/v1/spans: event_bytes=490
2026-05-28T19:44:30.394+03:00  INFO 82760 --- [           main] dev.allstak.sdk                          : [AllStak SDK DEBUG] Response from http://localhost:53112/ingest/v1/spans: status=202 response_bytes=42
2026-05-28T19:44:30.419+03:00  INFO 82760 --- [stak-flush-logs] dev.allstak.sdk                          : [AllStak SDK DEBUG] Flushing 1 logs item(s)
2026-05-28T19:44:30.419+03:00  INFO 82760 --- [stak-flush-logs] dev.allstak.sdk                          : [AllStak SDK DEBUG] Sending to http://localhost:53112/ingest/v1/logs: event_bytes=247
2026-05-28T19:44:30.423+03:00  INFO 82760 --- [stak-flush-logs] dev.allstak.sdk                          : [AllStak SDK DEBUG] Response from http://localhost:53112/ingest/v1/logs: status=202 response_bytes=42
2026-05-28T19:44:30.423+03:00  INFO 82760 --- [h-http-requests] dev.allstak.sdk                          : [AllStak SDK DEBUG] Flushing 3 http-requests item(s)
2026-05-28T19:44:30.446+03:00  INFO 82760 --- [h-http-requests] dev.allstak.sdk                          : [AllStak SDK DEBUG] Sending to http://localhost:53112/ingest/v1/http-requests: event_bytes=3743
2026-05-28T19:44:30.450+03:00  INFO 82760 --- [h-http-requests] dev.allstak.sdk                          : [AllStak SDK DEBUG] Response from http://localhost:53112/ingest/v1/http-requests: status=202 response_bytes=42
]]></system-out>
  </testcase>
  <testcase name="logCapture_sensitiveMetadataMasked" classname="dev.allstak.sample.SampleAppIntegrationTest" time="0.44">
    <system-out><![CDATA[2026-05-28T19:44:30.507+03:00  INFO 82760 --- [           main] dev.allstak.sdk                          : [AllStak SDK DEBUG] Sending to http://localhost:53112/ingest/v1/spans: event_bytes=531
2026-05-28T19:44:30.511+03:00  INFO 82760 --- [           main] dev.allstak.sdk                          : [AllStak SDK DEBUG] Response from http://localhost:53112/ingest/v1/spans: status=202 response_bytes=42
2026-05-28T19:44:30.922+03:00  INFO 82760 --- [stak-flush-logs] dev.allstak.sdk                          : [AllStak SDK DEBUG] Flushing 1 logs item(s)
2026-05-28T19:44:30.925+03:00  INFO 82760 --- [h-http-requests] dev.allstak.sdk                          : [AllStak SDK DEBUG] Flushing 1 http-requests item(s)
2026-05-28T19:44:30.925+03:00  INFO 82760 --- [stak-flush-logs] dev.allstak.sdk                          : [AllStak SDK DEBUG] Sending to http://localhost:53112/ingest/v1/logs: event_bytes=314
2026-05-28T19:44:30.925+03:00  INFO 82760 --- [h-http-requests] dev.allstak.sdk                          : [AllStak SDK DEBUG] Sending to http://localhost:53112/ingest/v1/http-requests: event_bytes=1352
2026-05-28T19:44:30.930+03:00  INFO 82760 --- [stak-flush-logs] dev.allstak.sdk                          : [AllStak SDK DEBUG] Response from http://localhost:53112/ingest/v1/logs: status=202 response_bytes=42
2026-05-28T19:44:30.930+03:00  INFO 82760 --- [h-http-requests] dev.allstak.sdk                          : [AllStak SDK DEBUG] Response from http://localhost:53112/ingest/v1/http-requests: status=202 response_bytes=42
]]></system-out>
  </testcase>
  <testcase name="servletFilter_capturesInboundRequests" classname="dev.allstak.sample.SampleAppIntegrationTest" time="0.545">
    <system-out><![CDATA[2026-05-28T19:44:30.952+03:00  INFO 82760 --- [           main] dev.allstak.sdk                          : [AllStak SDK DEBUG] Sending to http://localhost:53112/ingest/v1/spans: event_bytes=471
2026-05-28T19:44:30.962+03:00  INFO 82760 --- [           main] dev.allstak.sdk                          : [AllStak SDK DEBUG] Response from http://localhost:53112/ingest/v1/spans: status=202 response_bytes=42
2026-05-28T19:44:31.425+03:00  INFO 82760 --- [h-http-requests] dev.allstak.sdk                          : [AllStak SDK DEBUG] Flushing 1 http-requests item(s)
2026-05-28T19:44:31.425+03:00  INFO 82760 --- [h-http-requests] dev.allstak.sdk                          : [AllStak SDK DEBUG] Sending to http://localhost:53112/ingest/v1/http-requests: event_bytes=1257
2026-05-28T19:44:31.428+03:00  INFO 82760 --- [h-http-requests] dev.allstak.sdk                          : [AllStak SDK DEBUG] Response from http://localhost:53112/ingest/v1/http-requests: status=202 response_bytes=42
]]></system-out>
  </testcase>
  <testcase name="cronJobMonitoring_successScenario" classname="dev.allstak.sample.SampleAppIntegrationTest" time="0.268">
    <system-out><![CDATA[2026-05-28T19:44:31.596+03:00  INFO 82760 --- [           main] dev.allstak.sdk                          : [AllStak SDK DEBUG] Sending to http://localhost:53112/ingest/v1/heartbeat: event_bytes=164
2026-05-28T19:44:31.643+03:00  INFO 82760 --- [           main] dev.allstak.sdk                          : [AllStak SDK DEBUG] Response from http://localhost:53112/ingest/v1/heartbeat: status=202 response_bytes=42
2026-05-28T19:44:31.645+03:00  INFO 82760 --- [           main] dev.allstak.sdk                          : [AllStak SDK DEBUG] Sending to http://localhost:53112/ingest/v1/spans: event_bytes=482
2026-05-28T19:44:31.648+03:00  INFO 82760 --- [           main] dev.allstak.sdk                          : [AllStak SDK DEBUG] Response from http://localhost:53112/ingest/v1/spans: status=202 response_bytes=42
]]></system-out>
  </testcase>
  <testcase name="cronJobMonitoring_failedScenario" classname="dev.allstak.sample.SampleAppIntegrationTest" time="0.214">
    <system-out><![CDATA[2026-05-28T19:44:31.861+03:00  INFO 82760 --- [           main] dev.allstak.sdk                          : [AllStak SDK DEBUG] Sending to http://localhost:53112/ingest/v1/heartbeat: event_bytes=154
2026-05-28T19:44:31.864+03:00  INFO 82760 --- [           main] dev.allstak.sdk                          : [AllStak SDK DEBUG] Response from http://localhost:53112/ingest/v1/heartbeat: status=202 response_bytes=42
2026-05-28T19:44:31.866+03:00  INFO 82760 --- [           main] dev.allstak.sdk                          : [AllStak SDK DEBUG] Sending to http://localhost:53112/ingest/v1/spans: event_bytes=482
2026-05-28T19:44:31.868+03:00  INFO 82760 --- [           main] dev.allstak.sdk                          : [AllStak SDK DEBUG] Response from http://localhost:53112/ingest/v1/spans: status=202 response_bytes=42
2026-05-28T19:44:31.924+03:00  INFO 82760 --- [h-http-requests] dev.allstak.sdk                          : [AllStak SDK DEBUG] Flushing 2 http-requests item(s)
2026-05-28T19:44:31.924+03:00  INFO 82760 --- [h-http-requests] dev.allstak.sdk                          : [AllStak SDK DEBUG] Sending to http://localhost:53112/ingest/v1/http-requests: event_bytes=2574
2026-05-28T19:44:31.927+03:00  INFO 82760 --- [h-http-requests] dev.allstak.sdk                          : [AllStak SDK DEBUG] Response from http://localhost:53112/ingest/v1/http-requests: status=202 response_bytes=42
]]></system-out>
  </testcase>
  <testcase name="servletFilter_capturesInboundBodiesWithRedaction" classname="dev.allstak.sample.SampleAppIntegrationTest" time="0.532">
    <system-out><![CDATA[2026-05-28T19:44:31.982+03:00  INFO 82760 --- [           main] dev.allstak.sdk                          : [AllStak SDK DEBUG] Sending to http://localhost:53112/ingest/v1/spans: event_bytes=468
2026-05-28T19:44:31.984+03:00  INFO 82760 --- [           main] dev.allstak.sdk                          : [AllStak SDK DEBUG] Response from http://localhost:53112/ingest/v1/spans: status=202 response_bytes=42
2026-05-28T19:44:32.425+03:00  INFO 82760 --- [h-http-requests] dev.allstak.sdk                          : [AllStak SDK DEBUG] Flushing 1 http-requests item(s)
2026-05-28T19:44:32.426+03:00  INFO 82760 --- [h-http-requests] dev.allstak.sdk                          : [AllStak SDK DEBUG] Sending to http://localhost:53112/ingest/v1/http-requests: event_bytes=1447
2026-05-28T19:44:32.429+03:00  INFO 82760 --- [h-http-requests] dev.allstak.sdk                          : [AllStak SDK DEBUG] Response from http://localhost:53112/ingest/v1/http-requests: status=202 response_bytes=42
]]></system-out>
  </testcase>
  <testcase name="globalExceptionHandler_capturesUnhandledExceptions" classname="dev.allstak.sample.SampleAppIntegrationTest" time="0.18">
    <system-out><![CDATA[2026-05-28T19:44:32.547+03:00  INFO 82760 --- [           main] dev.allstak.sdk                          : [AllStak SDK DEBUG] Sending to http://localhost:53112/ingest/v1/errors: event_bytes=35633
2026-05-28T19:44:32.558+03:00  INFO 82760 --- [           main] dev.allstak.sdk                          : [AllStak SDK DEBUG] Response from http://localhost:53112/ingest/v1/errors: status=202 response_bytes=42
2026-05-28T19:44:32.570+03:00  INFO 82760 --- [           main] dev.allstak.sdk                          : [AllStak SDK DEBUG] Sending to http://localhost:53112/ingest/v1/spans: event_bytes=502
2026-05-28T19:44:32.574+03:00  INFO 82760 --- [           main] dev.allstak.sdk                          : [AllStak SDK DEBUG] Response from http://localhost:53112/ingest/v1/spans: status=202 response_bytes=42
]]></system-out>
  </testcase>
  <testcase name="flushEndpoint_triggersImmediateFlush" classname="dev.allstak.sample.SampleAppIntegrationTest" time="0.122">
    <system-out><![CDATA[2026-05-28T19:44:32.691+03:00  INFO 82760 --- [           main] dev.allstak.sdk                          : [AllStak SDK DEBUG] Sending to http://localhost:53112/ingest/v1/spans: event_bytes=489
2026-05-28T19:44:32.695+03:00  INFO 82760 --- [           main] dev.allstak.sdk                          : [AllStak SDK DEBUG] Response from http://localhost:53112/ingest/v1/spans: status=202 response_bytes=42
2026-05-28T19:44:32.697+03:00  INFO 82760 --- [           main] dev.allstak.sdk                          : [AllStak SDK DEBUG] Flushing 1 logs item(s)
2026-05-28T19:44:32.697+03:00  INFO 82760 --- [           main] dev.allstak.sdk                          : [AllStak SDK DEBUG] Sending to http://localhost:53112/ingest/v1/logs: event_bytes=244
2026-05-28T19:44:32.700+03:00  INFO 82760 --- [           main] dev.allstak.sdk                          : [AllStak SDK DEBUG] Response from http://localhost:53112/ingest/v1/logs: status=202 response_bytes=42
2026-05-28T19:44:32.700+03:00  INFO 82760 --- [           main] dev.allstak.sdk                          : [AllStak SDK DEBUG] Flushing 2 http-requests item(s)
2026-05-28T19:44:32.700+03:00  INFO 82760 --- [           main] dev.allstak.sdk                          : [AllStak SDK DEBUG] Sending to http://localhost:53112/ingest/v1/http-requests: event_bytes=2625
2026-05-28T19:44:32.702+03:00  INFO 82760 --- [           main] dev.allstak.sdk                          : [AllStak SDK DEBUG] Response from http://localhost:53112/ingest/v1/http-requests: status=202 response_bytes=42
2026-05-28T19:44:32.703+03:00  INFO 82760 --- [           main] dev.allstak.sdk                          : [AllStak SDK DEBUG] Sending to http://localhost:53112/ingest/v1/spans: event_bytes=471
2026-05-28T19:44:32.704+03:00  INFO 82760 --- [           main] dev.allstak.sdk                          : [AllStak SDK DEBUG] Response from http://localhost:53112/ingest/v1/spans: status=202 response_bytes=42
]]></system-out>
  </testcase>
</testsuite>