<?xml version="1.0" encoding="UTF-8"?>
<testsuite xmlns:xsi="http://www.w3.org/2001/XMLSchema-instance" xsi:noNamespaceSchemaLocation="https://maven.apache.org/surefire/maven-surefire-plugin/xsd/surefire-test-report-3.0.xsd" version="3.0" name="dev.allstak.AllStakClientIntegrationTest" time="1.27" tests="16" errors="0" skipped="0" failures="0">
  <properties>
[...]
</properties>
  <testcase name="captureHttpRequest_bufferedAndFlushedInBatch" classname="dev.allstak.AllStakClientIntegrationTest" time="0.539">
    <system-out><![CDATA[19:18:08.210 [main] INFO dev.allstak.sdk -- [AllStak SDK DEBUG] Flush worker started for 'logs' with 500ms interval
19:18:08.210 [main] INFO dev.allstak.sdk -- [AllStak SDK DEBUG] Flush worker started for 'http-requests' with 500ms interval
19:18:08.210 [main] INFO dev.allstak.sdk -- [AllStak SDK DEBUG] Flush worker started for 'db-queries' with 500ms interval
19:18:08.210 [main] INFO dev.allstak.sdk -- [AllStak SDK DEBUG] Global uncaught exception handler installed
19:18:08.211 [main] INFO dev.allstak.sdk -- [AllStak SDK DEBUG] AllStak SDK initialized — host=https://api.allstak.sa, env=test, release=v0.0.1-test
19:18:08.710 [allstak-flush-http-requests] INFO dev.allstak.sdk -- [AllStak SDK DEBUG] Flushing 1 http-requests item(s)
19:18:08.713 [allstak-flush-http-requests] INFO dev.allstak.sdk -- [AllStak SDK DEBUG] Sending to http://localhost:51134/ingest/v1/http-requests: event_bytes=261
19:18:08.717 [allstak-flush-http-requests] INFO dev.allstak.sdk -- [AllStak SDK DEBUG] Response from http://localhost:51134/ingest/v1/http-requests: status=202 response_bytes=37
19:18:08.747 [main] INFO dev.allstak.sdk -- [AllStak SDK DEBUG] AllStak SDK shutting down...
19:18:08.747 [main] INFO dev.allstak.sdk -- [AllStak SDK DEBUG] Global uncaught exception handler uninstalled
19:18:08.747 [main] INFO dev.allstak.sdk -- [AllStak SDK DEBUG] Flush worker 'logs' shut down
19:18:08.748 [main] INFO dev.allstak.sdk -- [AllStak SDK DEBUG] Flush worker 'http-requests' shut down
19:18:08.748 [main] INFO dev.allstak.sdk -- [AllStak SDK DEBUG] Flush worker 'db-queries' shut down
19:18:08.748 [main] INFO dev.allstak.sdk -- [AllStak SDK DEBUG] AllStak SDK shut down complete
]]></system-out>
  </testcase>
  <testcase name="captureLog_sensitiveMetadataMasked" classname="dev.allstak.AllStakClientIntegrationTest" time="0.01">
    <system-out><![CDATA[19:18:08.750 [main] INFO dev.allstak.sdk -- [AllStak SDK DEBUG] Flush worker started for 'logs' with 500ms interval
19:18:08.750 [main] INFO dev.allstak.sdk -- [AllStak SDK DEBUG] Flush worker started for 'http-requests' with 500ms interval
19:18:08.751 [main] INFO dev.allstak.sdk -- [AllStak SDK DEBUG] Flush worker started for 'db-queries' with 500ms interval
19:18:08.751 [main] INFO dev.allstak.sdk -- [AllStak SDK DEBUG] Global uncaught exception handler installed
19:18:08.751 [main] INFO dev.allstak.sdk -- [AllStak SDK DEBUG] AllStak SDK initialized — host=https://api.allstak.sa, env=test, release=v0.0.1-test
19:18:08.751 [main] INFO dev.allstak.sdk -- [AllStak SDK DEBUG] Flushing 1 logs item(s)
19:18:08.752 [main] INFO dev.allstak.sdk -- [AllStak SDK DEBUG] Sending to http://localhost:51134/ingest/v1/logs: event_bytes=213
19:18:08.757 [main] INFO dev.allstak.sdk -- [AllStak SDK DEBUG] Response from http://localhost:51134/ingest/v1/logs: status=202 response_bytes=37
19:18:08.758 [main] INFO dev.allstak.sdk -- [AllStak SDK DEBUG] AllStak SDK shutting down...
19:18:08.758 [main] INFO dev.allstak.sdk -- [AllStak SDK DEBUG] Global uncaught exception handler uninstalled
19:18:08.758 [main] INFO dev.allstak.sdk -- [AllStak SDK DEBUG] Flush worker 'logs' shut down
19:18:08.759 [main] INFO dev.allstak.sdk -- [AllStak SDK DEBUG] Flush worker 'http-requests' shut down
19:18:08.759 [main] INFO dev.allstak.sdk -- [AllStak SDK DEBUG] Flush worker 'db-queries' shut down
19:18:08.759 [main] INFO dev.allstak.sdk -- [AllStak SDK DEBUG] AllStak SDK shut down complete
]]></system-out>
  </testcase>
  <testcase name="shutdown_drainsBuffers" classname="dev.allstak.AllStakClientIntegrationTest" time="0.044">
    <system-out><![CDATA[19:18:08.764 [main] INFO dev.allstak.sdk -- [AllStak SDK DEBUG] Flush worker started for 'logs' with 500ms interval
19:18:08.765 [main] INFO dev.allstak.sdk -- [AllStak SDK DEBUG] Flush worker started for 'http-requests' with 500ms interval
19:18:08.774 [main] INFO dev.allstak.sdk -- [AllStak SDK DEBUG] Flush worker started for 'db-queries' with 500ms interval
19:18:08.774 [main] INFO dev.allstak.sdk -- [AllStak SDK DEBUG] Global uncaught exception handler installed
19:18:08.774 [main] INFO dev.allstak.sdk -- [AllStak SDK DEBUG] AllStak SDK initialized — host=https://api.allstak.sa, env=test, release=v0.0.1-test
19:18:08.775 [main] INFO dev.allstak.sdk -- [AllStak SDK DEBUG] AllStak SDK shutting down...
19:18:08.775 [main] INFO dev.allstak.sdk -- [AllStak SDK DEBUG] Global uncaught exception handler uninstalled
19:18:08.778 [allstak-flush-logs] INFO dev.allstak.sdk -- [AllStak SDK DEBUG] Flushing 1 logs item(s)
19:18:08.788 [allstak-flush-logs] INFO dev.allstak.sdk -- [AllStak SDK DEBUG] Sending to http://localhost:51134/ingest/v1/logs: event_bytes=193
19:18:08.799 [allstak-flush-logs] INFO dev.allstak.sdk -- [AllStak SDK DEBUG] Response from http://localhost:51134/ingest/v1/logs: status=202 response_bytes=37
19:18:08.802 [main] INFO dev.allstak.sdk -- [AllStak SDK DEBUG] Flush worker 'logs' shut down
19:18:08.802 [main] INFO dev.allstak.sdk -- [AllStak SDK DEBUG] Flush worker 'http-requests' shut down
19:18:08.802 [main] INFO dev.allstak.sdk -- [AllStak SDK DEBUG] Flush worker 'db-queries' shut down
19:18:08.802 [main] INFO dev.allstak.sdk -- [AllStak SDK DEBUG] AllStak SDK shut down complete
]]></system-out>
  </testcase>
  <testcase name="captureHttpRequest_queryParamsStripped" classname="dev.allstak.AllStakClientIntegrationTest" time="0.013">
    <system-out><![CDATA[19:18:08.805 [main] INFO dev.allstak.sdk -- [AllStak SDK DEBUG] Flush worker started for 'logs' with 500ms interval
19:18:08.805 [main] INFO dev.allstak.sdk -- [AllStak SDK DEBUG] Flush worker started for 'http-requests' with 500ms interval
19:18:08.806 [main] INFO dev.allstak.sdk -- [AllStak SDK DEBUG] Flush worker started for 'db-queries' with 500ms interval
19:18:08.806 [main] INFO dev.allstak.sdk -- [AllStak SDK DEBUG] Global uncaught exception handler installed
19:18:08.806 [main] INFO dev.allstak.sdk -- [AllStak SDK DEBUG] AllStak SDK initialized — host=https://api.allstak.sa, env=test, release=v0.0.1-test
19:18:08.806 [main] INFO dev.allstak.sdk -- [AllStak SDK DEBUG] Flushing 1 http-requests item(s)
19:18:08.808 [main] INFO dev.allstak.sdk -- [AllStak SDK DEBUG] Sending to http://localhost:51134/ingest/v1/http-requests: event_bytes=263
19:18:08.814 [main] INFO dev.allstak.sdk -- [AllStak SDK DEBUG] Response from http://localhost:51134/ingest/v1/http-requests: status=202 response_bytes=37
19:18:08.815 [main] INFO dev.allstak.sdk -- [AllStak SDK DEBUG] AllStak SDK shutting down...
19:18:08.815 [main] INFO dev.allstak.sdk -- [AllStak SDK DEBUG] Global uncaught exception handler uninstalled
19:18:08.815 [main] INFO dev.allstak.sdk -- [AllStak SDK DEBUG] Flush worker 'logs' shut down
19:18:08.816 [main] INFO dev.allstak.sdk -- [AllStak SDK DEBUG] Flush worker 'http-requests' shut down
19:18:08.816 [main] INFO dev.allstak.sdk -- [AllStak SDK DEBUG] Flush worker 'db-queries' shut down
19:18:08.816 [main] INFO dev.allstak.sdk -- [AllStak SDK DEBUG] AllStak SDK shut down complete
]]></system-out>
  </testcase>
  <testcase name="captureLog_invalidLevelDropped" classname="dev.allstak.AllStakClientIntegrationTest" time="0.003">
    <system-out><![CDATA[19:18:08.817 [main] INFO dev.allstak.sdk -- [AllStak SDK DEBUG] Flush worker started for 'logs' with 500ms interval
19:18:08.817 [main] INFO dev.allstak.sdk -- [AllStak SDK DEBUG] Flush worker started for 'http-requests' with 500ms interval
19:18:08.817 [main] INFO dev.allstak.sdk -- [AllStak SDK DEBUG] Flush worker started for 'db-queries' with 500ms interval
19:18:08.817 [main] INFO dev.allstak.sdk -- [AllStak SDK DEBUG] Global uncaught exception handler installed
19:18:08.818 [main] INFO dev.allstak.sdk -- [AllStak SDK DEBUG] AllStak SDK initialized — host=https://api.allstak.sa, env=test, release=v0.0.1-test
19:18:08.818 [main] INFO dev.allstak.sdk -- [AllStak SDK DEBUG] Invalid log level 'invalid_level' — dropping log
19:18:08.818 [main] INFO dev.allstak.sdk -- [AllStak SDK DEBUG] AllStak SDK shutting down...
19:18:08.818 [main] INFO dev.allstak.sdk -- [AllStak SDK DEBUG] Global uncaught exception handler uninstalled
19:18:08.818 [main] INFO dev.allstak.sdk -- [AllStak SDK DEBUG] Flush worker 'logs' shut down
19:18:08.818 [main] INFO dev.allstak.sdk -- [AllStak SDK DEBUG] Flush worker 'http-requests' shut down
19:18:08.818 [main] INFO dev.allstak.sdk -- [AllStak SDK DEBUG] Flush worker 'db-queries' shut down
19:18:08.818 [main] INFO dev.allstak.sdk -- [AllStak SDK DEBUG] AllStak SDK shut down complete
]]></system-out>
  </testcase>
  <testcase name="captureLog_bufferedAndFlushed" classname="dev.allstak.AllStakClientIntegrationTest" time="0.52">
    <system-out><![CDATA[19:18:08.820 [main] INFO dev.allstak.sdk -- [AllStak SDK DEBUG] Flush worker started for 'logs' with 500ms interval
19:18:08.820 [main] INFO dev.allstak.sdk -- [AllStak SDK DEBUG] Flush worker started for 'http-requests' with 500ms interval
19:18:08.820 [main] INFO dev.allstak.sdk -- [AllStak SDK DEBUG] Flush worker started for 'db-queries' with 500ms interval
19:18:08.820 [main] INFO dev.allstak.sdk -- [AllStak SDK DEBUG] Global uncaught exception handler installed
19:18:08.820 [main] INFO dev.allstak.sdk -- [AllStak SDK DEBUG] AllStak SDK initialized — host=https://api.allstak.sa, env=test, release=v0.0.1-test
19:18:09.321 [allstak-flush-logs] INFO dev.allstak.sdk -- [AllStak SDK DEBUG] Flushing 1 logs item(s)
19:18:09.322 [allstak-flush-logs] INFO dev.allstak.sdk -- [AllStak SDK DEBUG] Sending to http://localhost:51134/ingest/v1/logs: event_bytes=210
19:18:09.327 [allstak-flush-logs] INFO dev.allstak.sdk -- [AllStak SDK DEBUG] Response from http://localhost:51134/ingest/v1/logs: status=202 response_bytes=37
19:18:09.338 [main] INFO dev.allstak.sdk -- [AllStak SDK DEBUG] AllStak SDK shutting down...
19:18:09.338 [main] INFO dev.allstak.sdk -- [AllStak SDK DEBUG] Global uncaught exception handler uninstalled
19:18:09.339 [main] INFO dev.allstak.sdk -- [AllStak SDK DEBUG] Flush worker 'logs' shut down
19:18:09.339 [main] INFO dev.allstak.sdk -- [AllStak SDK DEBUG] Flush worker 'http-requests' shut down
19:18:09.339 [main] INFO dev.allstak.sdk -- [AllStak SDK DEBUG] Flush worker 'db-queries' shut down
19:18:09.339 [main] INFO dev.allstak.sdk -- [AllStak SDK DEBUG] AllStak SDK shut down complete
]]></system-out>
  </testcase>
  <testcase name="flush_sendsBufferedItems" classname="dev.allstak.AllStakClientIntegrationTest" time="0.013">
    <system-out><![CDATA[19:18:09.341 [main] INFO dev.allstak.sdk -- [AllStak SDK DEBUG] Flush worker started for 'logs' with 500ms interval
19:18:09.341 [main] INFO dev.allstak.sdk -- [AllStak SDK DEBUG] Flush worker started for 'http-requests' with 500ms interval
19:18:09.341 [main] INFO dev.allstak.sdk -- [AllStak SDK DEBUG] Flush worker started for 'db-queries' with 500ms interval
19:18:09.341 [main] INFO dev.allstak.sdk -- [AllStak SDK DEBUG] Global uncaught exception handler installed
19:18:09.341 [main] INFO dev.allstak.sdk -- [AllStak SDK DEBUG] AllStak SDK initialized — host=https://api.allstak.sa, env=test, release=v0.0.1-test
19:18:09.342 [main] INFO dev.allstak.sdk -- [AllStak SDK DEBUG] Flushing 3 logs item(s)
19:18:09.343 [main] INFO dev.allstak.sdk -- [AllStak SDK DEBUG] Sending to http://localhost:51134/ingest/v1/logs: event_bytes=181
19:18:09.346 [main] INFO dev.allstak.sdk -- [AllStak SDK DEBUG] Response from http://localhost:51134/ingest/v1/logs: status=202 response_bytes=37
19:18:09.346 [main] INFO dev.allstak.sdk -- [AllStak SDK DEBUG] Sending to http://localhost:51134/ingest/v1/logs: event_bytes=181
19:18:09.349 [main] INFO dev.allstak.sdk -- [AllStak SDK DEBUG] Response from http://localhost:51134/ingest/v1/logs: status=202 response_bytes=37
19:18:09.349 [main] INFO dev.allstak.sdk -- [AllStak SDK DEBUG] Sending to http://localhost:51134/ingest/v1/logs: event_bytes=182
19:18:09.352 [main] INFO dev.allstak.sdk -- [AllStak SDK DEBUG] Response from http://localhost:51134/ingest/v1/logs: status=202 response_bytes=37
19:18:09.352 [main] INFO dev.allstak.sdk -- [AllStak SDK DEBUG] AllStak SDK shutting down...
19:18:09.352 [main] INFO dev.allstak.sdk -- [AllStak SDK DEBUG] Global uncaught exception handler uninstalled
19:18:09.352 [main] INFO dev.allstak.sdk -- [AllStak SDK DEBUG] Flush worker 'logs' shut down
19:18:09.353 [main] INFO dev.allstak.sdk -- [AllStak SDK DEBUG] Flush worker 'http-requests' shut down
19:18:09.353 [main] INFO dev.allstak.sdk -- [AllStak SDK DEBUG] Flush worker 'db-queries' shut down
19:18:09.353 [main] INFO dev.allstak.sdk -- [AllStak SDK DEBUG] AllStak SDK shut down complete
]]></system-out>
  </testcase>
  <testcase name="captureException_withMetadataAndUserContext" classname="dev.allstak.AllStakClientIntegrationTest" time="0.009">
    <system-out><![CDATA[19:18:09.355 [main] INFO dev.allstak.sdk -- [AllStak SDK DEBUG] Flush worker started for 'logs' with 500ms interval
19:18:09.355 [main] INFO dev.allstak.sdk -- [AllStak SDK DEBUG] Flush worker started for 'http-requests' with 500ms interval
19:18:09.355 [main] INFO dev.allstak.sdk -- [AllStak SDK DEBUG] Flush worker started for 'db-queries' with 500ms interval
19:18:09.355 [main] INFO dev.allstak.sdk -- [AllStak SDK DEBUG] Global uncaught exception handler installed
19:18:09.355 [main] INFO dev.allstak.sdk -- [AllStak SDK DEBUG] AllStak SDK initialized — host=https://api.allstak.sa, env=test, release=v0.0.1-test
19:18:09.359 [main] INFO dev.allstak.sdk -- [AllStak SDK DEBUG] Sending to http://localhost:51134/ingest/v1/errors: event_bytes=22390
19:18:09.362 [main] INFO dev.allstak.sdk -- [AllStak SDK DEBUG] Response from http://localhost:51134/ingest/v1/errors: status=202 response_bytes=37
19:18:09.363 [main] INFO dev.allstak.sdk -- [AllStak SDK DEBUG] AllStak SDK shutting down...
19:18:09.363 [main] INFO dev.allstak.sdk -- [AllStak SDK DEBUG] Global uncaught exception handler uninstalled
19:18:09.363 [main] INFO dev.allstak.sdk -- [AllStak SDK DEBUG] Flush worker 'logs' shut down
19:18:09.363 [main] INFO dev.allstak.sdk -- [AllStak SDK DEBUG] Flush worker 'http-requests' shut down
19:18:09.363 [main] INFO dev.allstak.sdk -- [AllStak SDK DEBUG] Flush worker 'db-queries' shut down
19:18:09.363 [main] INFO dev.allstak.sdk -- [AllStak SDK DEBUG] AllStak SDK shut down complete
]]></system-out>
  </testcase>
  <testcase name="cronJobMonitoring_failedFlow" classname="dev.allstak.AllStakClientIntegrationTest" time="0.005">
    <system-out><![CDATA[19:18:09.365 [main] INFO dev.allstak.sdk -- [AllStak SDK DEBUG] Flush worker started for 'logs' with 500ms interval
19:18:09.365 [main] INFO dev.allstak.sdk -- [AllStak SDK DEBUG] Flush worker started for 'http-requests' with 500ms interval
19:18:09.365 [main] INFO dev.allstak.sdk -- [AllStak SDK DEBUG] Flush worker started for 'db-queries' with 500ms interval
19:18:09.365 [main] INFO dev.allstak.sdk -- [AllStak SDK DEBUG] Global uncaught exception handler installed
19:18:09.365 [main] INFO dev.allstak.sdk -- [AllStak SDK DEBUG] AllStak SDK initialized — host=https://api.allstak.sa, env=test, release=v0.0.1-test
19:18:09.366 [main] INFO dev.allstak.sdk -- [AllStak SDK DEBUG] Sending to http://localhost:51134/ingest/v1/heartbeat: event_bytes=135
19:18:09.368 [main] INFO dev.allstak.sdk -- [AllStak SDK DEBUG] Response from http://localhost:51134/ingest/v1/heartbeat: status=202 response_bytes=37
19:18:09.369 [main] INFO dev.allstak.sdk -- [AllStak SDK DEBUG] AllStak SDK shutting down...
19:18:09.369 [main] INFO dev.allstak.sdk -- [AllStak SDK DEBUG] Global uncaught exception handler uninstalled
19:18:09.369 [main] INFO dev.allstak.sdk -- [AllStak SDK DEBUG] Flush worker 'logs' shut down
19:18:09.369 [main] INFO dev.allstak.sdk -- [AllStak SDK DEBUG] Flush worker 'http-requests' shut down
19:18:09.369 [main] INFO dev.allstak.sdk -- [AllStak SDK DEBUG] Flush worker 'db-queries' shut down
19:18:09.369 [main] INFO dev.allstak.sdk -- [AllStak SDK DEBUG] AllStak SDK shut down complete
]]></system-out>
  </testcase>
  <testcase name="captureException_stackTraceExtracted" classname="dev.allstak.AllStakClientIntegrationTest" time="0.008">
    <system-out><![CDATA[19:18:09.370 [main] INFO dev.allstak.sdk -- [AllStak SDK DEBUG] Flush worker started for 'logs' with 500ms interval
19:18:09.371 [main] INFO dev.allstak.sdk -- [AllStak SDK DEBUG] Flush worker started for 'http-requests' with 500ms interval
19:18:09.371 [main] INFO dev.allstak.sdk -- [AllStak SDK DEBUG] Flush worker started for 'db-queries' with 500ms interval
19:18:09.371 [main] INFO dev.allstak.sdk -- [AllStak SDK DEBUG] Global uncaught exception handler installed
19:18:09.371 [main] INFO dev.allstak.sdk -- [AllStak SDK DEBUG] AllStak SDK initialized — host=https://api.allstak.sa, env=test, release=v0.0.1-test
19:18:09.373 [main] INFO dev.allstak.sdk -- [AllStak SDK DEBUG] Sending to http://localhost:51134/ingest/v1/errors: event_bytes=22273
19:18:09.377 [main] INFO dev.allstak.sdk -- [AllStak SDK DEBUG] Response from http://localhost:51134/ingest/v1/errors: status=202 response_bytes=37
19:18:09.377 [main] INFO dev.allstak.sdk -- [AllStak SDK DEBUG] AllStak SDK shutting down...
19:18:09.377 [main] INFO dev.allstak.sdk -- [AllStak SDK DEBUG] Global uncaught exception handler uninstalled
19:18:09.378 [main] INFO dev.allstak.sdk -- [AllStak SDK DEBUG] Flush worker 'logs' shut down
19:18:09.378 [main] INFO dev.allstak.sdk -- [AllStak SDK DEBUG] Flush worker 'http-requests' shut down
19:18:09.378 [main] INFO dev.allstak.sdk -- [AllStak SDK DEBUG] Flush worker 'db-queries' shut down
19:18:09.378 [main] INFO dev.allstak.sdk -- [AllStak SDK DEBUG] AllStak SDK shut down complete
]]></system-out>
  </testcase>
  <testcase name="afterShutdown_captureIsNoOp" classname="dev.allstak.AllStakClientIntegrationTest" time="0.002">
    <system-out><![CDATA[19:18:09.379 [main] INFO dev.allstak.sdk -- [AllStak SDK DEBUG] Flush worker started for 'logs' with 500ms interval
19:18:09.379 [main] INFO dev.allstak.sdk -- [AllStak SDK DEBUG] Flush worker started for 'http-requests' with 500ms interval
19:18:09.379 [main] INFO dev.allstak.sdk -- [AllStak SDK DEBUG] Flush worker started for 'db-queries' with 500ms interval
19:18:09.379 [main] INFO dev.allstak.sdk -- [AllStak SDK DEBUG] Global uncaught exception handler installed
19:18:09.379 [main] INFO dev.allstak.sdk -- [AllStak SDK DEBUG] AllStak SDK initialized — host=https://api.allstak.sa, env=test, release=v0.0.1-test
19:18:09.380 [main] INFO dev.allstak.sdk -- [AllStak SDK DEBUG] AllStak SDK shutting down...
19:18:09.380 [main] INFO dev.allstak.sdk -- [AllStak SDK DEBUG] Global uncaught exception handler uninstalled
19:18:09.380 [main] INFO dev.allstak.sdk -- [AllStak SDK DEBUG] Flush worker 'logs' shut down
19:18:09.380 [main] INFO dev.allstak.sdk -- [AllStak SDK DEBUG] Flush worker 'http-requests' shut down
19:18:09.380 [main] INFO dev.allstak.sdk -- [AllStak SDK DEBUG] Flush worker 'db-queries' shut down
19:18:09.380 [main] INFO dev.allstak.sdk -- [AllStak SDK DEBUG] AllStak SDK shut down complete
]]></system-out>
  </testcase>
  <testcase name="authFailure_disablesAllOperations" classname="dev.allstak.AllStakClientIntegrationTest" time="0.008">
    <system-out><![CDATA[19:18:09.381 [main] INFO dev.allstak.sdk -- [AllStak SDK DEBUG] Flush worker started for 'logs' with 500ms interval
19:18:09.382 [main] INFO dev.allstak.sdk -- [AllStak SDK DEBUG] Flush worker started for 'http-requests' with 500ms interval
19:18:09.382 [main] INFO dev.allstak.sdk -- [AllStak SDK DEBUG] Flush worker started for 'db-queries' with 500ms interval
19:18:09.382 [main] INFO dev.allstak.sdk -- [AllStak SDK DEBUG] Global uncaught exception handler installed
19:18:09.382 [main] INFO dev.allstak.sdk -- [AllStak SDK DEBUG] AllStak SDK initialized — host=https://api.allstak.sa, env=test, release=v0.0.1-test
19:18:09.384 [main] INFO dev.allstak.sdk -- [AllStak SDK DEBUG] Sending to http://localhost:51134/ingest/v1/errors: event_bytes=22251
19:18:09.387 [main] INFO dev.allstak.sdk -- [AllStak SDK DEBUG] Response from http://localhost:51134/ingest/v1/errors: status=401 response_bytes=52
19:18:09.387 [main] WARN dev.allstak.sdk -- [AllStak SDK] Invalid API key — disabling SDK
19:18:09.387 [main] INFO dev.allstak.sdk -- [AllStak SDK DEBUG] AllStak SDK shutting down...
19:18:09.387 [main] INFO dev.allstak.sdk -- [AllStak SDK DEBUG] Global uncaught exception handler uninstalled
19:18:09.387 [main] INFO dev.allstak.sdk -- [AllStak SDK DEBUG] Flush worker 'logs' shut down
19:18:09.387 [main] INFO dev.allstak.sdk -- [AllStak SDK DEBUG] Flush worker 'http-requests' shut down
19:18:09.388 [main] INFO dev.allstak.sdk -- [AllStak SDK DEBUG] Flush worker 'db-queries' shut down
19:18:09.388 [main] INFO dev.allstak.sdk -- [AllStak SDK DEBUG] AllStak SDK shut down complete
]]></system-out>
  </testcase>
  <testcase name="captureException_sendsImmediately" classname="dev.allstak.AllStakClientIntegrationTest" time="0.006">
    <system-out><![CDATA[19:18:09.389 [main] INFO dev.allstak.sdk -- [AllStak SDK DEBUG] Flush worker started for 'logs' with 500ms interval
19:18:09.389 [main] INFO dev.allstak.sdk -- [AllStak SDK DEBUG] Flush worker started for 'http-requests' with 500ms interval
19:18:09.389 [main] INFO dev.allstak.sdk -- [AllStak SDK DEBUG] Flush worker started for 'db-queries' with 500ms interval
19:18:09.389 [main] INFO dev.allstak.sdk -- [AllStak SDK DEBUG] Global uncaught exception handler installed
19:18:09.389 [main] INFO dev.allstak.sdk -- [AllStak SDK DEBUG] AllStak SDK initialized — host=https://api.allstak.sa, env=test, release=v0.0.1-test
19:18:09.391 [main] INFO dev.allstak.sdk -- [AllStak SDK DEBUG] Sending to http://localhost:51134/ingest/v1/errors: event_bytes=22247
19:18:09.393 [main] INFO dev.allstak.sdk -- [AllStak SDK DEBUG] Response from http://localhost:51134/ingest/v1/errors: status=202 response_bytes=37
19:18:09.394 [main] INFO dev.allstak.sdk -- [AllStak SDK DEBUG] AllStak SDK shutting down...
19:18:09.394 [main] INFO dev.allstak.sdk -- [AllStak SDK DEBUG] Global uncaught exception handler uninstalled
19:18:09.394 [main] INFO dev.allstak.sdk -- [AllStak SDK DEBUG] Flush worker 'logs' shut down
19:18:09.394 [main] INFO dev.allstak.sdk -- [AllStak SDK DEBUG] Flush worker 'http-requests' shut down
19:18:09.394 [main] INFO dev.allstak.sdk -- [AllStak SDK DEBUG] Flush worker 'db-queries' shut down
19:18:09.394 [main] INFO dev.allstak.sdk -- [AllStak SDK DEBUG] AllStak SDK shut down complete
]]></system-out>
  </testcase>
  <testcase name="captureException_sensitiveMetadataMasked" classname="dev.allstak.AllStakClientIntegrationTest" time="0.006">
    <system-out><![CDATA[19:18:09.395 [main] INFO dev.allstak.sdk -- [AllStak SDK DEBUG] Flush worker started for 'logs' with 500ms interval
19:18:09.395 [main] INFO dev.allstak.sdk -- [AllStak SDK DEBUG] Flush worker started for 'http-requests' with 500ms interval
19:18:09.395 [main] INFO dev.allstak.sdk -- [AllStak SDK DEBUG] Flush worker started for 'db-queries' with 500ms interval
19:18:09.395 [main] INFO dev.allstak.sdk -- [AllStak SDK DEBUG] Global uncaught exception handler installed
19:18:09.395 [main] INFO dev.allstak.sdk -- [AllStak SDK DEBUG] AllStak SDK initialized — host=https://api.allstak.sa, env=test, release=v0.0.1-test
19:18:09.398 [main] INFO dev.allstak.sdk -- [AllStak SDK DEBUG] Sending to http://localhost:51134/ingest/v1/errors: event_bytes=22308
19:18:09.400 [main] INFO dev.allstak.sdk -- [AllStak SDK DEBUG] Response from http://localhost:51134/ingest/v1/errors: status=202 response_bytes=37
19:18:09.401 [main] INFO dev.allstak.sdk -- [AllStak SDK DEBUG] AllStak SDK shutting down...
19:18:09.401 [main] INFO dev.allstak.sdk -- [AllStak SDK DEBUG] Global uncaught exception handler uninstalled
19:18:09.401 [main] INFO dev.allstak.sdk -- [AllStak SDK DEBUG] Flush worker 'logs' shut down
19:18:09.401 [main] INFO dev.allstak.sdk -- [AllStak SDK DEBUG] Flush worker 'http-requests' shut down
19:18:09.401 [main] INFO dev.allstak.sdk -- [AllStak SDK DEBUG] Flush worker 'db-queries' shut down
19:18:09.401 [main] INFO dev.allstak.sdk -- [AllStak SDK DEBUG] AllStak SDK shut down complete
]]></system-out>
  </testcase>
  <testcase name="captureLog_withServiceAndTraceId" classname="dev.allstak.AllStakClientIntegrationTest" time="0.005">
    <system-out><![CDATA[19:18:09.403 [main] INFO dev.allstak.sdk -- [AllStak SDK DEBUG] Flush worker started for 'logs' with 500ms interval
19:18:09.403 [main] INFO dev.allstak.sdk -- [AllStak SDK DEBUG] Flush worker started for 'http-requests' with 500ms interval
19:18:09.403 [main] INFO dev.allstak.sdk -- [AllStak SDK DEBUG] Flush worker started for 'db-queries' with 500ms interval
19:18:09.403 [main] INFO dev.allstak.sdk -- [AllStak SDK DEBUG] Global uncaught exception handler installed
19:18:09.403 [main] INFO dev.allstak.sdk -- [AllStak SDK DEBUG] AllStak SDK initialized — host=https://api.allstak.sa, env=test, release=v0.0.1-test
19:18:09.403 [main] INFO dev.allstak.sdk -- [AllStak SDK DEBUG] Flushing 1 logs item(s)
19:18:09.404 [main] INFO dev.allstak.sdk -- [AllStak SDK DEBUG] Sending to http://localhost:51134/ingest/v1/logs: event_bytes=239
19:18:09.407 [main] INFO dev.allstak.sdk -- [AllStak SDK DEBUG] Response from http://localhost:51134/ingest/v1/logs: status=202 response_bytes=37
19:18:09.407 [main] INFO dev.allstak.sdk -- [AllStak SDK DEBUG] AllStak SDK shutting down...
19:18:09.407 [main] INFO dev.allstak.sdk -- [AllStak SDK DEBUG] Global uncaught exception handler uninstalled
19:18:09.407 [main] INFO dev.allstak.sdk -- [AllStak SDK DEBUG] Flush worker 'logs' shut down
19:18:09.407 [main] INFO dev.allstak.sdk -- [AllStak SDK DEBUG] Flush worker 'http-requests' shut down
19:18:09.407 [main] INFO dev.allstak.sdk -- [AllStak SDK DEBUG] Flush worker 'db-queries' shut down
19:18:09.407 [main] INFO dev.allstak.sdk -- [AllStak SDK DEBUG] AllStak SDK shut down complete
]]></system-out>
  </testcase>
  <testcase name="cronJobMonitoring_successFlow" classname="dev.allstak.AllStakClientIntegrationTest" time="0.06">
    <system-out><![CDATA[19:18:09.408 [main] INFO dev.allstak.sdk -- [AllStak SDK DEBUG] Flush worker started for 'logs' with 500ms interval
19:18:09.408 [main] INFO dev.allstak.sdk -- [AllStak SDK DEBUG] Flush worker started for 'http-requests' with 500ms interval
19:18:09.408 [main] INFO dev.allstak.sdk -- [AllStak SDK DEBUG] Flush worker started for 'db-queries' with 500ms interval
19:18:09.408 [main] INFO dev.allstak.sdk -- [AllStak SDK DEBUG] Global uncaught exception handler installed
19:18:09.408 [main] INFO dev.allstak.sdk -- [AllStak SDK DEBUG] AllStak SDK initialized — host=https://api.allstak.sa, env=test, release=v0.0.1-test
19:18:09.464 [main] INFO dev.allstak.sdk -- [AllStak SDK DEBUG] Sending to http://localhost:51134/ingest/v1/heartbeat: event_bytes=136
19:18:09.466 [main] INFO dev.allstak.sdk -- [AllStak SDK DEBUG] Response from http://localhost:51134/ingest/v1/heartbeat: status=202 response_bytes=37
19:18:09.467 [main] INFO dev.allstak.sdk -- [AllStak SDK DEBUG] AllStak SDK shutting down...
19:18:09.467 [main] INFO dev.allstak.sdk -- [AllStak SDK DEBUG] Global uncaught exception handler uninstalled
19:18:09.467 [main] INFO dev.allstak.sdk -- [AllStak SDK DEBUG] Flush worker 'logs' shut down
19:18:09.467 [main] INFO dev.allstak.sdk -- [AllStak SDK DEBUG] Flush worker 'http-requests' shut down
19:18:09.467 [main] INFO dev.allstak.sdk -- [AllStak SDK DEBUG] Flush worker 'db-queries' shut down
19:18:09.467 [main] INFO dev.allstak.sdk -- [AllStak SDK DEBUG] AllStak SDK shut down complete
]]></system-out>
  </testcase>
</testsuite>