<?xml version="1.0" encoding="UTF-8"?>
<testsuite xmlns:xsi="http://www.w3.org/2001/XMLSchema-instance" xsi:noNamespaceSchemaLocation="https://maven.apache.org/surefire/maven-surefire-plugin/xsd/surefire-test-report-3.0.xsd" version="3.0" name="dev.allstak.AllStakClientIntegrationTest" time="4.988" tests="18" errors="0" skipped="0" failures="0">
  <properties>
[...]
</properties>
  <testcase name="captureHttpRequest_bufferedAndFlushedInBatch" classname="dev.allstak.AllStakClientIntegrationTest" time="0.539">
    <system-out><![CDATA[20:09:18.515 [main] INFO dev.allstak.sdk -- [AllStak SDK DEBUG] Flush worker started for 'logs' with 500ms interval
20:09:18.516 [main] INFO dev.allstak.sdk -- [AllStak SDK DEBUG] Flush worker started for 'errors' with 500ms interval
20:09:18.516 [main] INFO dev.allstak.sdk -- [AllStak SDK DEBUG] Flush worker started for 'http-requests' with 500ms interval
20:09:18.516 [main] INFO dev.allstak.sdk -- [AllStak SDK DEBUG] Flush worker started for 'heartbeats' with 500ms interval
20:09:18.516 [main] INFO dev.allstak.sdk -- [AllStak SDK DEBUG] Flush worker started for 'spans' with 500ms interval
20:09:18.516 [main] INFO dev.allstak.sdk -- [AllStak SDK DEBUG] Flush worker started for 'db-queries' with 500ms interval
20:09:18.516 [main] INFO dev.allstak.sdk -- [AllStak SDK DEBUG] AllStak SDK initialized — host=https://api.allstak.sa, env=test, release=v0.0.1-test
20:09:19.019 [allstak-flush-http-requests] INFO dev.allstak.sdk -- [AllStak SDK DEBUG] Flushing 1 http-requests item(s)
20:09:19.022 [allstak-flush-http-requests] INFO dev.allstak.sdk -- [AllStak SDK DEBUG] Sending to http://localhost:58185/ingest/v1/http-requests: {"requests":[{"traceId":"t-001","direction":"inbound","method":"GET","host":"api.test.com","path":"/v1/users","statusCode":200,"durationMs":42,"requestSize":0,"responseSize":1024,"timestamp":"2026-04-01T10:00:00Z","environment":"test","release":"v0.0.1-test"}]}
20:09:19.027 [allstak-flush-http-requests] INFO dev.allstak.sdk -- [AllStak SDK DEBUG] Response from http://localhost:58185/ingest/v1/http-requests: 202 {"success":true,"data":{"id":"test"}}
20:09:19.051 [main] INFO dev.allstak.sdk -- [AllStak SDK DEBUG] AllStak SDK shutting down...
20:09:19.052 [main] INFO dev.allstak.sdk -- [AllStak SDK DEBUG] Flush worker 'logs' shut down
20:09:19.052 [main] INFO dev.allstak.sdk -- [AllStak SDK DEBUG] Flush worker 'errors' shut down
20:09:19.053 [main] INFO dev.allstak.sdk -- [AllStak SDK DEBUG] Flush worker 'http-requests' shut down
20:09:19.053 [main] INFO dev.allstak.sdk -- [AllStak SDK DEBUG] Flush worker 'heartbeats' shut down
20:09:19.053 [main] INFO dev.allstak.sdk -- [AllStak SDK DEBUG] Flush worker 'spans' shut down
20:09:19.053 [main] INFO dev.allstak.sdk -- [AllStak SDK DEBUG] Flush worker 'db-queries' shut down
20:09:19.053 [main] INFO dev.allstak.sdk -- [AllStak SDK DEBUG] AllStak SDK shut down complete
]]></system-out>
  </testcase>
  <testcase name="captureLog_sensitiveMetadataMasked" classname="dev.allstak.AllStakClientIntegrationTest" time="0.012">
    <system-out><![CDATA[20:09:19.055 [main] INFO dev.allstak.sdk -- [AllStak SDK DEBUG] Flush worker started for 'logs' with 500ms interval
20:09:19.056 [main] INFO dev.allstak.sdk -- [AllStak SDK DEBUG] Flush worker started for 'errors' with 500ms interval
20:09:19.056 [main] INFO dev.allstak.sdk -- [AllStak SDK DEBUG] Flush worker started for 'http-requests' with 500ms interval
20:09:19.056 [main] INFO dev.allstak.sdk -- [AllStak SDK DEBUG] Flush worker started for 'heartbeats' with 500ms interval
20:09:19.056 [main] INFO dev.allstak.sdk -- [AllStak SDK DEBUG] Flush worker started for 'spans' with 500ms interval
20:09:19.057 [main] INFO dev.allstak.sdk -- [AllStak SDK DEBUG] Flush worker started for 'db-queries' with 500ms interval
20:09:19.057 [main] INFO dev.allstak.sdk -- [AllStak SDK DEBUG] AllStak SDK initialized — host=https://api.allstak.sa, env=test, release=v0.0.1-test
20:09:19.057 [main] INFO dev.allstak.sdk -- [AllStak SDK DEBUG] Flushing 1 logs item(s)
20:09:19.059 [main] INFO dev.allstak.sdk -- [AllStak SDK DEBUG] Sending to http://localhost:58185/ingest/v1/logs: {"level":"info","message":"test","service":"test-service","environment":"test","metadata":{"sdk.name":"allstak-java","sdk.version":"0.1.4","platform":"jvm","secret":"[REDACTED]","data":"ok"},"release":"v0.0.1-test"}
20:09:19.064 [main] INFO dev.allstak.sdk -- [AllStak SDK DEBUG] Response from http://localhost:58185/ingest/v1/logs: 202 {"success":true,"data":{"id":"test"}}
20:09:19.065 [main] INFO dev.allstak.sdk -- [AllStak SDK DEBUG] AllStak SDK shutting down...
20:09:19.065 [main] INFO dev.allstak.sdk -- [AllStak SDK DEBUG] Flush worker 'logs' shut down
20:09:19.065 [main] INFO dev.allstak.sdk -- [AllStak SDK DEBUG] Flush worker 'errors' shut down
20:09:19.065 [main] INFO dev.allstak.sdk -- [AllStak SDK DEBUG] Flush worker 'http-requests' shut down
20:09:19.065 [main] INFO dev.allstak.sdk -- [AllStak SDK DEBUG] Flush worker 'heartbeats' shut down
20:09:19.065 [main] INFO dev.allstak.sdk -- [AllStak SDK DEBUG] Flush worker 'spans' shut down
20:09:19.065 [main] INFO dev.allstak.sdk -- [AllStak SDK DEBUG] Flush worker 'db-queries' shut down
20:09:19.066 [main] INFO dev.allstak.sdk -- [AllStak SDK DEBUG] AllStak SDK shut down complete
]]></system-out>
  </testcase>
  <testcase name="captureHttpRequest_queryParamsStripped" classname="dev.allstak.AllStakClientIntegrationTest" time="0.011">
    <system-out><![CDATA[20:09:19.068 [main] INFO dev.allstak.sdk -- [AllStak SDK DEBUG] Flush worker started for 'logs' with 500ms interval
20:09:19.068 [main] INFO dev.allstak.sdk -- [AllStak SDK DEBUG] Flush worker started for 'errors' with 500ms interval
20:09:19.068 [main] INFO dev.allstak.sdk -- [AllStak SDK DEBUG] Flush worker started for 'http-requests' with 500ms interval
20:09:19.068 [main] INFO dev.allstak.sdk -- [AllStak SDK DEBUG] Flush worker started for 'heartbeats' with 500ms interval
20:09:19.068 [main] INFO dev.allstak.sdk -- [AllStak SDK DEBUG] Flush worker started for 'spans' with 500ms interval
20:09:19.069 [main] INFO dev.allstak.sdk -- [AllStak SDK DEBUG] Flush worker started for 'db-queries' with 500ms interval
20:09:19.069 [main] INFO dev.allstak.sdk -- [AllStak SDK DEBUG] AllStak SDK initialized — host=https://api.allstak.sa, env=test, release=v0.0.1-test
20:09:19.069 [main] INFO dev.allstak.sdk -- [AllStak SDK DEBUG] Flushing 1 http-requests item(s)
20:09:19.070 [main] INFO dev.allstak.sdk -- [AllStak SDK DEBUG] Sending to http://localhost:58185/ingest/v1/http-requests: {"requests":[{"traceId":"t-002","direction":"outbound","method":"GET","host":"api.test.com","path":"/v1/search","statusCode":200,"durationMs":100,"requestSize":0,"responseSize":512,"timestamp":"2026-04-01T10:00:00Z","environment":"test","release":"v0.0.1-test"}]}
20:09:19.074 [main] INFO dev.allstak.sdk -- [AllStak SDK DEBUG] Response from http://localhost:58185/ingest/v1/http-requests: 202 {"success":true,"data":{"id":"test"}}
20:09:19.075 [main] INFO dev.allstak.sdk -- [AllStak SDK DEBUG] AllStak SDK shutting down...
20:09:19.076 [main] INFO dev.allstak.sdk -- [AllStak SDK DEBUG] Flush worker 'logs' shut down
20:09:19.076 [main] INFO dev.allstak.sdk -- [AllStak SDK DEBUG] Flush worker 'errors' shut down
20:09:19.076 [main] INFO dev.allstak.sdk -- [AllStak SDK DEBUG] Flush worker 'http-requests' shut down
20:09:19.076 [main] INFO dev.allstak.sdk -- [AllStak SDK DEBUG] Flush worker 'heartbeats' shut down
20:09:19.076 [main] INFO dev.allstak.sdk -- [AllStak SDK DEBUG] Flush worker 'spans' shut down
20:09:19.076 [main] INFO dev.allstak.sdk -- [AllStak SDK DEBUG] Flush worker 'db-queries' shut down
20:09:19.076 [main] INFO dev.allstak.sdk -- [AllStak SDK DEBUG] AllStak SDK shut down complete
]]></system-out>
  </testcase>
  <testcase name="captureLog_invalidLevelDropped" classname="dev.allstak.AllStakClientIntegrationTest" time="0.004">
    <system-out><![CDATA[20:09:19.079 [main] INFO dev.allstak.sdk -- [AllStak SDK DEBUG] Flush worker started for 'logs' with 500ms interval
20:09:19.079 [main] INFO dev.allstak.sdk -- [AllStak SDK DEBUG] Flush worker started for 'errors' with 500ms interval
20:09:19.079 [main] INFO dev.allstak.sdk -- [AllStak SDK DEBUG] Flush worker started for 'http-requests' with 500ms interval
20:09:19.079 [main] INFO dev.allstak.sdk -- [AllStak SDK DEBUG] Flush worker started for 'heartbeats' with 500ms interval
20:09:19.079 [main] INFO dev.allstak.sdk -- [AllStak SDK DEBUG] Flush worker started for 'spans' with 500ms interval
20:09:19.080 [main] INFO dev.allstak.sdk -- [AllStak SDK DEBUG] Flush worker started for 'db-queries' with 500ms interval
20:09:19.080 [main] INFO dev.allstak.sdk -- [AllStak SDK DEBUG] AllStak SDK initialized — host=https://api.allstak.sa, env=test, release=v0.0.1-test
20:09:19.080 [main] INFO dev.allstak.sdk -- [AllStak SDK DEBUG] Invalid log level 'invalid_level' — dropping log
20:09:19.080 [main] INFO dev.allstak.sdk -- [AllStak SDK DEBUG] AllStak SDK shutting down...
20:09:19.081 [main] INFO dev.allstak.sdk -- [AllStak SDK DEBUG] Flush worker 'logs' shut down
20:09:19.081 [main] INFO dev.allstak.sdk -- [AllStak SDK DEBUG] Flush worker 'errors' shut down
20:09:19.081 [main] INFO dev.allstak.sdk -- [AllStak SDK DEBUG] Flush worker 'http-requests' shut down
20:09:19.081 [main] INFO dev.allstak.sdk -- [AllStak SDK DEBUG] Flush worker 'heartbeats' shut down
20:09:19.081 [main] INFO dev.allstak.sdk -- [AllStak SDK DEBUG] Flush worker 'spans' shut down
20:09:19.081 [main] INFO dev.allstak.sdk -- [AllStak SDK DEBUG] Flush worker 'db-queries' shut down
20:09:19.081 [main] INFO dev.allstak.sdk -- [AllStak SDK DEBUG] AllStak SDK shut down complete
]]></system-out>
  </testcase>
  <testcase name="captureLog_bufferedAndFlushed" classname="dev.allstak.AllStakClientIntegrationTest" time="0.523">
    <system-out><![CDATA[20:09:19.083 [main] INFO dev.allstak.sdk -- [AllStak SDK DEBUG] Flush worker started for 'logs' with 500ms interval
20:09:19.083 [main] INFO dev.allstak.sdk -- [AllStak SDK DEBUG] Flush worker started for 'errors' with 500ms interval
20:09:19.084 [main] INFO dev.allstak.sdk -- [AllStak SDK DEBUG] Flush worker started for 'http-requests' with 500ms interval
20:09:19.084 [main] INFO dev.allstak.sdk -- [AllStak SDK DEBUG] Flush worker started for 'heartbeats' with 500ms interval
20:09:19.084 [main] INFO dev.allstak.sdk -- [AllStak SDK DEBUG] Flush worker started for 'spans' with 500ms interval
20:09:19.084 [main] INFO dev.allstak.sdk -- [AllStak SDK DEBUG] Flush worker started for 'db-queries' with 500ms interval
20:09:19.084 [main] INFO dev.allstak.sdk -- [AllStak SDK DEBUG] AllStak SDK initialized — host=https://api.allstak.sa, env=test, release=v0.0.1-test
20:09:19.588 [allstak-flush-logs] INFO dev.allstak.sdk -- [AllStak SDK DEBUG] Flushing 1 logs item(s)
20:09:19.590 [allstak-flush-logs] INFO dev.allstak.sdk -- [AllStak SDK DEBUG] Sending to http://localhost:58185/ingest/v1/logs: {"level":"info","message":"Test log message","service":"test-service","environment":"test","metadata":{"sdk.name":"allstak-java","sdk.version":"0.1.4","platform":"jvm","key":"val"},"release":"v0.0.1-test"}
20:09:19.594 [allstak-flush-logs] INFO dev.allstak.sdk -- [AllStak SDK DEBUG] Response from http://localhost:58185/ingest/v1/logs: 202 {"success":true,"data":{"id":"test"}}
20:09:19.604 [main] INFO dev.allstak.sdk -- [AllStak SDK DEBUG] AllStak SDK shutting down...
20:09:19.604 [main] INFO dev.allstak.sdk -- [AllStak SDK DEBUG] Flush worker 'logs' shut down
20:09:19.605 [main] INFO dev.allstak.sdk -- [AllStak SDK DEBUG] Flush worker 'errors' shut down
20:09:19.605 [main] INFO dev.allstak.sdk -- [AllStak SDK DEBUG] Flush worker 'http-requests' shut down
20:09:19.605 [main] INFO dev.allstak.sdk -- [AllStak SDK DEBUG] Flush worker 'heartbeats' shut down
20:09:19.605 [main] INFO dev.allstak.sdk -- [AllStak SDK DEBUG] Flush worker 'spans' shut down
20:09:19.605 [main] INFO dev.allstak.sdk -- [AllStak SDK DEBUG] Flush worker 'db-queries' shut down
20:09:19.605 [main] INFO dev.allstak.sdk -- [AllStak SDK DEBUG] AllStak SDK shut down complete
]]></system-out>
  </testcase>
  <testcase name="flush_sendsBufferedItems" classname="dev.allstak.AllStakClientIntegrationTest" time="0.015">
    <system-out><![CDATA[20:09:19.607 [main] INFO dev.allstak.sdk -- [AllStak SDK DEBUG] Flush worker started for 'logs' with 500ms interval
20:09:19.607 [main] INFO dev.allstak.sdk -- [AllStak SDK DEBUG] Flush worker started for 'errors' with 500ms interval
20:09:19.607 [main] INFO dev.allstak.sdk -- [AllStak SDK DEBUG] Flush worker started for 'http-requests' with 500ms interval
20:09:19.607 [main] INFO dev.allstak.sdk -- [AllStak SDK DEBUG] Flush worker started for 'heartbeats' with 500ms interval
20:09:19.607 [main] INFO dev.allstak.sdk -- [AllStak SDK DEBUG] Flush worker started for 'spans' with 500ms interval
20:09:19.607 [main] INFO dev.allstak.sdk -- [AllStak SDK DEBUG] Flush worker started for 'db-queries' with 500ms interval
20:09:19.607 [main] INFO dev.allstak.sdk -- [AllStak SDK DEBUG] AllStak SDK initialized — host=https://api.allstak.sa, env=test, release=v0.0.1-test
20:09:19.608 [main] INFO dev.allstak.sdk -- [AllStak SDK DEBUG] Flushing 3 logs item(s)
20:09:19.609 [main] INFO dev.allstak.sdk -- [AllStak SDK DEBUG] Sending to http://localhost:58185/ingest/v1/logs: {"level":"info","message":"log1","service":"test-service","environment":"test","metadata":{"sdk.name":"allstak-java","sdk.version":"0.1.4","platform":"jvm"},"release":"v0.0.1-test"}
20:09:19.613 [main] INFO dev.allstak.sdk -- [AllStak SDK DEBUG] Response from http://localhost:58185/ingest/v1/logs: 202 {"success":true,"data":{"id":"test"}}
20:09:19.614 [main] INFO dev.allstak.sdk -- [AllStak SDK DEBUG] Sending to http://localhost:58185/ingest/v1/logs: {"level":"warn","message":"log2","service":"test-service","environment":"test","metadata":{"sdk.name":"allstak-java","sdk.version":"0.1.4","platform":"jvm"},"release":"v0.0.1-test"}
20:09:19.617 [main] INFO dev.allstak.sdk -- [AllStak SDK DEBUG] Response from http://localhost:58185/ingest/v1/logs: 202 {"success":true,"data":{"id":"test"}}
20:09:19.617 [main] INFO dev.allstak.sdk -- [AllStak SDK DEBUG] Sending to http://localhost:58185/ingest/v1/logs: {"level":"error","message":"log3","service":"test-service","environment":"test","metadata":{"sdk.name":"allstak-java","sdk.version":"0.1.4","platform":"jvm"},"release":"v0.0.1-test"}
20:09:19.620 [main] INFO dev.allstak.sdk -- [AllStak SDK DEBUG] Response from http://localhost:58185/ingest/v1/logs: 202 {"success":true,"data":{"id":"test"}}
20:09:19.621 [main] INFO dev.allstak.sdk -- [AllStak SDK DEBUG] AllStak SDK shutting down...
20:09:19.621 [main] INFO dev.allstak.sdk -- [AllStak SDK DEBUG] Flush worker 'logs' shut down
20:09:19.621 [main] INFO dev.allstak.sdk -- [AllStak SDK DEBUG] Flush worker 'errors' shut down
20:09:19.621 [main] INFO dev.allstak.sdk -- [AllStak SDK DEBUG] Flush worker 'http-requests' shut down
20:09:19.621 [main] INFO dev.allstak.sdk -- [AllStak SDK DEBUG] Flush worker 'heartbeats' shut down
20:09:19.621 [main] INFO dev.allstak.sdk -- [AllStak SDK DEBUG] Flush worker 'spans' shut down
20:09:19.621 [main] INFO dev.allstak.sdk -- [AllStak SDK DEBUG] Flush worker 'db-queries' shut down
20:09:19.621 [main] INFO dev.allstak.sdk -- [AllStak SDK DEBUG] AllStak SDK shut down complete
]]></system-out>
  </testcase>
  <testcase name="captureException_withMetadataAndUserContext" classname="dev.allstak.AllStakClientIntegrationTest" time="0.524">
    <system-out><![CDATA[20:09:19.623 [main] INFO dev.allstak.sdk -- [AllStak SDK DEBUG] Flush worker started for 'logs' with 500ms interval
20:09:19.623 [main] INFO dev.allstak.sdk -- [AllStak SDK DEBUG] Flush worker started for 'errors' with 500ms interval
20:09:19.624 [main] INFO dev.allstak.sdk -- [AllStak SDK DEBUG] Flush worker started for 'http-requests' with 500ms interval
20:09:19.624 [main] INFO dev.allstak.sdk -- [AllStak SDK DEBUG] Flush worker started for 'heartbeats' with 500ms interval
20:09:19.624 [main] INFO dev.allstak.sdk -- [AllStak SDK DEBUG] Flush worker started for 'spans' with 500ms interval
20:09:19.624 [main] INFO dev.allstak.sdk -- [AllStak SDK DEBUG] Flush worker started for 'db-queries' with 500ms interval
20:09:19.624 [main] INFO dev.allstak.sdk -- [AllStak SDK DEBUG] AllStak SDK initialized — host=https://api.allstak.sa, env=test, release=v0.0.1-test
20:09:20.126 [allstak-flush-errors] INFO dev.allstak.sdk -- [AllStak SDK DEBUG] Flushing 1 errors item(s)
20:09:20.135 [allstak-flush-errors] INFO dev.allstak.sdk -- [AllStak SDK DEBUG] Sending to http://localhost:58185/ingest/v1/errors: {"exceptionClass":"java.lang.IllegalStateException","message":"Bad state","stackTrace":["java.lang.IllegalStateException: Bad state","at dev.allstak.AllStakClientIntegrationTest.captureException_withMetadataAndUserContext(AllStakClientIntegrationTest.java:89)","at jdk.internal.reflect.DirectMethodHandleAccessor.invoke(DirectMethodHandleAccessor.java:103)","at java.lang.reflect.Method.invoke(Method.java:580)","at org.junit.platform.commons.util.ReflectionUtils.invokeMethod(ReflectionUtils.java:728)","at org.junit.jupiter.engine.execution.MethodInvocation.proceed(MethodInvocation.java:60)","at org.junit.jupiter.engine.execution.InvocationInterceptorChain$ValidatingInvocation.proceed(InvocationInterceptorChain.java:131)","at org.junit.jupiter.engine.extension.TimeoutExtension.intercept(TimeoutExtension.java:156)","at org.junit.jupiter.engine.extension.TimeoutExtension.interceptTestableMethod(TimeoutExtension.java:147)","at org.junit.jupiter.engine.extension.TimeoutExtension.interceptTestMethod(TimeoutExtension.java:86)","at org.junit.jupiter.engine.execution.InterceptingExecutableInvoker$ReflectiveInterceptorCall.lambda$ofVoidMethod$0(InterceptingExecutableInvoker.java:103)","at org.junit.jupiter.engine.execution.InterceptingExecutableInvoker.lambda$invoke$0(InterceptingExecutableInvoker.java:93)","at org.junit.jupiter.engine.execution.InvocationInterceptorChain$InterceptedInvocation.proceed(InvocationInterceptorChain.java:106)","at org.junit.jupiter.engine.execution.InvocationInterceptorChain.proceed(InvocationInterceptorChain.java:64)","at org.junit.jupiter.engine.execution.InvocationInterceptorChain.chainAndInvoke(InvocationInterceptorChain.java:45)","at org.junit.jupiter.engine.execution.InvocationInterceptorChain.invoke(InvocationInterceptorChain.java:37)","at org.junit.jupiter.engine.execution.InterceptingExecutableInvoker.invoke(InterceptingExecutableInvoker.java:92)","at org.junit.jupiter.engine.execution.InterceptingExecutableInvoker.invoke(InterceptingExecutableInvoker.java:86)","at org.junit.jupiter.engine.descriptor.TestMethodTestDescriptor.lambda$invokeTestMethod$7(TestMethodTestDescriptor.java:218)","at org.junit.platform.engine.support.hierarchical.ThrowableCollector.execute(ThrowableCollector.java:73)","at org.junit.jupiter.engine.descriptor.TestMethodTestDescriptor.invokeTestMethod(TestMethodTestDescriptor.java:214)","at org.junit.jupiter.engine.descriptor.TestMethodTestDescriptor.execute(TestMethodTestDescriptor.java:139)","at org.junit.jupiter.engine.descriptor.TestMethodTestDescriptor.execute(TestMethodTestDescriptor.java:69)","at org.junit.platform.engine.support.hierarchical.NodeTestTask.lambda$executeRecursively$6(NodeTestTask.java:151)","at org.junit.platform.engine.support.hierarchical.ThrowableCollector.execute(ThrowableCollector.java:73)","at org.junit.platform.engine.support.hierarchical.NodeTestTask.lambda$executeRecursively$8(NodeTestTask.java:141)","at org.junit.platform.engine.support.hierarchical.Node.around(Node.java:137)","at org.junit.platform.engine.support.hierarchical.NodeTestTask.lambda$executeRecursively$9(NodeTestTask.java:139)","at org.junit.platform.engine.support.hierarchical.ThrowableCollector.execute(ThrowableCollector.java:73)","at org.junit.platform.engine.support.hierarchical.NodeTestTask.executeRecursively(NodeTestTask.java:138)","at org.junit.platform.engine.support.hierarchical.NodeTestTask.execute(NodeTestTask.java:95)","at java.util.ArrayList.forEach(ArrayList.java:1596)","at org.junit.platform.engine.support.hierarchical.SameThreadHierarchicalTestExecutorService.invokeAll(SameThreadHierarchicalTestExecutorService.java:41)","at org.junit.platform.engine.support.hierarchical.NodeTestTask.lambda$executeRecursively$6(NodeTestTask.java:155)","at org.junit.platform.engine.support.hierarchical.ThrowableCollector.execute(ThrowableCollector.java:73)","at org.junit.platform.engine.support.hierarchical.NodeTestTask.lambda$executeRecursively$8(NodeTestTask.java:141)","at org.junit.platform.engine.support.hierarchical.Node.around(Node.java:137)","at org.junit.platform.engine.support.hierarchical.NodeTestTask.lambda$executeRecursively$9(NodeTestTask.java:139)","at org.junit.platform.engine.support.hierarchical.ThrowableCollector.execute(ThrowableCollector.java:73)","at org.junit.platform.engine.support.hierarchical.NodeTestTask.executeRecursively(NodeTestTask.java:138)","at org.junit.platform.engine.support.hierarchical.NodeTestTask.execute(NodeTestTask.java:95)","at java.util.ArrayList.forEach(ArrayList.java:1596)","at org.junit.platform.engine.support.hierarchical.SameThreadHierarchicalTestExecutorService.invokeAll(SameThreadHierarchicalTestExecutorService.java:41)","at org.junit.platform.engine.support.hierarchical.NodeTestTask.lambda$executeRecursively$6(NodeTestTask.java:155)","at org.junit.platform.engine.support.hierarchical.ThrowableCollector.execute(ThrowableCollector.java:73)","at org.junit.platform.engine.support.hierarchical.NodeTestTask.lambda$executeRecursively$8(NodeTestTask.java:141)","at org.junit.platform.engine.support.hierarchical.Node.around(Node.java:137)","at org.junit.platform.engine.support.hierarchical.NodeTestTask.lambda$executeRecursively$9(NodeTestTask.java:139)","at org.junit.platform.engine.support.hierarchical.ThrowableCollector.execute(ThrowableCollector.java:73)","at org.junit.platform.engine.support.hierarchical.NodeTestTask.executeRecursively(NodeTestTask.java:138)","at org.junit.platform.engine.support.hierarchical.NodeTestTask.execute(NodeTestTask.java:95)","at org.junit.platform.engine.support.hierarchical.SameThreadHierarchicalTestExecutorService.submit(SameThreadHierarchicalTestExecutorService.java:35)","at org.junit.platform.engine.support.hierarchical.HierarchicalTestExecutor.execute(HierarchicalTestExecutor.java:57)","at org.junit.platform.engine.support.hierarchical.HierarchicalTestEngine.execute(HierarchicalTestEngine.java:54)","at org.junit.platform.launcher.core.EngineExecutionOrchestrator.execute(EngineExecutionOrchestrator.java:198)","at org.junit.platform.launcher.core.EngineExecutionOrchestrator.execute(EngineExecutionOrchestrator.java:169)","at org.junit.platform.launcher.core.EngineExecutionOrchestrator.execute(EngineExecutionOrchestrator.java:93)","at org.junit.platform.launcher.core.EngineExecutionOrchestrator.lambda$execute$0(EngineExecutionOrchestrator.java:58)","at org.junit.platform.launcher.core.EngineExecutionOrchestrator.withInterceptedStreams(EngineExecutionOrchestrator.java:141)","at org.junit.platform.launcher.core.EngineExecutionOrchestrator.execute(EngineExecutionOrchestrator.java:57)","at org.junit.platform.launcher.core.DefaultLauncher.execute(DefaultLauncher.java:103)","at org.junit.platform.launcher.core.DefaultLauncher.execute(DefaultLauncher.java:85)","at org.junit.platform.launcher.core.DelegatingLauncher.execute(DelegatingLauncher.java:47)","at org.apache.maven.surefire.junitplatform.LazyLauncher.execute(LazyLauncher.java:56)","at org.apache.maven.surefire.junitplatform.JUnitPlatformProvider.execute(JUnitPlatformProvider.java:184)","at org.apache.maven.surefire.junitplatform.JUnitPlatformProvider.invokeAllTests(JUnitPlatformProvider.java:148)","at org.apache.maven.surefire.junitplatform.JUnitPlatformProvider.invoke(JUnitPlatformProvider.java:122)","at org.apache.maven.surefire.booter.ForkedBooter.runSuitesInProcess(ForkedBooter.java:385)","at org.apache.maven.surefire.booter.ForkedBooter.execute(ForkedBooter.java:162)","at org.apache.maven.surefire.booter.ForkedBooter.run(ForkedBooter.java:507)","at org.apache.maven.surefire.booter.ForkedBooter.main(ForkedBooter.java:495)"],"level":"error","environment":"test","release":"v0.0.1-test","user":{"id":"user-42","email":"user@test.com","ip":"192.168.1.1"},"metadata":{"sdk.name":"allstak-java","sdk.version":"0.1.4","platform":"jvm","orderId":"ORD-99","component":"OrderProcessor"},"platform":"jvm","sdkName":"allstak-java","sdkVersion":"0.1.4","frames":[{"filename":"AllStakClientIntegrationTest.java","absPath":"AllStakClientIntegrationTest.java","function":"dev.allstak.AllStakClientIntegrationTest.captureException_withMetadataAndUserContext","lineno":89,"inApp":false,"platform":"java"},{"filename":"DirectMethodHandleAccessor.java","absPath":"DirectMethodHandleAccessor.java","function":"jdk.internal.reflect.DirectMethodHandleAccessor.invoke","lineno":103,"inApp":false,"platform":"java"},{"filename":"Method.java","absPath":"Method.java","function":"java.lang.reflect.Method.invoke","lineno":580,"inApp":false,"platform":"java"},{"filename":"ReflectionUtils.java","absPath":"ReflectionUtils.java","function":"org.junit.platform.commons.util.ReflectionUtils.invokeMethod","lineno":728,"inApp":true,"platform":"java"},{"filename":"MethodInvocation.java","absPath":"MethodInvocation.java","function":"org.junit.jupiter.engine.execution.MethodInvocation.proceed","lineno":60,"inApp":true,"platform":"java"},{"filename":"InvocationInterceptorChain.java","absPath":"InvocationInterceptorChain.java","function":"org.junit.jupiter.engine.execution.InvocationInterceptorChain$ValidatingInvocation.proceed","lineno":131,"inApp":true,"platform":"java"},{"filename":"TimeoutExtension.java","absPath":"TimeoutExtension.java","function":"org.junit.jupiter.engine.extension.TimeoutExtension.intercept","lineno":156,"inApp":true,"platform":"java"},{"filename":"TimeoutExtension.java","absPath":"TimeoutExtension.java","function":"org.junit.jupiter.engine.extension.TimeoutExtension.interceptTestableMethod","lineno":147,"inApp":true,"platform":"java"},{"filename":"TimeoutExtension.java","absPath":"TimeoutExtension.java","function":"org.junit.jupiter.engine.extension.TimeoutExtension.interceptTestMethod","lineno":86,"inApp":true,"platform":"java"},{"filename":"InterceptingExecutableInvoker.java","absPath":"InterceptingExecutableInvoker.java","function":"org.junit.jupiter.engine.execution.InterceptingExecutableInvoker$ReflectiveInterceptorCall.lambda$ofVoidMethod$0","lineno":103,"inApp":true,"platform":"java"},{"filename":"InterceptingExecutableInvoker.java","absPath":"InterceptingExecutableInvoker.java","function":"org.junit.jupiter.engine.execution.InterceptingExecutableInvoker.lambda$invoke$0","lineno":93,"inApp":true,"platform":"java"},{"filename":"InvocationInterceptorChain.java","absPath":"InvocationInterceptorChain.java","function":"org.junit.jupiter.engine.execution.InvocationInterceptorChain$InterceptedInvocation.proceed","lineno":106,"inApp":true,"platform":"java"},{"filename":"InvocationInterceptorChain.java","absPath":"InvocationInterceptorChain.java","function":"org.junit.jupiter.engine.execution.InvocationInterceptorChain.proceed","lineno":64,"inApp":true,"platform":"java"},{"filename":"InvocationInterceptorChain.java","absPath":"InvocationInterceptorChain.java","function":"org.junit.jupiter.engine.execution.InvocationInterceptorChain.chainAndInvoke","lineno":45,"inApp":true,"platform":"java"},{"filename":"InvocationInterceptorChain.java","absPath":"InvocationInterceptorChain.java","function":"org.junit.jupiter.engine.execution.InvocationInterceptorChain.invoke","lineno":37,"inApp":true,"platform":"java"},{"filename":"InterceptingExecutableInvoker.java","absPath":"InterceptingExecutableInvoker.java","function":"org.junit.jupiter.engine.execution.InterceptingExecutableInvoker.invoke","lineno":92,"inApp":true,"platform":"java"},{"filename":"InterceptingExecutableInvoker.java","absPath":"InterceptingExecutableInvoker.java","function":"org.junit.jupiter.engine.execution.InterceptingExecutableInvoker.invoke","lineno":86,"inApp":true,"platform":"java"},{"filename":"TestMethodTestDescriptor.java","absPath":"TestMethodTestDescriptor.java","function":"org.junit.jupiter.engine.descriptor.TestMethodTestDescriptor.lambda$invokeTestMethod$7","lineno":218,"inApp":true,"platform":"java"},{"filename":"ThrowableCollector.java","absPath":"ThrowableCollector.java","function":"org.junit.platform.engine.support.hierarchical.ThrowableCollector.execute","lineno":73,"inApp":true,"platform":"java"},{"filename":"TestMethodTestDescriptor.java","absPath":"TestMethodTestDescriptor.java","function":"org.junit.jupiter.engine.descriptor.TestMethodTestDescriptor.invokeTestMethod","lineno":214,"inApp":true,"platform":"java"},{"filename":"TestMethodTestDescriptor.java","absPath":"TestMethodTestDescriptor.java","function":"org.junit.jupiter.engine.descriptor.TestMethodTestDescriptor.execute","lineno":139,"inApp":true,"platform":"java"},{"filename":"TestMethodTestDescriptor.java","absPath":"TestMethodTestDescriptor.java","function":"org.junit.jupiter.engine.descriptor.TestMethodTestDescriptor.execute","lineno":69,"inApp":true,"platform":"java"},{"filename":"NodeTestTask.java","absPath":"NodeTestTask.java","function":"org.junit.platform.engine.support.hierarchical.NodeTestTask.lambda$executeRecursively$6","lineno":151,"inApp":true,"platform":"java"},{"filename":"ThrowableCollector.java","absPath":"ThrowableCollector.java","function":"org.junit.platform.engine.support.hierarchical.ThrowableCollector.execute","lineno":73,"inApp":true,"platform":"java"},{"filename":"NodeTestTask.java","absPath":"NodeTestTask.java","function":"org.junit.platform.engine.support.hierarchical.NodeTestTask.lambda$executeRecursively$8","lineno":141,"inApp":true,"platform":"java"},{"filename":"Node.java","absPath":"Node.java","function":"org.junit.platform.engine.support.hierarchical.Node.around","lineno":137,"inApp":true,"platform":"java"},{"filename":"NodeTestTask.java","absPath":"NodeTestTask.java","function":"org.junit.platform.engine.support.hierarchical.NodeTestTask.lambda$executeRecursively$9","lineno":139,"inApp":true,"platform":"java"},{"filename":"ThrowableCollector.java","absPath":"ThrowableCollector.java","function":"org.junit.platform.engine.support.hierarchical.ThrowableCollector.execute","lineno":73,"inApp":true,"platform":"java"},{"filename":"NodeTestTask.java","absPath":"NodeTestTask.java","function":"org.junit.platform.engine.support.hierarchical.NodeTestTask.executeRecursively","lineno":138,"inApp":true,"platform":"java"},{"filename":"NodeTestTask.java","absPath":"NodeTestTask.java","function":"org.junit.platform.engine.support.hierarchical.NodeTestTask.execute","lineno":95,"inApp":true,"platform":"java"},{"filename":"ArrayList.java","absPath":"ArrayList.java","function":"java.util.ArrayList.forEach","lineno":1596,"inApp":false,"platform":"java"},{"filename":"SameThreadHierarchicalTestExecutorService.java","absPath":"SameThreadHierarchicalTestExecutorService.java","function":"org.junit.platform.engine.support.hierarchical.SameThreadHierarchicalTestExecutorService.invokeAll","lineno":41,"inApp":true,"platform":"java"},{"filename":"NodeTestTask.java","absPath":"NodeTestTask.java","function":"org.junit.platform.engine.support.hierarchical.NodeTestTask.lambda$executeRecursively$6","lineno":155,"inApp":true,"platform":"java"},{"filename":"ThrowableCollector.java","absPath":"ThrowableCollector.java","function":"org.junit.platform.engine.support.hierarchical.ThrowableCollector.execute","lineno":73,"inApp":true,"platform":"java"},{"filename":"NodeTestTask.java","absPath":"NodeTestTask.java","function":"org.junit.platform.engine.support.hierarchical.NodeTestTask.lambda$executeRecursively$8","lineno":141,"inApp":true,"platform":"java"},{"filename":"Node.java","absPath":"Node.java","function":"org.junit.platform.engine.support.hierarchical.Node.around","lineno":137,"inApp":true,"platform":"java"},{"filename":"NodeTestTask.java","absPath":"NodeTestTask.java","function":"org.junit.platform.engine.support.hierarchical.NodeTestTask.lambda$executeRecursively$9","lineno":139,"inApp":true,"platform":"java"},{"filename":"ThrowableCollector.java","absPath":"ThrowableCollector.java","function":"org.junit.platform.engine.support.hierarchical.ThrowableCollector.execute","lineno":73,"inApp":true,"platform":"java"},{"filename":"NodeTestTask.java","absPath":"NodeTestTask.java","function":"org.junit.platform.engine.support.hierarchical.NodeTestTask.executeRecursively","lineno":138,"inApp":true,"platform":"java"},{"filename":"NodeTestTask.java","absPath":"NodeTestTask.java","function":"org.junit.platform.engine.support.hierarchical.NodeTestTask.execute","lineno":95,"inApp":true,"platform":"java"},{"filename":"ArrayList.java","absPath":"ArrayList.java","function":"java.util.ArrayList.forEach","lineno":1596,"inApp":false,"platform":"java"},{"filename":"SameThreadHierarchicalTestExecutorService.java","absPath":"SameThreadHierarchicalTestExecutorService.java","function":"org.junit.platform.engine.support.hierarchical.SameThreadHierarchicalTestExecutorService.invokeAll","lineno":41,"inApp":true,"platform":"java"},{"filename":"NodeTestTask.java","absPath":"NodeTestTask.java","function":"org.junit.platform.engine.support.hierarchical.NodeTestTask.lambda$executeRecursively$6","lineno":155,"inApp":true,"platform":"java"},{"filename":"ThrowableCollector.java","absPath":"ThrowableCollector.java","function":"org.junit.platform.engine.support.hierarchical.ThrowableCollector.execute","lineno":73,"inApp":true,"platform":"java"},{"filename":"NodeTestTask.java","absPath":"NodeTestTask.java","function":"org.junit.platform.engine.support.hierarchical.NodeTestTask.lambda$executeRecursively$8","lineno":141,"inApp":true,"platform":"java"},{"filename":"Node.java","absPath":"Node.java","function":"org.junit.platform.engine.support.hierarchical.Node.around","lineno":137,"inApp":true,"platform":"java"},{"filename":"NodeTestTask.java","absPath":"NodeTestTask.java","function":"org.junit.platform.engine.support.hierarchical.NodeTestTask.lambda$executeRecursively$9","lineno":139,"inApp":true,"platform":"java"},{"filename":"ThrowableCollector.java","absPath":"ThrowableCollector.java","function":"org.junit.platform.engine.support.hierarchical.ThrowableCollector.execute","lineno":73,"inApp":true,"platform":"java"},{"filename":"NodeTestTask.java","absPath":"NodeTestTask.java","function":"org.junit.platform.engine.support.hierarchical.NodeTestTask.executeRecursively","lineno":138,"inApp":true,"platform":"java"},{"filename":"NodeTestTask.java","absPath":"NodeTestTask.java","function":"org.junit.platform.engine.support.hierarchical.NodeTestTask.execute","lineno":95,"inApp":true,"platform":"java"},{"filename":"SameThreadHierarchicalTestExecutorService.java","absPath":"SameThreadHierarchicalTestExecutorService.java","function":"org.junit.platform.engine.support.hierarchical.SameThreadHierarchicalTestExecutorService.submit","lineno":35,"inApp":true,"platform":"java"},{"filename":"HierarchicalTestExecutor.java","absPath":"HierarchicalTestExecutor.java","function":"org.junit.platform.engine.support.hierarchical.HierarchicalTestExecutor.execute","lineno":57,"inApp":true,"platform":"java"},{"filename":"HierarchicalTestEngine.java","absPath":"HierarchicalTestEngine.java","function":"org.junit.platform.engine.support.hierarchical.HierarchicalTestEngine.execute","lineno":54,"inApp":true,"platform":"java"},{"filename":"EngineExecutionOrchestrator.java","absPath":"EngineExecutionOrchestrator.java","function":"org.junit.platform.launcher.core.EngineExecutionOrchestrator.execute","lineno":198,"inApp":true,"platform":"java"},{"filename":"EngineExecutionOrchestrator.java","absPath":"EngineExecutionOrchestrator.java","function":"org.junit.platform.launcher.core.EngineExecutionOrchestrator.execute","lineno":169,"inApp":true,"platform":"java"},{"filename":"EngineExecutionOrchestrator.java","absPath":"EngineExecutionOrchestrator.java","function":"org.junit.platform.launcher.core.EngineExecutionOrchestrator.execute","lineno":93,"inApp":true,"platform":"java"},{"filename":"EngineExecutionOrchestrator.java","absPath":"EngineExecutionOrchestrator.java","function":"org.junit.platform.launcher.core.EngineExecutionOrchestrator.lambda$execute$0","lineno":58,"inApp":true,"platform":"java"},{"filename":"EngineExecutionOrchestrator.java","absPath":"EngineExecutionOrchestrator.java","function":"org.junit.platform.launcher.core.EngineExecutionOrchestrator.withInterceptedStreams","lineno":141,"inApp":true,"platform":"java"},{"filename":"EngineExecutionOrchestrator.java","absPath":"EngineExecutionOrchestrator.java","function":"org.junit.platform.launcher.core.EngineExecutionOrchestrator.execute","lineno":57,"inApp":true,"platform":"java"},{"filename":"DefaultLauncher.java","absPath":"DefaultLauncher.java","function":"org.junit.platform.launcher.core.DefaultLauncher.execute","lineno":103,"inApp":true,"platform":"java"},{"filename":"DefaultLauncher.java","absPath":"DefaultLauncher.java","function":"org.junit.platform.launcher.core.DefaultLauncher.execute","lineno":85,"inApp":true,"platform":"java"},{"filename":"DelegatingLauncher.java","absPath":"DelegatingLauncher.java","function":"org.junit.platform.launcher.core.DelegatingLauncher.execute","lineno":47,"inApp":true,"platform":"java"},{"filename":"LazyLauncher.java","absPath":"LazyLauncher.java","function":"org.apache.maven.surefire.junitplatform.LazyLauncher.execute","lineno":56,"inApp":false,"platform":"java"},{"filename":"JUnitPlatformProvider.java","absPath":"JUnitPlatformProvider.java","function":"org.apache.maven.surefire.junitplatform.JUnitPlatformProvider.execute","lineno":184,"inApp":false,"platform":"java"},{"filename":"JUnitPlatformProvider.java","absPath":"JUnitPlatformProvider.java","function":"org.apache.maven.surefire.junitplatform.JUnitPlatformProvider.invokeAllTests","lineno":148,"inApp":false,"platform":"java"},{"filename":"JUnitPlatformProvider.java","absPath":"JUnitPlatformProvider.java","function":"org.apache.maven.surefire.junitplatform.JUnitPlatformProvider.invoke","lineno":122,"inApp":false,"platform":"java"},{"filename":"ForkedBooter.java","absPath":"ForkedBooter.java","function":"org.apache.maven.surefire.booter.ForkedBooter.runSuitesInProcess","lineno":385,"inApp":false,"platform":"java"},{"filename":"ForkedBooter.java","absPath":"ForkedBooter.java","function":"org.apache.maven.surefire.booter.ForkedBooter.execute","lineno":162,"inApp":false,"platform":"java"},{"filename":"ForkedBooter.java","absPath":"ForkedBooter.java","function":"org.apache.maven.surefire.booter.ForkedBooter.run","lineno":507,"inApp":false,"platform":"java"},{"filename":"ForkedBooter.java","absPath":"ForkedBooter.java","function":"org.apache.maven.surefire.booter.ForkedBooter.main","lineno":495,"inApp":false,"platform":"java"}]}
20:09:20.139 [allstak-flush-errors] INFO dev.allstak.sdk -- [AllStak SDK DEBUG] Response from http://localhost:58185/ingest/v1/errors: 202 {"success":true,"data":{"id":"test"}}
20:09:20.145 [main] INFO dev.allstak.sdk -- [AllStak SDK DEBUG] AllStak SDK shutting down...
20:09:20.145 [main] INFO dev.allstak.sdk -- [AllStak SDK DEBUG] Flush worker 'logs' shut down
20:09:20.145 [main] INFO dev.allstak.sdk -- [AllStak SDK DEBUG] Flush worker 'errors' shut down
20:09:20.145 [main] INFO dev.allstak.sdk -- [AllStak SDK DEBUG] Flush worker 'http-requests' shut down
20:09:20.145 [main] INFO dev.allstak.sdk -- [AllStak SDK DEBUG] Flush worker 'heartbeats' shut down
20:09:20.145 [main] INFO dev.allstak.sdk -- [AllStak SDK DEBUG] Flush worker 'spans' shut down
20:09:20.145 [main] INFO dev.allstak.sdk -- [AllStak SDK DEBUG] Flush worker 'db-queries' shut down
20:09:20.145 [main] INFO dev.allstak.sdk -- [AllStak SDK DEBUG] AllStak SDK shut down complete
]]></system-out>
  </testcase>
  <testcase name="finishJob_returnsFastWhenIngestIsSlow" classname="dev.allstak.AllStakClientIntegrationTest" time="0.012">
    <system-out><![CDATA[20:09:20.147 [main] INFO dev.allstak.sdk -- [AllStak SDK DEBUG] Flush worker started for 'logs' with 500ms interval
20:09:20.148 [main] INFO dev.allstak.sdk -- [AllStak SDK DEBUG] Flush worker started for 'errors' with 500ms interval
20:09:20.148 [main] INFO dev.allstak.sdk -- [AllStak SDK DEBUG] Flush worker started for 'http-requests' with 500ms interval
20:09:20.148 [main] INFO dev.allstak.sdk -- [AllStak SDK DEBUG] Flush worker started for 'heartbeats' with 500ms interval
20:09:20.148 [main] INFO dev.allstak.sdk -- [AllStak SDK DEBUG] Flush worker started for 'spans' with 500ms interval
20:09:20.148 [main] INFO dev.allstak.sdk -- [AllStak SDK DEBUG] Flush worker started for 'db-queries' with 500ms interval
20:09:20.148 [main] INFO dev.allstak.sdk -- [AllStak SDK DEBUG] AllStak SDK initialized — host=https://api.allstak.sa, env=test, release=v0.0.1-test
20:09:20.157 [main] INFO dev.allstak.sdk -- [AllStak SDK DEBUG] AllStak SDK shutting down...
20:09:20.158 [main] INFO dev.allstak.sdk -- [AllStak SDK DEBUG] Flush worker 'logs' shut down
20:09:20.158 [main] INFO dev.allstak.sdk -- [AllStak SDK DEBUG] Flush worker 'errors' shut down
20:09:20.158 [main] INFO dev.allstak.sdk -- [AllStak SDK DEBUG] Flush worker 'http-requests' shut down
20:09:20.158 [main] INFO dev.allstak.sdk -- [AllStak SDK DEBUG] Flush worker 'heartbeats' shut down
20:09:20.158 [main] INFO dev.allstak.sdk -- [AllStak SDK DEBUG] Flush worker 'spans' shut down
20:09:20.158 [main] INFO dev.allstak.sdk -- [AllStak SDK DEBUG] Flush worker 'db-queries' shut down
20:09:20.158 [main] INFO dev.allstak.sdk -- [AllStak SDK DEBUG] AllStak SDK shut down complete
]]></system-out>
  </testcase>
  <testcase name="cronJobMonitoring_failedFlow" classname="dev.allstak.AllStakClientIntegrationTest" time="0.521">
    <system-out><![CDATA[20:09:20.160 [main] INFO dev.allstak.sdk -- [AllStak SDK DEBUG] Flush worker started for 'logs' with 500ms interval
20:09:20.160 [main] INFO dev.allstak.sdk -- [AllStak SDK DEBUG] Flush worker started for 'errors' with 500ms interval
20:09:20.160 [main] INFO dev.allstak.sdk -- [AllStak SDK DEBUG] Flush worker started for 'http-requests' with 500ms interval
20:09:20.160 [main] INFO dev.allstak.sdk -- [AllStak SDK DEBUG] Flush worker started for 'heartbeats' with 500ms interval
20:09:20.160 [main] INFO dev.allstak.sdk -- [AllStak SDK DEBUG] Flush worker started for 'spans' with 500ms interval
20:09:20.160 [main] INFO dev.allstak.sdk -- [AllStak SDK DEBUG] Flush worker started for 'db-queries' with 500ms interval
20:09:20.160 [main] INFO dev.allstak.sdk -- [AllStak SDK DEBUG] AllStak SDK initialized — host=https://api.allstak.sa, env=test, release=v0.0.1-test
20:09:20.662 [allstak-flush-heartbeats] INFO dev.allstak.sdk -- [AllStak SDK DEBUG] Flushing 1 heartbeats item(s)
20:09:20.664 [allstak-flush-heartbeats] INFO dev.allstak.sdk -- [AllStak SDK DEBUG] Sending to http://localhost:58185/ingest/v1/heartbeat: {"slug":"payment-sync","status":"failed","durationMs":0,"message":"DB connection refused","environment":"test","release":"v0.0.1-test"}
20:09:20.667 [allstak-flush-heartbeats] INFO dev.allstak.sdk -- [AllStak SDK DEBUG] Response from http://localhost:58185/ingest/v1/heartbeat: 202 {"success":true,"data":{"id":"test"}}
20:09:20.679 [main] INFO dev.allstak.sdk -- [AllStak SDK DEBUG] AllStak SDK shutting down...
20:09:20.679 [main] INFO dev.allstak.sdk -- [AllStak SDK DEBUG] Flush worker 'logs' shut down
20:09:20.679 [main] INFO dev.allstak.sdk -- [AllStak SDK DEBUG] Flush worker 'errors' shut down
20:09:20.679 [main] INFO dev.allstak.sdk -- [AllStak SDK DEBUG] Flush worker 'http-requests' shut down
20:09:20.679 [main] INFO dev.allstak.sdk -- [AllStak SDK DEBUG] Flush worker 'heartbeats' shut down
20:09:20.679 [main] INFO dev.allstak.sdk -- [AllStak SDK DEBUG] Flush worker 'spans' shut down
20:09:20.680 [main] INFO dev.allstak.sdk -- [AllStak SDK DEBUG] Flush worker 'db-queries' shut down
20:09:20.680 [main] INFO dev.allstak.sdk -- [AllStak SDK DEBUG] AllStak SDK shut down complete
]]></system-out>
  </testcase>
  <testcase name="captureException_stackTraceExtracted" classname="dev.allstak.AllStakClientIntegrationTest" time="0.621">
    <system-out><![CDATA[20:09:20.681 [main] INFO dev.allstak.sdk -- [AllStak SDK DEBUG] Flush worker started for 'logs' with 500ms interval
20:09:20.682 [main] INFO dev.allstak.sdk -- [AllStak SDK DEBUG] Flush worker started for 'errors' with 500ms interval
20:09:20.682 [main] INFO dev.allstak.sdk -- [AllStak SDK DEBUG] Flush worker started for 'http-requests' with 500ms interval
20:09:20.682 [main] INFO dev.allstak.sdk -- [AllStak SDK DEBUG] Flush worker started for 'heartbeats' with 500ms interval
20:09:20.682 [main] INFO dev.allstak.sdk -- [AllStak SDK DEBUG] Flush worker started for 'spans' with 500ms interval
20:09:20.682 [main] INFO dev.allstak.sdk -- [AllStak SDK DEBUG] Flush worker started for 'db-queries' with 500ms interval
20:09:20.682 [main] INFO dev.allstak.sdk -- [AllStak SDK DEBUG] AllStak SDK initialized — host=https://api.allstak.sa, env=test, release=v0.0.1-test
20:09:21.187 [allstak-flush-errors] INFO dev.allstak.sdk -- [AllStak SDK DEBUG] Flushing 1 errors item(s)
20:09:21.194 [allstak-flush-errors] INFO dev.allstak.sdk -- [AllStak SDK DEBUG] Sending to http://localhost:58185/ingest/v1/errors: {"exceptionClass":"java.lang.ArithmeticException","message":"Division by zero","stackTrace":["java.lang.ArithmeticException: Division by zero","at dev.allstak.AllStakClientIntegrationTest.captureException_stackTraceExtracted(AllStakClientIntegrationTest.java:104)","at jdk.internal.reflect.DirectMethodHandleAccessor.invoke(DirectMethodHandleAccessor.java:103)","at java.lang.reflect.Method.invoke(Method.java:580)","at org.junit.platform.commons.util.ReflectionUtils.invokeMethod(ReflectionUtils.java:728)","at org.junit.jupiter.engine.execution.MethodInvocation.proceed(MethodInvocation.java:60)","at org.junit.jupiter.engine.execution.InvocationInterceptorChain$ValidatingInvocation.proceed(InvocationInterceptorChain.java:131)","at org.junit.jupiter.engine.extension.TimeoutExtension.intercept(TimeoutExtension.java:156)","at org.junit.jupiter.engine.extension.TimeoutExtension.interceptTestableMethod(TimeoutExtension.java:147)","at org.junit.jupiter.engine.extension.TimeoutExtension.interceptTestMethod(TimeoutExtension.java:86)","at org.junit.jupiter.engine.execution.InterceptingExecutableInvoker$ReflectiveInterceptorCall.lambda$ofVoidMethod$0(InterceptingExecutableInvoker.java:103)","at org.junit.jupiter.engine.execution.InterceptingExecutableInvoker.lambda$invoke$0(InterceptingExecutableInvoker.java:93)","at org.junit.jupiter.engine.execution.InvocationInterceptorChain$InterceptedInvocation.proceed(InvocationInterceptorChain.java:106)","at org.junit.jupiter.engine.execution.InvocationInterceptorChain.proceed(InvocationInterceptorChain.java:64)","at org.junit.jupiter.engine.execution.InvocationInterceptorChain.chainAndInvoke(InvocationInterceptorChain.java:45)","at org.junit.jupiter.engine.execution.InvocationInterceptorChain.invoke(InvocationInterceptorChain.java:37)","at org.junit.jupiter.engine.execution.InterceptingExecutableInvoker.invoke(InterceptingExecutableInvoker.java:92)","at org.junit.jupiter.engine.execution.InterceptingExecutableInvoker.invoke(InterceptingExecutableInvoker.java:86)","at org.junit.jupiter.engine.descriptor.TestMethodTestDescriptor.lambda$invokeTestMethod$7(TestMethodTestDescriptor.java:218)","at org.junit.platform.engine.support.hierarchical.ThrowableCollector.execute(ThrowableCollector.java:73)","at org.junit.jupiter.engine.descriptor.TestMethodTestDescriptor.invokeTestMethod(TestMethodTestDescriptor.java:214)","at org.junit.jupiter.engine.descriptor.TestMethodTestDescriptor.execute(TestMethodTestDescriptor.java:139)","at org.junit.jupiter.engine.descriptor.TestMethodTestDescriptor.execute(TestMethodTestDescriptor.java:69)","at org.junit.platform.engine.support.hierarchical.NodeTestTask.lambda$executeRecursively$6(NodeTestTask.java:151)","at org.junit.platform.engine.support.hierarchical.ThrowableCollector.execute(ThrowableCollector.java:73)","at org.junit.platform.engine.support.hierarchical.NodeTestTask.lambda$executeRecursively$8(NodeTestTask.java:141)","at org.junit.platform.engine.support.hierarchical.Node.around(Node.java:137)","at org.junit.platform.engine.support.hierarchical.NodeTestTask.lambda$executeRecursively$9(NodeTestTask.java:139)","at org.junit.platform.engine.support.hierarchical.ThrowableCollector.execute(ThrowableCollector.java:73)","at org.junit.platform.engine.support.hierarchical.NodeTestTask.executeRecursively(NodeTestTask.java:138)","at org.junit.platform.engine.support.hierarchical.NodeTestTask.execute(NodeTestTask.java:95)","at java.util.ArrayList.forEach(ArrayList.java:1596)","at org.junit.platform.engine.support.hierarchical.SameThreadHierarchicalTestExecutorService.invokeAll(SameThreadHierarchicalTestExecutorService.java:41)","at org.junit.platform.engine.support.hierarchical.NodeTestTask.lambda$executeRecursively$6(NodeTestTask.java:155)","at org.junit.platform.engine.support.hierarchical.ThrowableCollector.execute(ThrowableCollector.java:73)","at org.junit.platform.engine.support.hierarchical.NodeTestTask.lambda$executeRecursively$8(NodeTestTask.java:141)","at org.junit.platform.engine.support.hierarchical.Node.around(Node.java:137)","at org.junit.platform.engine.support.hierarchical.NodeTestTask.lambda$executeRecursively$9(NodeTestTask.java:139)","at org.junit.platform.engine.support.hierarchical.ThrowableCollector.execute(ThrowableCollector.java:73)","at org.junit.platform.engine.support.hierarchical.NodeTestTask.executeRecursively(NodeTestTask.java:138)","at org.junit.platform.engine.support.hierarchical.NodeTestTask.execute(NodeTestTask.java:95)","at java.util.ArrayList.forEach(ArrayList.java:1596)","at org.junit.platform.engine.support.hierarchical.SameThreadHierarchicalTestExecutorService.invokeAll(SameThreadHierarchicalTestExecutorService.java:41)","at org.junit.platform.engine.support.hierarchical.NodeTestTask.lambda$executeRecursively$6(NodeTestTask.java:155)","at org.junit.platform.engine.support.hierarchical.ThrowableCollector.execute(ThrowableCollector.java:73)","at org.junit.platform.engine.support.hierarchical.NodeTestTask.lambda$executeRecursively$8(NodeTestTask.java:141)","at org.junit.platform.engine.support.hierarchical.Node.around(Node.java:137)","at org.junit.platform.engine.support.hierarchical.NodeTestTask.lambda$executeRecursively$9(NodeTestTask.java:139)","at org.junit.platform.engine.support.hierarchical.ThrowableCollector.execute(ThrowableCollector.java:73)","at org.junit.platform.engine.support.hierarchical.NodeTestTask.executeRecursively(NodeTestTask.java:138)","at org.junit.platform.engine.support.hierarchical.NodeTestTask.execute(NodeTestTask.java:95)","at org.junit.platform.engine.support.hierarchical.SameThreadHierarchicalTestExecutorService.submit(SameThreadHierarchicalTestExecutorService.java:35)","at org.junit.platform.engine.support.hierarchical.HierarchicalTestExecutor.execute(HierarchicalTestExecutor.java:57)","at org.junit.platform.engine.support.hierarchical.HierarchicalTestEngine.execute(HierarchicalTestEngine.java:54)","at org.junit.platform.launcher.core.EngineExecutionOrchestrator.execute(EngineExecutionOrchestrator.java:198)","at org.junit.platform.launcher.core.EngineExecutionOrchestrator.execute(EngineExecutionOrchestrator.java:169)","at org.junit.platform.launcher.core.EngineExecutionOrchestrator.execute(EngineExecutionOrchestrator.java:93)","at org.junit.platform.launcher.core.EngineExecutionOrchestrator.lambda$execute$0(EngineExecutionOrchestrator.java:58)","at org.junit.platform.launcher.core.EngineExecutionOrchestrator.withInterceptedStreams(EngineExecutionOrchestrator.java:141)","at org.junit.platform.launcher.core.EngineExecutionOrchestrator.execute(EngineExecutionOrchestrator.java:57)","at org.junit.platform.launcher.core.DefaultLauncher.execute(DefaultLauncher.java:103)","at org.junit.platform.launcher.core.DefaultLauncher.execute(DefaultLauncher.java:85)","at org.junit.platform.launcher.core.DelegatingLauncher.execute(DelegatingLauncher.java:47)","at org.apache.maven.surefire.junitplatform.LazyLauncher.execute(LazyLauncher.java:56)","at org.apache.maven.surefire.junitplatform.JUnitPlatformProvider.execute(JUnitPlatformProvider.java:184)","at org.apache.maven.surefire.junitplatform.JUnitPlatformProvider.invokeAllTests(JUnitPlatformProvider.java:148)","at org.apache.maven.surefire.junitplatform.JUnitPlatformProvider.invoke(JUnitPlatformProvider.java:122)","at org.apache.maven.surefire.booter.ForkedBooter.runSuitesInProcess(ForkedBooter.java:385)","at org.apache.maven.surefire.booter.ForkedBooter.execute(ForkedBooter.java:162)","at org.apache.maven.surefire.booter.ForkedBooter.run(ForkedBooter.java:507)","at org.apache.maven.surefire.booter.ForkedBooter.main(ForkedBooter.java:495)"],"level":"error","environment":"test","release":"v0.0.1-test","metadata":{"sdk.name":"allstak-java","sdk.version":"0.1.4","platform":"jvm"},"platform":"jvm","sdkName":"allstak-java","sdkVersion":"0.1.4","frames":[{"filename":"AllStakClientIntegrationTest.java","absPath":"AllStakClientIntegrationTest.java","function":"dev.allstak.AllStakClientIntegrationTest.captureException_stackTraceExtracted","lineno":104,"inApp":false,"platform":"java"},{"filename":"DirectMethodHandleAccessor.java","absPath":"DirectMethodHandleAccessor.java","function":"jdk.internal.reflect.DirectMethodHandleAccessor.invoke","lineno":103,"inApp":false,"platform":"java"},{"filename":"Method.java","absPath":"Method.java","function":"java.lang.reflect.Method.invoke","lineno":580,"inApp":false,"platform":"java"},{"filename":"ReflectionUtils.java","absPath":"ReflectionUtils.java","function":"org.junit.platform.commons.util.ReflectionUtils.invokeMethod","lineno":728,"inApp":true,"platform":"java"},{"filename":"MethodInvocation.java","absPath":"MethodInvocation.java","function":"org.junit.jupiter.engine.execution.MethodInvocation.proceed","lineno":60,"inApp":true,"platform":"java"},{"filename":"InvocationInterceptorChain.java","absPath":"InvocationInterceptorChain.java","function":"org.junit.jupiter.engine.execution.InvocationInterceptorChain$ValidatingInvocation.proceed","lineno":131,"inApp":true,"platform":"java"},{"filename":"TimeoutExtension.java","absPath":"TimeoutExtension.java","function":"org.junit.jupiter.engine.extension.TimeoutExtension.intercept","lineno":156,"inApp":true,"platform":"java"},{"filename":"TimeoutExtension.java","absPath":"TimeoutExtension.java","function":"org.junit.jupiter.engine.extension.TimeoutExtension.interceptTestableMethod","lineno":147,"inApp":true,"platform":"java"},{"filename":"TimeoutExtension.java","absPath":"TimeoutExtension.java","function":"org.junit.jupiter.engine.extension.TimeoutExtension.interceptTestMethod","lineno":86,"inApp":true,"platform":"java"},{"filename":"InterceptingExecutableInvoker.java","absPath":"InterceptingExecutableInvoker.java","function":"org.junit.jupiter.engine.execution.InterceptingExecutableInvoker$ReflectiveInterceptorCall.lambda$ofVoidMethod$0","lineno":103,"inApp":true,"platform":"java"},{"filename":"InterceptingExecutableInvoker.java","absPath":"InterceptingExecutableInvoker.java","function":"org.junit.jupiter.engine.execution.InterceptingExecutableInvoker.lambda$invoke$0","lineno":93,"inApp":true,"platform":"java"},{"filename":"InvocationInterceptorChain.java","absPath":"InvocationInterceptorChain.java","function":"org.junit.jupiter.engine.execution.InvocationInterceptorChain$InterceptedInvocation.proceed","lineno":106,"inApp":true,"platform":"java"},{"filename":"InvocationInterceptorChain.java","absPath":"InvocationInterceptorChain.java","function":"org.junit.jupiter.engine.execution.InvocationInterceptorChain.proceed","lineno":64,"inApp":true,"platform":"java"},{"filename":"InvocationInterceptorChain.java","absPath":"InvocationInterceptorChain.java","function":"org.junit.jupiter.engine.execution.InvocationInterceptorChain.chainAndInvoke","lineno":45,"inApp":true,"platform":"java"},{"filename":"InvocationInterceptorChain.java","absPath":"InvocationInterceptorChain.java","function":"org.junit.jupiter.engine.execution.InvocationInterceptorChain.invoke","lineno":37,"inApp":true,"platform":"java"},{"filename":"InterceptingExecutableInvoker.java","absPath":"InterceptingExecutableInvoker.java","function":"org.junit.jupiter.engine.execution.InterceptingExecutableInvoker.invoke","lineno":92,"inApp":true,"platform":"java"},{"filename":"InterceptingExecutableInvoker.java","absPath":"InterceptingExecutableInvoker.java","function":"org.junit.jupiter.engine.execution.InterceptingExecutableInvoker.invoke","lineno":86,"inApp":true,"platform":"java"},{"filename":"TestMethodTestDescriptor.java","absPath":"TestMethodTestDescriptor.java","function":"org.junit.jupiter.engine.descriptor.TestMethodTestDescriptor.lambda$invokeTestMethod$7","lineno":218,"inApp":true,"platform":"java"},{"filename":"ThrowableCollector.java","absPath":"ThrowableCollector.java","function":"org.junit.platform.engine.support.hierarchical.ThrowableCollector.execute","lineno":73,"inApp":true,"platform":"java"},{"filename":"TestMethodTestDescriptor.java","absPath":"TestMethodTestDescriptor.java","function":"org.junit.jupiter.engine.descriptor.TestMethodTestDescriptor.invokeTestMethod","lineno":214,"inApp":true,"platform":"java"},{"filename":"TestMethodTestDescriptor.java","absPath":"TestMethodTestDescriptor.java","function":"org.junit.jupiter.engine.descriptor.TestMethodTestDescriptor.execute","lineno":139,"inApp":true,"platform":"java"},{"filename":"TestMethodTestDescriptor.java","absPath":"TestMethodTestDescriptor.java","function":"org.junit.jupiter.engine.descriptor.TestMethodTestDescriptor.execute","lineno":69,"inApp":true,"platform":"java"},{"filename":"NodeTestTask.java","absPath":"NodeTestTask.java","function":"org.junit.platform.engine.support.hierarchical.NodeTestTask.lambda$executeRecursively$6","lineno":151,"inApp":true,"platform":"java"},{"filename":"ThrowableCollector.java","absPath":"ThrowableCollector.java","function":"org.junit.platform.engine.support.hierarchical.ThrowableCollector.execute","lineno":73,"inApp":true,"platform":"java"},{"filename":"NodeTestTask.java","absPath":"NodeTestTask.java","function":"org.junit.platform.engine.support.hierarchical.NodeTestTask.lambda$executeRecursively$8","lineno":141,"inApp":true,"platform":"java"},{"filename":"Node.java","absPath":"Node.java","function":"org.junit.platform.engine.support.hierarchical.Node.around","lineno":137,"inApp":true,"platform":"java"},{"filename":"NodeTestTask.java","absPath":"NodeTestTask.java","function":"org.junit.platform.engine.support.hierarchical.NodeTestTask.lambda$executeRecursively$9","lineno":139,"inApp":true,"platform":"java"},{"filename":"ThrowableCollector.java","absPath":"ThrowableCollector.java","function":"org.junit.platform.engine.support.hierarchical.ThrowableCollector.execute","lineno":73,"inApp":true,"platform":"java"},{"filename":"NodeTestTask.java","absPath":"NodeTestTask.java","function":"org.junit.platform.engine.support.hierarchical.NodeTestTask.executeRecursively","lineno":138,"inApp":true,"platform":"java"},{"filename":"NodeTestTask.java","absPath":"NodeTestTask.java","function":"org.junit.platform.engine.support.hierarchical.NodeTestTask.execute","lineno":95,"inApp":true,"platform":"java"},{"filename":"ArrayList.java","absPath":"ArrayList.java","function":"java.util.ArrayList.forEach","lineno":1596,"inApp":false,"platform":"java"},{"filename":"SameThreadHierarchicalTestExecutorService.java","absPath":"SameThreadHierarchicalTestExecutorService.java","function":"org.junit.platform.engine.support.hierarchical.SameThreadHierarchicalTestExecutorService.invokeAll","lineno":41,"inApp":true,"platform":"java"},{"filename":"NodeTestTask.java","absPath":"NodeTestTask.java","function":"org.junit.platform.engine.support.hierarchical.NodeTestTask.lambda$executeRecursively$6","lineno":155,"inApp":true,"platform":"java"},{"filename":"ThrowableCollector.java","absPath":"ThrowableCollector.java","function":"org.junit.platform.engine.support.hierarchical.ThrowableCollector.execute","lineno":73,"inApp":true,"platform":"java"},{"filename":"NodeTestTask.java","absPath":"NodeTestTask.java","function":"org.junit.platform.engine.support.hierarchical.NodeTestTask.lambda$executeRecursively$8","lineno":141,"inApp":true,"platform":"java"},{"filename":"Node.java","absPath":"Node.java","function":"org.junit.platform.engine.support.hierarchical.Node.around","lineno":137,"inApp":true,"platform":"java"},{"filename":"NodeTestTask.java","absPath":"NodeTestTask.java","function":"org.junit.platform.engine.support.hierarchical.NodeTestTask.lambda$executeRecursively$9","lineno":139,"inApp":true,"platform":"java"},{"filename":"ThrowableCollector.java","absPath":"ThrowableCollector.java","function":"org.junit.platform.engine.support.hierarchical.ThrowableCollector.execute","lineno":73,"inApp":true,"platform":"java"},{"filename":"NodeTestTask.java","absPath":"NodeTestTask.java","function":"org.junit.platform.engine.support.hierarchical.NodeTestTask.executeRecursively","lineno":138,"inApp":true,"platform":"java"},{"filename":"NodeTestTask.java","absPath":"NodeTestTask.java","function":"org.junit.platform.engine.support.hierarchical.NodeTestTask.execute","lineno":95,"inApp":true,"platform":"java"},{"filename":"ArrayList.java","absPath":"ArrayList.java","function":"java.util.ArrayList.forEach","lineno":1596,"inApp":false,"platform":"java"},{"filename":"SameThreadHierarchicalTestExecutorService.java","absPath":"SameThreadHierarchicalTestExecutorService.java","function":"org.junit.platform.engine.support.hierarchical.SameThreadHierarchicalTestExecutorService.invokeAll","lineno":41,"inApp":true,"platform":"java"},{"filename":"NodeTestTask.java","absPath":"NodeTestTask.java","function":"org.junit.platform.engine.support.hierarchical.NodeTestTask.lambda$executeRecursively$6","lineno":155,"inApp":true,"platform":"java"},{"filename":"ThrowableCollector.java","absPath":"ThrowableCollector.java","function":"org.junit.platform.engine.support.hierarchical.ThrowableCollector.execute","lineno":73,"inApp":true,"platform":"java"},{"filename":"NodeTestTask.java","absPath":"NodeTestTask.java","function":"org.junit.platform.engine.support.hierarchical.NodeTestTask.lambda$executeRecursively$8","lineno":141,"inApp":true,"platform":"java"},{"filename":"Node.java","absPath":"Node.java","function":"org.junit.platform.engine.support.hierarchical.Node.around","lineno":137,"inApp":true,"platform":"java"},{"filename":"NodeTestTask.java","absPath":"NodeTestTask.java","function":"org.junit.platform.engine.support.hierarchical.NodeTestTask.lambda$executeRecursively$9","lineno":139,"inApp":true,"platform":"java"},{"filename":"ThrowableCollector.java","absPath":"ThrowableCollector.java","function":"org.junit.platform.engine.support.hierarchical.ThrowableCollector.execute","lineno":73,"inApp":true,"platform":"java"},{"filename":"NodeTestTask.java","absPath":"NodeTestTask.java","function":"org.junit.platform.engine.support.hierarchical.NodeTestTask.executeRecursively","lineno":138,"inApp":true,"platform":"java"},{"filename":"NodeTestTask.java","absPath":"NodeTestTask.java","function":"org.junit.platform.engine.support.hierarchical.NodeTestTask.execute","lineno":95,"inApp":true,"platform":"java"},{"filename":"SameThreadHierarchicalTestExecutorService.java","absPath":"SameThreadHierarchicalTestExecutorService.java","function":"org.junit.platform.engine.support.hierarchical.SameThreadHierarchicalTestExecutorService.submit","lineno":35,"inApp":true,"platform":"java"},{"filename":"HierarchicalTestExecutor.java","absPath":"HierarchicalTestExecutor.java","function":"org.junit.platform.engine.support.hierarchical.HierarchicalTestExecutor.execute","lineno":57,"inApp":true,"platform":"java"},{"filename":"HierarchicalTestEngine.java","absPath":"HierarchicalTestEngine.java","function":"org.junit.platform.engine.support.hierarchical.HierarchicalTestEngine.execute","lineno":54,"inApp":true,"platform":"java"},{"filename":"EngineExecutionOrchestrator.java","absPath":"EngineExecutionOrchestrator.java","function":"org.junit.platform.launcher.core.EngineExecutionOrchestrator.execute","lineno":198,"inApp":true,"platform":"java"},{"filename":"EngineExecutionOrchestrator.java","absPath":"EngineExecutionOrchestrator.java","function":"org.junit.platform.launcher.core.EngineExecutionOrchestrator.execute","lineno":169,"inApp":true,"platform":"java"},{"filename":"EngineExecutionOrchestrator.java","absPath":"EngineExecutionOrchestrator.java","function":"org.junit.platform.launcher.core.EngineExecutionOrchestrator.execute","lineno":93,"inApp":true,"platform":"java"},{"filename":"EngineExecutionOrchestrator.java","absPath":"EngineExecutionOrchestrator.java","function":"org.junit.platform.launcher.core.EngineExecutionOrchestrator.lambda$execute$0","lineno":58,"inApp":true,"platform":"java"},{"filename":"EngineExecutionOrchestrator.java","absPath":"EngineExecutionOrchestrator.java","function":"org.junit.platform.launcher.core.EngineExecutionOrchestrator.withInterceptedStreams","lineno":141,"inApp":true,"platform":"java"},{"filename":"EngineExecutionOrchestrator.java","absPath":"EngineExecutionOrchestrator.java","function":"org.junit.platform.launcher.core.EngineExecutionOrchestrator.execute","lineno":57,"inApp":true,"platform":"java"},{"filename":"DefaultLauncher.java","absPath":"DefaultLauncher.java","function":"org.junit.platform.launcher.core.DefaultLauncher.execute","lineno":103,"inApp":true,"platform":"java"},{"filename":"DefaultLauncher.java","absPath":"DefaultLauncher.java","function":"org.junit.platform.launcher.core.DefaultLauncher.execute","lineno":85,"inApp":true,"platform":"java"},{"filename":"DelegatingLauncher.java","absPath":"DelegatingLauncher.java","function":"org.junit.platform.launcher.core.DelegatingLauncher.execute","lineno":47,"inApp":true,"platform":"java"},{"filename":"LazyLauncher.java","absPath":"LazyLauncher.java","function":"org.apache.maven.surefire.junitplatform.LazyLauncher.execute","lineno":56,"inApp":false,"platform":"java"},{"filename":"JUnitPlatformProvider.java","absPath":"JUnitPlatformProvider.java","function":"org.apache.maven.surefire.junitplatform.JUnitPlatformProvider.execute","lineno":184,"inApp":false,"platform":"java"},{"filename":"JUnitPlatformProvider.java","absPath":"JUnitPlatformProvider.java","function":"org.apache.maven.surefire.junitplatform.JUnitPlatformProvider.invokeAllTests","lineno":148,"inApp":false,"platform":"java"},{"filename":"JUnitPlatformProvider.java","absPath":"JUnitPlatformProvider.java","function":"org.apache.maven.surefire.junitplatform.JUnitPlatformProvider.invoke","lineno":122,"inApp":false,"platform":"java"},{"filename":"ForkedBooter.java","absPath":"ForkedBooter.java","function":"org.apache.maven.surefire.booter.ForkedBooter.runSuitesInProcess","lineno":385,"inApp":false,"platform":"java"},{"filename":"ForkedBooter.java","absPath":"ForkedBooter.java","function":"org.apache.maven.surefire.booter.ForkedBooter.execute","lineno":162,"inApp":false,"platform":"java"},{"filename":"ForkedBooter.java","absPath":"ForkedBooter.java","function":"org.apache.maven.surefire.booter.ForkedBooter.run","lineno":507,"inApp":false,"platform":"java"},{"filename":"ForkedBooter.java","absPath":"ForkedBooter.java","function":"org.apache.maven.surefire.booter.ForkedBooter.main","lineno":495,"inApp":false,"platform":"java"}]}
20:09:21.199 [allstak-flush-errors] INFO dev.allstak.sdk -- [AllStak SDK DEBUG] Response from http://localhost:58185/ingest/v1/errors: 202 {"success":true,"data":{"id":"test"}}
20:09:21.301 [main] INFO dev.allstak.sdk -- [AllStak SDK DEBUG] AllStak SDK shutting down...
20:09:21.301 [main] INFO dev.allstak.sdk -- [AllStak SDK DEBUG] Flush worker 'logs' shut down
20:09:21.301 [main] INFO dev.allstak.sdk -- [AllStak SDK DEBUG] Flush worker 'errors' shut down
20:09:21.301 [main] INFO dev.allstak.sdk -- [AllStak SDK DEBUG] Flush worker 'http-requests' shut down
20:09:21.301 [main] INFO dev.allstak.sdk -- [AllStak SDK DEBUG] Flush worker 'heartbeats' shut down
20:09:21.301 [main] INFO dev.allstak.sdk -- [AllStak SDK DEBUG] Flush worker 'spans' shut down
20:09:21.301 [main] INFO dev.allstak.sdk -- [AllStak SDK DEBUG] Flush worker 'db-queries' shut down
20:09:21.301 [main] INFO dev.allstak.sdk -- [AllStak SDK DEBUG] AllStak SDK shut down complete
]]></system-out>
  </testcase>
  <testcase name="afterShutdown_captureIsNoOp" classname="dev.allstak.AllStakClientIntegrationTest" time="0.004">
    <system-out><![CDATA[20:09:21.304 [main] INFO dev.allstak.sdk -- [AllStak SDK DEBUG] Flush worker started for 'logs' with 500ms interval
20:09:21.304 [main] INFO dev.allstak.sdk -- [AllStak SDK DEBUG] Flush worker started for 'errors' with 500ms interval
20:09:21.304 [main] INFO dev.allstak.sdk -- [AllStak SDK DEBUG] Flush worker started for 'http-requests' with 500ms interval
20:09:21.304 [main] INFO dev.allstak.sdk -- [AllStak SDK DEBUG] Flush worker started for 'heartbeats' with 500ms interval
20:09:21.304 [main] INFO dev.allstak.sdk -- [AllStak SDK DEBUG] Flush worker started for 'spans' with 500ms interval
20:09:21.304 [main] INFO dev.allstak.sdk -- [AllStak SDK DEBUG] Flush worker started for 'db-queries' with 500ms interval
20:09:21.304 [main] INFO dev.allstak.sdk -- [AllStak SDK DEBUG] AllStak SDK initialized — host=https://api.allstak.sa, env=test, release=v0.0.1-test
20:09:21.305 [main] INFO dev.allstak.sdk -- [AllStak SDK DEBUG] AllStak SDK shutting down...
20:09:21.305 [main] INFO dev.allstak.sdk -- [AllStak SDK DEBUG] Flush worker 'logs' shut down
20:09:21.305 [main] INFO dev.allstak.sdk -- [AllStak SDK DEBUG] Flush worker 'errors' shut down
20:09:21.305 [main] INFO dev.allstak.sdk -- [AllStak SDK DEBUG] Flush worker 'http-requests' shut down
20:09:21.305 [main] INFO dev.allstak.sdk -- [AllStak SDK DEBUG] Flush worker 'heartbeats' shut down
20:09:21.305 [main] INFO dev.allstak.sdk -- [AllStak SDK DEBUG] Flush worker 'spans' shut down
20:09:21.305 [main] INFO dev.allstak.sdk -- [AllStak SDK DEBUG] Flush worker 'db-queries' shut down
20:09:21.305 [main] INFO dev.allstak.sdk -- [AllStak SDK DEBUG] AllStak SDK shut down complete
]]></system-out>
  </testcase>
  <testcase name="captureException_returnsFastWhenIngestIsSlow" classname="dev.allstak.AllStakClientIntegrationTest" time="0.004">
    <system-out><![CDATA[20:09:21.307 [main] INFO dev.allstak.sdk -- [AllStak SDK DEBUG] Flush worker started for 'logs' with 500ms interval
20:09:21.308 [main] INFO dev.allstak.sdk -- [AllStak SDK DEBUG] Flush worker started for 'errors' with 500ms interval
20:09:21.308 [main] INFO dev.allstak.sdk -- [AllStak SDK DEBUG] Flush worker started for 'http-requests' with 500ms interval
20:09:21.308 [main] INFO dev.allstak.sdk -- [AllStak SDK DEBUG] Flush worker started for 'heartbeats' with 500ms interval
20:09:21.308 [main] INFO dev.allstak.sdk -- [AllStak SDK DEBUG] Flush worker started for 'spans' with 500ms interval
20:09:21.308 [main] INFO dev.allstak.sdk -- [AllStak SDK DEBUG] Flush worker started for 'db-queries' with 500ms interval
20:09:21.308 [main] INFO dev.allstak.sdk -- [AllStak SDK DEBUG] AllStak SDK initialized — host=https://api.allstak.sa, env=test, release=v0.0.1-test
20:09:21.309 [main] INFO dev.allstak.sdk -- [AllStak SDK DEBUG] AllStak SDK shutting down...
20:09:21.310 [main] INFO dev.allstak.sdk -- [AllStak SDK DEBUG] Flush worker 'logs' shut down
20:09:21.310 [main] INFO dev.allstak.sdk -- [AllStak SDK DEBUG] Flush worker 'errors' shut down
20:09:21.310 [main] INFO dev.allstak.sdk -- [AllStak SDK DEBUG] Flush worker 'http-requests' shut down
20:09:21.310 [main] INFO dev.allstak.sdk -- [AllStak SDK DEBUG] Flush worker 'heartbeats' shut down
20:09:21.310 [main] INFO dev.allstak.sdk -- [AllStak SDK DEBUG] Flush worker 'spans' shut down
20:09:21.310 [main] INFO dev.allstak.sdk -- [AllStak SDK DEBUG] Flush worker 'db-queries' shut down
20:09:21.310 [main] INFO dev.allstak.sdk -- [AllStak SDK DEBUG] AllStak SDK shut down complete
]]></system-out>
  </testcase>
  <testcase name="authFailure_disablesAllOperations" classname="dev.allstak.AllStakClientIntegrationTest" time="0.533">
    <system-out><![CDATA[20:09:21.312 [main] INFO dev.allstak.sdk -- [AllStak SDK DEBUG] Flush worker started for 'logs' with 500ms interval
20:09:21.312 [main] INFO dev.allstak.sdk -- [AllStak SDK DEBUG] Flush worker started for 'errors' with 500ms interval
20:09:21.312 [main] INFO dev.allstak.sdk -- [AllStak SDK DEBUG] Flush worker started for 'http-requests' with 500ms interval
20:09:21.313 [main] INFO dev.allstak.sdk -- [AllStak SDK DEBUG] Flush worker started for 'heartbeats' with 500ms interval
20:09:21.313 [main] INFO dev.allstak.sdk -- [AllStak SDK DEBUG] Flush worker started for 'spans' with 500ms interval
20:09:21.313 [main] INFO dev.allstak.sdk -- [AllStak SDK DEBUG] Flush worker started for 'db-queries' with 500ms interval
20:09:21.313 [main] INFO dev.allstak.sdk -- [AllStak SDK DEBUG] AllStak SDK initialized — host=https://api.allstak.sa, env=test, release=v0.0.1-test
20:09:21.816 [allstak-flush-errors] INFO dev.allstak.sdk -- [AllStak SDK DEBUG] Flushing 1 errors item(s)
20:09:21.822 [allstak-flush-errors] INFO dev.allstak.sdk -- [AllStak SDK DEBUG] Sending to http://localhost:58185/ingest/v1/errors: {"exceptionClass":"java.lang.RuntimeException","message":"trigger 401","stackTrace":["java.lang.RuntimeException: trigger 401","at dev.allstak.AllStakClientIntegrationTest.authFailure_disablesAllOperations(AllStakClientIntegrationTest.java:333)","at jdk.internal.reflect.DirectMethodHandleAccessor.invoke(DirectMethodHandleAccessor.java:103)","at java.lang.reflect.Method.invoke(Method.java:580)","at org.junit.platform.commons.util.ReflectionUtils.invokeMethod(ReflectionUtils.java:728)","at org.junit.jupiter.engine.execution.MethodInvocation.proceed(MethodInvocation.java:60)","at org.junit.jupiter.engine.execution.InvocationInterceptorChain$ValidatingInvocation.proceed(InvocationInterceptorChain.java:131)","at org.junit.jupiter.engine.extension.TimeoutExtension.intercept(TimeoutExtension.java:156)","at org.junit.jupiter.engine.extension.TimeoutExtension.interceptTestableMethod(TimeoutExtension.java:147)","at org.junit.jupiter.engine.extension.TimeoutExtension.interceptTestMethod(TimeoutExtension.java:86)","at org.junit.jupiter.engine.execution.InterceptingExecutableInvoker$ReflectiveInterceptorCall.lambda$ofVoidMethod$0(InterceptingExecutableInvoker.java:103)","at org.junit.jupiter.engine.execution.InterceptingExecutableInvoker.lambda$invoke$0(InterceptingExecutableInvoker.java:93)","at org.junit.jupiter.engine.execution.InvocationInterceptorChain$InterceptedInvocation.proceed(InvocationInterceptorChain.java:106)","at org.junit.jupiter.engine.execution.InvocationInterceptorChain.proceed(InvocationInterceptorChain.java:64)","at org.junit.jupiter.engine.execution.InvocationInterceptorChain.chainAndInvoke(InvocationInterceptorChain.java:45)","at org.junit.jupiter.engine.execution.InvocationInterceptorChain.invoke(InvocationInterceptorChain.java:37)","at org.junit.jupiter.engine.execution.InterceptingExecutableInvoker.invoke(InterceptingExecutableInvoker.java:92)","at org.junit.jupiter.engine.execution.InterceptingExecutableInvoker.invoke(InterceptingExecutableInvoker.java:86)","at org.junit.jupiter.engine.descriptor.TestMethodTestDescriptor.lambda$invokeTestMethod$7(TestMethodTestDescriptor.java:218)","at org.junit.platform.engine.support.hierarchical.ThrowableCollector.execute(ThrowableCollector.java:73)","at org.junit.jupiter.engine.descriptor.TestMethodTestDescriptor.invokeTestMethod(TestMethodTestDescriptor.java:214)","at org.junit.jupiter.engine.descriptor.TestMethodTestDescriptor.execute(TestMethodTestDescriptor.java:139)","at org.junit.jupiter.engine.descriptor.TestMethodTestDescriptor.execute(TestMethodTestDescriptor.java:69)","at org.junit.platform.engine.support.hierarchical.NodeTestTask.lambda$executeRecursively$6(NodeTestTask.java:151)","at org.junit.platform.engine.support.hierarchical.ThrowableCollector.execute(ThrowableCollector.java:73)","at org.junit.platform.engine.support.hierarchical.NodeTestTask.lambda$executeRecursively$8(NodeTestTask.java:141)","at org.junit.platform.engine.support.hierarchical.Node.around(Node.java:137)","at org.junit.platform.engine.support.hierarchical.NodeTestTask.lambda$executeRecursively$9(NodeTestTask.java:139)","at org.junit.platform.engine.support.hierarchical.ThrowableCollector.execute(ThrowableCollector.java:73)","at org.junit.platform.engine.support.hierarchical.NodeTestTask.executeRecursively(NodeTestTask.java:138)","at org.junit.platform.engine.support.hierarchical.NodeTestTask.execute(NodeTestTask.java:95)","at java.util.ArrayList.forEach(ArrayList.java:1596)","at org.junit.platform.engine.support.hierarchical.SameThreadHierarchicalTestExecutorService.invokeAll(SameThreadHierarchicalTestExecutorService.java:41)","at org.junit.platform.engine.support.hierarchical.NodeTestTask.lambda$executeRecursively$6(NodeTestTask.java:155)","at org.junit.platform.engine.support.hierarchical.ThrowableCollector.execute(ThrowableCollector.java:73)","at org.junit.platform.engine.support.hierarchical.NodeTestTask.lambda$executeRecursively$8(NodeTestTask.java:141)","at org.junit.platform.engine.support.hierarchical.Node.around(Node.java:137)","at org.junit.platform.engine.support.hierarchical.NodeTestTask.lambda$executeRecursively$9(NodeTestTask.java:139)","at org.junit.platform.engine.support.hierarchical.ThrowableCollector.execute(ThrowableCollector.java:73)","at org.junit.platform.engine.support.hierarchical.NodeTestTask.executeRecursively(NodeTestTask.java:138)","at org.junit.platform.engine.support.hierarchical.NodeTestTask.execute(NodeTestTask.java:95)","at java.util.ArrayList.forEach(ArrayList.java:1596)","at org.junit.platform.engine.support.hierarchical.SameThreadHierarchicalTestExecutorService.invokeAll(SameThreadHierarchicalTestExecutorService.java:41)","at org.junit.platform.engine.support.hierarchical.NodeTestTask.lambda$executeRecursively$6(NodeTestTask.java:155)","at org.junit.platform.engine.support.hierarchical.ThrowableCollector.execute(ThrowableCollector.java:73)","at org.junit.platform.engine.support.hierarchical.NodeTestTask.lambda$executeRecursively$8(NodeTestTask.java:141)","at org.junit.platform.engine.support.hierarchical.Node.around(Node.java:137)","at org.junit.platform.engine.support.hierarchical.NodeTestTask.lambda$executeRecursively$9(NodeTestTask.java:139)","at org.junit.platform.engine.support.hierarchical.ThrowableCollector.execute(ThrowableCollector.java:73)","at org.junit.platform.engine.support.hierarchical.NodeTestTask.executeRecursively(NodeTestTask.java:138)","at org.junit.platform.engine.support.hierarchical.NodeTestTask.execute(NodeTestTask.java:95)","at org.junit.platform.engine.support.hierarchical.SameThreadHierarchicalTestExecutorService.submit(SameThreadHierarchicalTestExecutorService.java:35)","at org.junit.platform.engine.support.hierarchical.HierarchicalTestExecutor.execute(HierarchicalTestExecutor.java:57)","at org.junit.platform.engine.support.hierarchical.HierarchicalTestEngine.execute(HierarchicalTestEngine.java:54)","at org.junit.platform.launcher.core.EngineExecutionOrchestrator.execute(EngineExecutionOrchestrator.java:198)","at org.junit.platform.launcher.core.EngineExecutionOrchestrator.execute(EngineExecutionOrchestrator.java:169)","at org.junit.platform.launcher.core.EngineExecutionOrchestrator.execute(EngineExecutionOrchestrator.java:93)","at org.junit.platform.launcher.core.EngineExecutionOrchestr
[...]
ilename":"DirectMethodHandleAccessor.java","absPath":"DirectMethodHandleAccessor.java","function":"jdk.internal.reflect.DirectMethodHandleAccessor.invoke","lineno":103,"inApp":false,"platform":"java"},{"filename":"Method.java","absPath":"Method.java","function":"java.lang.reflect.Method.invoke","lineno":580,"inApp":false,"platform":"java"},{"filename":"ReflectionUtils.java","absPath":"ReflectionUtils.java","function":"org.junit.platform.commons.util.ReflectionUtils.invokeMethod","lineno":728,"inApp":true,"platform":"java"},{"filename":"MethodInvocation.java","absPath":"MethodInvocation.java","function":"org.junit.jupiter.engine.execution.MethodInvocation.proceed","lineno":60,"inApp":true,"platform":"java"},{"filename":"InvocationInterceptorChain.java","absPath":"InvocationInterceptorChain.java","function":"org.junit.jupiter.engine.execution.InvocationInterceptorChain$ValidatingInvocation.proceed","lineno":131,"inApp":true,"platform":"java"},{"filename":"TimeoutExtension.java","absPath":"TimeoutExtension.java","function":"org.junit.jupiter.engine.extension.TimeoutExtension.intercept","lineno":156,"inApp":true,"platform":"java"},{"filename":"TimeoutExtension.java","absPath":"TimeoutExtension.java","function":"org.junit.jupiter.engine.extension.TimeoutExtension.interceptTestableMethod","lineno":147,"inApp":true,"platform":"java"},{"filename":"TimeoutExtension.java","absPath":"TimeoutExtension.java","function":"org.junit.jupiter.engine.extension.TimeoutExtension.interceptTestMethod","lineno":86,"inApp":true,"platform":"java"},{"filename":"InterceptingExecutableInvoker.java","absPath":"InterceptingExecutableInvoker.java","function":"org.junit.jupiter.engine.execution.InterceptingExecutableInvoker$ReflectiveInterceptorCall.lambda$ofVoidMethod$0","lineno":103,"inApp":true,"platform":"java"},{"filename":"InterceptingExecutableInvoker.java","absPath":"InterceptingExecutableInvoker.java","function":"org.junit.jupiter.engine.execution.InterceptingExecutableInvoker.lambda$invoke$0","lineno":93,"inApp":true,"platform":"java"},{"filename":"InvocationInterceptorChain.java","absPath":"InvocationInterceptorChain.java","function":"org.junit.jupiter.engine.execution.InvocationInterceptorChain$InterceptedInvocation.proceed","lineno":106,"inApp":true,"platform":"java"},{"filename":"InvocationInterceptorChain.java","absPath":"InvocationInterceptorChain.java","function":"org.junit.jupiter.engine.execution.InvocationInterceptorChain.proceed","lineno":64,"inApp":true,"platform":"java"},{"filename":"InvocationInterceptorChain.java","absPath":"InvocationInterceptorChain.java","function":"org.junit.jupiter.engine.execution.InvocationInterceptorChain.chainAndInvoke","lineno":45,"inApp":true,"platform":"java"},{"filename":"InvocationInterceptorChain.java","absPath":"InvocationInterceptorChain.java","function":"org.junit.jupiter.engine.execution.InvocationInterceptorChain.invoke","lineno":37,"inApp":true,"platform":"java"},{"filename":"InterceptingExecutableInvoker.java","absPath":"InterceptingExecutableInvoker.java","function":"org.junit.jupiter.engine.execution.InterceptingExecutableInvoker.invoke","lineno":92,"inApp":true,"platform":"java"},{"filename":"InterceptingExecutableInvoker.java","absPath":"InterceptingExecutableInvoker.java","function":"org.junit.jupiter.engine.execution.InterceptingExecutableInvoker.invoke","lineno":86,"inApp":true,"platform":"java"},{"filename":"TestMethodTestDescriptor.java","absPath":"TestMethodTestDescriptor.java","function":"org.junit.jupiter.engine.descriptor.TestMethodTestDescriptor.lambda$invokeTestMethod$7","lineno":218,"inApp":true,"platform":"java"},{"filename":"ThrowableCollector.java","absPath":"ThrowableCollector.java","function":"org.junit.platform.engine.support.hierarchical.ThrowableCollector.execute","lineno":73,"inApp":true,"platform":"java"},{"filename":"TestMethodTestDescriptor.java","absPath":"TestMethodTestDescriptor.java","function":"org.junit.jupiter.engine.descriptor.TestMethodTestDescriptor.invokeTestMethod","lineno":214,"inApp":true,"platform":"java"},{"filename":"TestMethodTestDescriptor.java","absPath":"TestMethodTestDescriptor.java","function":"org.junit.jupiter.engine.descriptor.TestMethodTestDescriptor.execute","lineno":139,"inApp":true,"platform":"java"},{"filename":"TestMethodTestDescriptor.java","absPath":"TestMethodTestDescriptor.java","function":"org.junit.jupiter.engine.descriptor.TestMethodTestDescriptor.execute","lineno":69,"inApp":true,"platform":"java"},{"filename":"NodeTestTask.java","absPath":"NodeTestTask.java","function":"org.junit.platform.engine.support.hierarchical.NodeTestTask.lambda$executeRecursively$6","lineno":151,"inApp":true,"platform":"java"},{"filename":"ThrowableCollector.java","absPath":"ThrowableCollector.java","function":"org.junit.platform.engine.support.hierarchical.ThrowableCollector.execute","lineno":73,"inApp":true,"platform":"java"},{"filename":"NodeTestTask.java","absPath":"NodeTestTask.java","function":"org.junit.platform.engine.support.hierarchical.NodeTestTask.lambda$executeRecursively$8","lineno":141,"inApp":true,"platform":"java"},{"filename":"Node.java","absPath":"Node.java","function":"org.junit.platform.engine.support.hierarchical.Node.around","lineno":137,"inApp":true,"platform":"java"},{"filename":"NodeTestTask.java","absPath":"NodeTestTask.java","function":"org.junit.platform.engine.support.hierarchical.NodeTestTask.lambda$executeRecursively$9","lineno":139,"inApp":true,"platform":"java"},{"filename":"ThrowableCollector.java","absPath":"ThrowableCollector.java","function":"org.junit.platform.engine.support.hierarchical.ThrowableCollector.execute","lineno":73,"inApp":true,"platform":"java"},{"filename":"NodeTestTask.java","absPath":"NodeTestTask.java","function":"org.junit.platform.engine.support.hierarchical.NodeTestTask.executeRecursively","lineno":138,"inApp":true,"platform":"java"},{"filename":"NodeTestTask.java","absPath":"NodeTestTask.java","function":"org.junit.platform.engine.support.hierarchical.NodeTestTask.execute","lineno":95,"inApp":true,"platform":"java"},{"filename":"ArrayList.java","absPath":"ArrayList.java","function":"java.util.ArrayList.forEach","lineno":1596,"inApp":false,"platform":"java"},{"filename":"SameThreadHierarchicalTestExecutorService.java","absPath":"SameThreadHierarchicalTestExecutorService.java","function":"org.junit.platform.engine.support.hierarchical.SameThreadHierarchicalTestExecutorService.invokeAll","lineno":41,"inApp":true,"platform":"java"},{"filename":"NodeTestTask.java","absPath":"NodeTestTask.java","function":"org.junit.platform.engine.support.hierarchical.NodeTestTask.lambda$executeRecursively$6","lineno":155,"inApp":true,"platform":"java"},{"filename":"ThrowableCollector.java","absPath":"ThrowableCollector.java","function":"org.junit.platform.engine.support.hierarchical.ThrowableCollector.execute","lineno":73,"inApp":true,"platform":"java"},{"filename":"NodeTestTask.java","absPath":"NodeTestTask.java","function":"org.junit.platform.engine.support.hierarchical.NodeTestTask.lambda$executeRecursively$8","lineno":141,"inApp":true,"platform":"java"},{"filename":"Node.java","absPath":"Node.java","function":"org.junit.platform.engine.support.hierarchical.Node.around","lineno":137,"inApp":true,"platform":"java"},{"filename":"NodeTestTask.java","absPath":"NodeTestTask.java","function":"org.junit.platform.engine.support.hierarchical.NodeTestTask.lambda$executeRecursively$9","lineno":139,"inApp":true,"platform":"java"},{"filename":"ThrowableCollector.java","absPath":"ThrowableCollector.java","function":"org.junit.platform.engine.support.hierarchical.ThrowableCollector.execute","lineno":73,"inApp":true,"platform":"java"},{"filename":"NodeTestTask.java","absPath":"NodeTestTask.java","function":"org.junit.platform.engine.support.hierarchical.NodeTestTask.executeRecursively","lineno":138,"inApp":true,"platform":"java"},{"filename":"NodeTestTask.java","absPath":"NodeTestTask.java","function":"org.junit.platform.engine.support.hierarchical.NodeTestTask.execute","lineno":95,"inApp":true,"platform":"java"},{"filename":"ArrayList.java","absPath":"ArrayList.java","function":"java.util.ArrayList.forEach","lineno":1596,"inApp":false,"platform":"java"},{"filename":"SameThreadHierarchicalTestExecutorService.java","absPath":"SameThreadHierarchicalTestExecutorService.java","function":"org.junit.platform.engine.support.hierarchical.SameThreadHierarchicalTestExecutorService.invokeAll","lineno":41,"inApp":true,"platform":"java"},{"filename":"NodeTestTask.java","absPath":"NodeTestTask.java","function":"org.junit.platform.engine.support.hierarchical.NodeTestTask.lambda$executeRecursively$6","lineno":155,"inApp":true,"platform":"java"},{"filename":"ThrowableCollector.java","absPath":"ThrowableCollector.java","function":"org.junit.platform.engine.support.hierarchical.ThrowableCollector.execute","lineno":73,"inApp":true,"platform":"java"},{"filename":"NodeTestTask.java","absPath":"NodeTestTask.java","function":"org.junit.platform.engine.support.hierarchical.NodeTestTask.lambda$executeRecursively$8","lineno":141,"inApp":true,"platform":"java"},{"filename":"Node.java","absPath":"Node.java","function":"org.junit.platform.engine.support.hierarchical.Node.around","lineno":137,"inApp":true,"platform":"java"},{"filename":"NodeTestTask.java","absPath":"NodeTestTask.java","function":"org.junit.platform.engine.support.hierarchical.NodeTestTask.lambda$executeRecursively$9","lineno":139,"inApp":true,"platform":"java"},{"filename":"ThrowableCollector.java","absPath":"ThrowableCollector.java","function":"org.junit.platform.engine.support.hierarchical.ThrowableCollector.execute","lineno":73,"inApp":true,"platform":"java"},{"filename":"NodeTestTask.java","absPath":"NodeTestTask.java","function":"org.junit.platform.engine.support.hierarchical.NodeTestTask.executeRecursively","lineno":138,"inApp":true,"platform":"java"},{"filename":"NodeTestTask.java","absPath":"NodeTestTask.java","function":"org.junit.platform.engine.support.hierarchical.NodeTestTask.execute","lineno":95,"inApp":true,"platform":"java"},{"filename":"SameThreadHierarchicalTestExecutorService.java","absPath":"SameThreadHierarchicalTestExecutorService.java","function":"org.junit.platform.engine.support.hierarchical.SameThreadHierarchicalTestExecutorService.submit","lineno":35,"inApp":true,"platform":"java"},{"filename":"HierarchicalTestExecutor.java","absPath":"HierarchicalTestExecutor.java","function":"org.junit.platform.engine.support.hierarchical.HierarchicalTestExecutor.execute","lineno":57,"inApp":true,"platform":"java"},{"filename":"HierarchicalTestEngine.java","absPath":"HierarchicalTestEngine.java","function":"org.junit.platform.engine.support.hierarchical.HierarchicalTestEngine.execute","lineno":54,"inApp":true,"platform":"java"},{"filename":"EngineExecutionOrchestrator.java","absPath":"EngineExecutionOrchestrator.java","function":"org.junit.platform.launcher.core.EngineExecutionOrchestrator.execute","lineno":198,"inApp":true,"platform":"java"},{"filename":"EngineExecutionOrchestrator.java","absPath":"EngineExecutionOrchestrator.java","function":"org.junit.platform.launcher.core.EngineExecutionOrchestrator.execute","lineno":169,"inApp":true,"platform":"java"},{"filename":"EngineExecutionOrchestrator.java","absPath":"EngineExecutionOrchestrator.java","function":"org.junit.platform.launcher.core.EngineExecutionOrchestrator.execute","lineno":93,"inApp":true,"platform":"java"},{"filename":"EngineExecutionOrchestrator.java","absPath":"EngineExecutionOrchestrator.java","function":"org.junit.platform.launcher.core.EngineExecutionOrchestrator.lambda$execute$0","lineno":58,"inApp":true,"platform":"java"},{"filename":"EngineExecutionOrchestrator.java","absPath":"EngineExecutionOrchestrator.java","function":"org.junit.platform.launcher.core.EngineExecutionOrchestrator.withInterceptedStreams","lineno":141,"inApp":true,"platform":"java"},{"filename":"EngineExecutionOrchestrator.java","absPath":"EngineExecutionOrchestrator.java","function":"org.junit.platform.launcher.core.EngineExecutionOrchestrator.execute","lineno":57,"inApp":true,"platform":"java"},{"filename":"DefaultLauncher.java","absPath":"DefaultLauncher.java","function":"org.junit.platform.launcher.core.DefaultLauncher.execute","lineno":103,"inApp":true,"platform":"java"},{"filename":"DefaultLauncher.java","absPath":"DefaultLauncher.java","function":"org.junit.platform.launcher.core.DefaultLauncher.execute","lineno":85,"inApp":true,"platform":"java"},{"filename":"DelegatingLauncher.java","absPath":"DelegatingLauncher.java","function":"org.junit.platform.launcher.core.DelegatingLauncher.execute","lineno":47,"inApp":true,"platform":"java"},{"filename":"LazyLauncher.java","absPath":"LazyLauncher.java","function":"org.apache.maven.surefire.junitplatform.LazyLauncher.execute","lineno":56,"inApp":false,"platform":"java"},{"filename":"JUnitPlatformProvider.java","absPath":"JUnitPlatformProvider.java","function":"org.apache.maven.surefire.junitplatform.JUnitPlatformProvider.execute","lineno":184,"inApp":false,"platform":"java"},{"filename":"JUnitPlatformProvider.java","absPath":"JUnitPlatformProvider.java","function":"org.apache.maven.surefire.junitplatform.JUnitPlatformProvider.invokeAllTests","lineno":148,"inApp":false,"platform":"java"},{"filename":"JUnitPlatformProvider.java","absPath":"JUnitPlatformProvider.java","function":"org.apache.maven.surefire.junitplatform.JUnitPlatformProvider.invoke","lineno":122,"inApp":false,"platform":"java"},{"filename":"ForkedBooter.java","absPath":"ForkedBooter.java","function":"org.apache.maven.surefire.booter.ForkedBooter.runSuitesInProcess","lineno":385,"inApp":false,"platform":"java"},{"filename":"ForkedBooter.java","absPath":"ForkedBooter.java","function":"org.apache.maven.surefire.booter.ForkedBooter.execute","lineno":162,"inApp":false,"platform":"java"},{"filename":"ForkedBooter.java","absPath":"ForkedBooter.java","function":"org.apache.maven.surefire.booter.ForkedBooter.run","lineno":507,"inApp":false,"platform":"java"},{"filename":"ForkedBooter.java","absPath":"ForkedBooter.java","function":"org.apache.maven.surefire.booter.ForkedBooter.main","lineno":495,"inApp":false,"platform":"java"}]}
20:09:22.890 [allstak-flush-errors] INFO dev.allstak.sdk -- [AllStak SDK DEBUG] Response from http://localhost:58185/ingest/v1/errors: 202 {"success":true,"data":{"id":"test"}}
20:09:22.891 [main] INFO dev.allstak.sdk -- [AllStak SDK DEBUG] AllStak SDK shutting down...
20:09:22.891 [main] INFO dev.allstak.sdk -- [AllStak SDK DEBUG] Flush worker 'logs' shut down
20:09:22.892 [main] INFO dev.allstak.sdk -- [AllStak SDK DEBUG] Flush worker 'errors' shut down
20:09:22.892 [main] INFO dev.allstak.sdk -- [AllStak SDK DEBUG] Flush worker 'http-requests' shut down
20:09:22.892 [main] INFO dev.allstak.sdk -- [AllStak SDK DEBUG] Flush worker 'heartbeats' shut down
20:09:22.892 [main] INFO dev.allstak.sdk -- [AllStak SDK DEBUG] Flush worker 'spans' shut down
20:09:22.892 [main] INFO dev.allstak.sdk -- [AllStak SDK DEBUG] Flush worker 'db-queries' shut down
20:09:22.892 [main] INFO dev.allstak.sdk -- [AllStak SDK DEBUG] AllStak SDK shut down complete
]]></system-out>
  </testcase>
  <testcase name="captureLog_withServiceAndTraceId" classname="dev.allstak.AllStakClientIntegrationTest" time="0.008">
    <system-out><![CDATA[20:09:22.895 [main] INFO dev.allstak.sdk -- [AllStak SDK DEBUG] Flush worker started for 'logs' with 500ms interval
20:09:22.895 [main] INFO dev.allstak.sdk -- [AllStak SDK DEBUG] Flush worker started for 'errors' with 500ms interval
20:09:22.895 [main] INFO dev.allstak.sdk -- [AllStak SDK DEBUG] Flush worker started for 'http-requests' with 500ms interval
20:09:22.895 [main] INFO dev.allstak.sdk -- [AllStak SDK DEBUG] Flush worker started for 'heartbeats' with 500ms interval
20:09:22.895 [main] INFO dev.allstak.sdk -- [AllStak SDK DEBUG] Flush worker started for 'spans' with 500ms interval
20:09:22.895 [main] INFO dev.allstak.sdk -- [AllStak SDK DEBUG] Flush worker started for 'db-queries' with 500ms interval
20:09:22.895 [main] INFO dev.allstak.sdk -- [AllStak SDK DEBUG] AllStak SDK initialized — host=https://api.allstak.sa, env=test, release=v0.0.1-test
20:09:22.895 [main] INFO dev.allstak.sdk -- [AllStak SDK DEBUG] Flushing 1 logs item(s)
20:09:22.897 [main] INFO dev.allstak.sdk -- [AllStak SDK DEBUG] Sending to http://localhost:58185/ingest/v1/logs: {"level":"error","message":"DB connection failed","service":"db-service","traceId":"trace-abc123","environment":"test","metadata":{"sdk.name":"allstak-java","sdk.version":"0.1.4","platform":"jvm","host":"db.local"},"release":"v0.0.1-test"}
20:09:22.900 [main] INFO dev.allstak.sdk -- [AllStak SDK DEBUG] Response from http://localhost:58185/ingest/v1/logs: 202 {"success":true,"data":{"id":"test"}}
20:09:22.901 [main] INFO dev.allstak.sdk -- [AllStak SDK DEBUG] AllStak SDK shutting down...
20:09:22.901 [main] INFO dev.allstak.sdk -- [AllStak SDK DEBUG] Flush worker 'logs' shut down
20:09:22.901 [main] INFO dev.allstak.sdk -- [AllStak SDK DEBUG] Flush worker 'errors' shut down
20:09:22.901 [main] INFO dev.allstak.sdk -- [AllStak SDK DEBUG] Flush worker 'http-requests' shut down
20:09:22.901 [main] INFO dev.allstak.sdk -- [AllStak SDK DEBUG] Flush worker 'heartbeats' shut down
20:09:22.901 [main] INFO dev.allstak.sdk -- [AllStak SDK DEBUG] Flush worker 'spans' shut down
20:09:22.901 [main] INFO dev.allstak.sdk -- [AllStak SDK DEBUG] Flush worker 'db-queries' shut down
20:09:22.901 [main] INFO dev.allstak.sdk -- [AllStak SDK DEBUG] AllStak SDK shut down complete
]]></system-out>
  </testcase>
  <testcase name="cronJobMonitoring_successFlow" classname="dev.allstak.AllStakClientIntegrationTest" time="0.584">
    <system-out><![CDATA[20:09:22.903 [main] INFO dev.allstak.sdk -- [AllStak SDK DEBUG] Flush worker started for 'logs' with 500ms interval
20:09:22.903 [main] INFO dev.allstak.sdk -- [AllStak SDK DEBUG] Flush worker started for 'errors' with 500ms interval
20:09:22.904 [main] INFO dev.allstak.sdk -- [AllStak SDK DEBUG] Flush worker started for 'http-requests' with 500ms interval
20:09:22.904 [main] INFO dev.allstak.sdk -- [AllStak SDK DEBUG] Flush worker started for 'heartbeats' with 500ms interval
20:09:22.904 [main] INFO dev.allstak.sdk -- [AllStak SDK DEBUG] Flush worker started for 'spans' with 500ms interval
20:09:22.904 [main] INFO dev.allstak.sdk -- [AllStak SDK DEBUG] Flush worker started for 'db-queries' with 500ms interval
20:09:22.904 [main] INFO dev.allstak.sdk -- [AllStak SDK DEBUG] AllStak SDK initialized — host=https://api.allstak.sa, env=test, release=v0.0.1-test
20:09:23.405 [allstak-flush-heartbeats] INFO dev.allstak.sdk -- [AllStak SDK DEBUG] Flushing 1 heartbeats item(s)
20:09:23.407 [allstak-flush-heartbeats] INFO dev.allstak.sdk -- [AllStak SDK DEBUG] Sending to http://localhost:58185/ingest/v1/heartbeat: {"slug":"daily-report","status":"success","durationMs":55,"message":"Processed 42 records","environment":"test","release":"v0.0.1-test"}
20:09:23.413 [allstak-flush-heartbeats] INFO dev.allstak.sdk -- [AllStak SDK DEBUG] Response from http://localhost:58185/ingest/v1/heartbeat: 202 {"success":true,"data":{"id":"test"}}
20:09:23.485 [main] INFO dev.allstak.sdk -- [AllStak SDK DEBUG] AllStak SDK shutting down...
20:09:23.485 [main] INFO dev.allstak.sdk -- [AllStak SDK DEBUG] Flush worker 'logs' shut down
20:09:23.485 [main] INFO dev.allstak.sdk -- [AllStak SDK DEBUG] Flush worker 'errors' shut down
20:09:23.485 [main] INFO dev.allstak.sdk -- [AllStak SDK DEBUG] Flush worker 'http-requests' shut down
20:09:23.486 [main] INFO dev.allstak.sdk -- [AllStak SDK DEBUG] Flush worker 'heartbeats' shut down
20:09:23.486 [main] INFO dev.allstak.sdk -- [AllStak SDK DEBUG] Flush worker 'spans' shut down
20:09:23.486 [main] INFO dev.allstak.sdk -- [AllStak SDK DEBUG] Flush worker 'db-queries' shut down
20:09:23.486 [main] INFO dev.allstak.sdk -- [AllStak SDK DEBUG] AllStak SDK shut down complete
]]></system-out>
  </testcase>
</testsuite>