<?xml version="1.0" encoding="UTF-8"?>
<testsuite xmlns:xsi="http://www.w3.org/2001/XMLSchema-instance" xsi:noNamespaceSchemaLocation="https://maven.apache.org/surefire/maven-surefire-plugin/xsd/surefire-test-report-3.0.xsd" version="3.0" name="dev.allstak.spring.AutoInstrumentationIntegrationTest" time="2.879" tests="6" errors="0" skipped="0" failures="0">
  <properties>
[...]
</properties>
  <testcase name="webClient_isAutoInstrumented" classname="dev.allstak.spring.AutoInstrumentationIntegrationTest" time="0.782">
    <system-out><![CDATA[
  .   ____          _            __ _ _
 /\\ / ___'_ __ _ _(_)_ __  __ _ \ \ \ \
( ( )\___ | '_ | '_| | '_ \/ _` | \ \ \ \
 \\/  ___)| |_)| | | | | || (_| |  ) ) ) )
  '  |____| .__|_| |_|_| |_\__, | / / / /
 =========|_|==============|___/=/_/_/_/
 :: Spring Boot ::                (v3.2.4)

2026-05-28T19:43:37.428+03:00  INFO 81479 --- [           main] d.a.s.AutoInstrumentationIntegrationTest : Starting AutoInstrumentationIntegrationTest using Java 21.0.8 with PID 81479 (started by irovler in /Volumes/M.2/MyProjects/AllStak-Projects/sdks/allstak-java-sdk/allstak-spring-boot-starter)
2026-05-28T19:43:37.429+03:00  INFO 81479 --- [           main] d.a.s.AutoInstrumentationIntegrationTest : No active profile set, falling back to 1 default profile: "default"
2026-05-28T19:43:37.569+03:00  WARN 81479 --- [           main] trationDelegate$BeanPostProcessorChecker : Bean 'dev.allstak.spring.AllStakAutoConfiguration' of type [dev.allstak.spring.AllStakAutoConfiguration] is not eligible for getting processed by all BeanPostProcessors (for example: not eligible for auto-proxying). The currently created BeanPostProcessor [allStakRestTemplatePostProcessor] is declared through a non-static factory method on that class; consider declaring it as static instead.
2026-05-28T19:43:37.573+03:00  WARN 81479 --- [           main] trationDelegate$BeanPostProcessorChecker : Bean 'allstak-dev.allstak.spring.AllStakProperties' of type [dev.allstak.spring.AllStakProperties] is not eligible for getting processed by all BeanPostProcessors (for example: not eligible for auto-proxying). Is this bean getting eagerly injected into a currently created BeanPostProcessor [allStakRestTemplatePostProcessor]? Check the corresponding BeanPostProcessor declaration and its dependencies.
2026-05-28T19:43:37.574+03:00  WARN 81479 --- [           main] trationDelegate$BeanPostProcessorChecker : Bean 'allStakConfig' of type [dev.allstak.AllStakConfig] is not eligible for getting processed by all BeanPostProcessors (for example: not eligible for auto-proxying). Is this bean getting eagerly injected into a currently created BeanPostProcessor [allStakRestTemplatePostProcessor]? Check the corresponding BeanPostProcessor declaration and its dependencies.
2026-05-28T19:43:37.574+03:00  WARN 81479 --- [           main] trationDelegate$BeanPostProcessorChecker : Bean 'autoInstrumentationIntegrationTest.WireMockTransportConfig' of type [dev.allstak.spring.AutoInstrumentationIntegrationTest$WireMockTransportConfig$$SpringCGLIB$$0] is not eligible for getting processed by all BeanPostProcessors (for example: not eligible for auto-proxying). Is this bean getting eagerly injected into a currently created BeanPostProcessor [allStakRestTemplatePostProcessor]? Check the corresponding BeanPostProcessor declaration and its dependencies.
2026-05-28T19:43:37.575+03:00  WARN 81479 --- [           main] trationDelegate$BeanPostProcessorChecker : Bean 'allStakHttpTransport' of type [dev.allstak.transport.HttpTransport] is not eligible for getting processed by all BeanPostProcessors (for example: not eligible for auto-proxying). Is this bean getting eagerly injected into a currently created BeanPostProcessor [allStakRestTemplatePostProcessor]? Check the corresponding BeanPostProcessor declaration and its dependencies.
2026-05-28T19:43:37.575+03:00  INFO 81479 --- [           main] dev.allstak.sdk                          : [AllStak SDK DEBUG] Flush worker started for 'logs' with 200ms interval
2026-05-28T19:43:37.575+03:00  INFO 81479 --- [           main] dev.allstak.sdk                          : [AllStak SDK DEBUG] Flush worker started for 'http-requests' with 200ms interval
2026-05-28T19:43:37.575+03:00  INFO 81479 --- [           main] dev.allstak.sdk                          : [AllStak SDK DEBUG] Flush worker started for 'db-queries' with 200ms interval
2026-05-28T19:43:37.577+03:00  INFO 81479 --- [           main] dev.allstak.sdk                          : [AllStak SDK DEBUG] Global uncaught exception handler installed
2026-05-28T19:43:37.577+03:00  INFO 81479 --- [           main] dev.allstak.sdk                          : [AllStak SDK DEBUG] AllStak SDK initialized — host=https://api.allstak.sa, env=auto-test, release=v1.0.0-auto
2026-05-28T19:43:37.577+03:00  INFO 81479 --- [           main] dev.allstak.sdk                          : [AllStak SDK DEBUG] AllStak client bean created and registered with static facade
2026-05-28T19:43:37.577+03:00  WARN 81479 --- [           main] trationDelegate$BeanPostProcessorChecker : Bean 'allStakClient' of type [dev.allstak.AllStakClient] is not eligible for getting processed by all BeanPostProcessors (for example: not eligible for auto-proxying). Is this bean getting eagerly injected into a currently created BeanPostProcessor [allStakRestTemplatePostProcessor]? Check the corresponding BeanPostProcessor declaration and its dependencies.
2026-05-28T19:43:37.577+03:00  WARN 81479 --- [           main] trationDelegate$BeanPostProcessorChecker : Bean 'allStakRestTemplateInterceptor' of type [dev.allstak.spring.AllStakRestTemplateInterceptor] is not eligible for getting processed by all BeanPostProcessors (for example: not eligible for auto-proxying). Is this bean getting eagerly injected into a currently created BeanPostProcessor [allStakRestTemplatePostProcessor]? Check the corresponding BeanPostProcessor declaration and its dependencies.
2026-05-28T19:43:37.582+03:00  WARN 81479 --- [           main] trationDelegate$BeanPostProcessorChecker : Bean 'allStakAutoConfiguration.QuartzAutoConfiguration' of type [dev.allstak.spring.AllStakAutoConfiguration$QuartzAutoConfiguration$$SpringCGLIB$$0] is not eligible for getting processed by all BeanPostProcessors (for example: not eligible for auto-proxying). The currently created BeanPostProcessor [allStakQuartzListenerInstaller] is declared through a non-static factory method on that class; consider declaring it as static instead.
2026-05-28T19:43:37.582+03:00  WARN 81479 --- [           main] trationDelegate$BeanPostProcessorChecker : Bean 'allStakQuartzJobListener' of type [dev.allstak.quartz.AllStakQuartzJobListener] is not eligible for getting processed by all BeanPostProcessors (for example: not eligible for auto-proxying). Is this bean getting eagerly injected into a currently created BeanPostProcessor [allStakQuartzListenerInstaller]? Check the corresponding BeanPostProcessor declaration and its dependencies.
2026-05-28T19:43:37.583+03:00  WARN 81479 --- [           main] trationDelegate$BeanPostProcessorChecker : Bean 'allStakAutoConfiguration.SpringCacheAutoConfiguration' of type [dev.allstak.spring.AllStakAutoConfiguration$SpringCacheAutoConfiguration$$SpringCGLIB$$0] is not eligible for getting processed by all BeanPostProcessors (for example: not eligible for auto-proxying). The currently created BeanPostProcessor [allStakCacheDecorator] is declared through a non-static factory method on that class; consider declaring it as static instead.
2026-05-28T19:43:37.585+03:00  INFO 81479 --- [           main] dev.allstak.sdk                          : [AllStak SDK DEBUG] AllStak Reactor scope-propagation hook installed
2026-05-28T19:43:37.654+03:00  INFO 81479 --- [           main] dev.allstak.sdk                          : [AllStak SDK DEBUG] AllStak attached outbound interceptor to RestTemplate bean '%s'
2026-05-28T19:43:37.763+03:00 ERROR 81479 --- [           main] i.n.r.d.DnsServerAddressStreamProviders  : Unable to load io.netty.resolver.dns.macos.MacOSDnsServerAddressStreamProvider, fallback to system defaults. This may result in incorrect DNS resolutions on MacOS. Check whether you have a dependency on 'io.netty:netty-resolver-dns-native-macos'. Use DEBUG level to see the full stack: java.lang.UnsatisfiedLinkError: failed to load the required native library
2026-05-28T19:43:37.800+03:00  INFO 81479 --- [           main] dev.allstak.sdk                          : [AllStak SDK DEBUG] AllStak wrapped @Scheduled methods on '%s'
2026-05-28T19:43:37.841+03:00  INFO 81479 --- [           main] dev.allstak.sdk                          : [AllStak SDK DEBUG] AllStak Logback appender registered
2026-05-28T19:43:37.859+03:00  INFO 81479 --- [           main] d.a.s.AutoInstrumentationIntegrationTest : Started AutoInstrumentationIntegrationTest in 0.492 seconds (process running for 2.438)
2026-05-28T19:43:38.065+03:00  INFO 81479 --- [   scheduling-1] dev.allstak.sdk                          : [AllStak SDK DEBUG] Sending to http://localhost:53035/ingest/v1/heartbeat: event_bytes=121
2026-05-28T19:43:38.153+03:00  INFO 81479 --- [   scheduling-1] dev.allstak.sdk                          : [AllStak SDK DEBUG] Response from http://localhost:53035/ingest/v1/heartbeat: status=202 response_bytes=42
2026-05-28T19:43:38.263+03:00  INFO 81479 --- [   scheduling-1] dev.allstak.sdk                          : [AllStak SDK DEBUG] Sending to http://localhost:53035/ingest/v1/heartbeat: event_bytes=147
2026-05-28T19:43:38.266+03:00  INFO 81479 --- [   scheduling-1] dev.allstak.sdk                          : [AllStak SDK DEBUG] Response from http://localhost:53035/ingest/v1/heartbeat: status=202 response_bytes=42
2026-05-28T19:43:38.266+03:00 ERROR 81479 --- [   scheduling-1] o.s.s.s.TaskUtils$LoggingErrorHandler    : Unexpected error occurred in scheduled task

java.lang.IllegalStateException: scheduled boom
	at dev.allstak.spring.AutoInstrumentationIntegrationTest$ScheduledHitCounter.boom(AutoInstrumentationIntegrationTest.java:296) ~[test-classes/:na]
	at java.base/jdk.internal.reflect.DirectMethodHandleAccessor.invoke(DirectMethodHandleAccessor.java:103) ~[na:na]
	at java.base/java.lang.reflect.Method.invoke(Method.java:580) ~[na:na]
	at org.springframework.aop.support.AopUtils.invokeJoinpointUsingReflection(AopUtils.java:351) ~[spring-aop-6.1.5.jar:6.1.5]
	at org.springframework.aop.framework.ReflectiveMethodInvocation.invokeJoinpoint(ReflectiveMethodInvocation.java:196) ~[spring-aop-6.1.5.jar:6.1.5]
	at org.springframework.aop.framework.ReflectiveMethodInvocation.proceed(ReflectiveMethodInvocation.java:163) ~[spring-aop-6.1.5.jar:6.1.5]
	at org.springframework.aop.framework.CglibAopProxy$CglibMethodInvocation.proceed(CglibAopProxy.java:765) ~[spring-aop-6.1.5.jar:6.1.5]
	at dev.allstak.spring.AllStakScheduledPostProcessor.runWithHeartbeat(AllStakScheduledPostProcessor.java:95) ~[classes/:na]
	at dev.allstak.spring.AllStakScheduledPostProcessor.lambda$postProcessAfterInitialization$1(AllStakScheduledPostProcessor.java:82) ~[classes/:na]
	at org.springframework.aop.framework.ReflectiveMethodInvocation.proceed(ReflectiveMethodInvocation.java:184) ~[spring-aop-6.1.5.jar:6.1.5]
	at org.springframework.aop.framework.CglibAopProxy$CglibMethodInvocation.proceed(CglibAopProxy.java:765) ~[spring-aop-6.1.5.jar:6.1.5]
	at org.springframework.aop.framework.CglibAopProxy$DynamicAdvisedInterceptor.intercept(CglibAopProxy.java:717) ~[spring-aop-6.1.5.jar:6.1.5]
	at dev.allstak.spring.AutoInstrumentationIntegrationTest$ScheduledHitCounter$$SpringCGLIB$$0.boom(<generated>) ~[test-classes/:na]
	at java.base/jdk.internal.reflect.DirectMethodHandleAccessor.invoke(DirectMethodHandleAccessor.java:103) ~[na:na]
	at java.base/java.lang.reflect.Method.invoke(Method.java:580) ~[na:na]
	at org.springframework.scheduling.support.ScheduledMethodRunnable.runInternal(ScheduledMethodRunnable.java:130) ~[spring-context-6.1.5.jar:6.1.5]
	at org.springframework.scheduling.support.ScheduledMethodRunnable.lambda$run$2(ScheduledMethodRunnable.java:124) ~[spring-context-6.1.5.jar:6.1.5]
	at io.micrometer.observation.Observation.observe(Observation.java:499) ~[micrometer-observation-1.12.4.jar:1.12.4]
	at org.springframework.scheduling.support.ScheduledMethodRunnable.run(ScheduledMethodRunnable.java:124) ~[spring-context-6.1.5.jar:6.1.5]
	at org.springframework.scheduling.support.DelegatingErrorHandlingRunnable.run(DelegatingErrorHandlingRunnable.java:54) ~[spring-context-6.1.5.jar:6.1.5]
	at java.base/java.util.concurrent.Executors$RunnableAdapter.call(Executors.java:572) ~[na:na]
	at java.base/java.util.concurrent.FutureTask.runAndReset(FutureTask.java:358) ~[na:na]
	at java.base/java.util.concurrent.ScheduledThreadPoolExecutor$ScheduledFutureTask.run(ScheduledThreadPoolExecutor.java:305) ~[na:na]
	at java.base/java.util.concurrent.ThreadPoolExecutor.runWorker(ThreadPoolExecutor.java:1144) ~[na:na]
	at java.base/java.util.concurrent.ThreadPoolExecutor$Worker.run(ThreadPoolExecutor.java:642) ~[na:na]
	at java.base/java.lang.Thread.run(Thread.java:1583) ~[na:na]

2026-05-28T19:43:38.379+03:00  INFO 81479 --- [stak-flush-logs] dev.allstak.sdk                          : [AllStak SDK DEBUG] Flushing 1 logs item(s)
2026-05-28T19:43:38.380+03:00  INFO 81479 --- [stak-flush-logs] dev.allstak.sdk                          : [AllStak SDK DEBUG] Sending to http://localhost:53035/ingest/v1/logs: event_bytes=3033
2026-05-28T19:43:38.383+03:00  INFO 81479 --- [stak-flush-logs] dev.allstak.sdk                          : [AllStak SDK DEBUG] Response from http://localhost:53035/ingest/v1/logs: status=202 response_bytes=42
2026-05-28T19:43:38.579+03:00  INFO 81479 --- [h-http-requests] dev.allstak.sdk                          : [AllStak SDK DEBUG] Flushing 1 http-requests item(s)
2026-05-28T19:43:38.583+03:00  INFO 81479 --- [h-http-requests] dev.allstak.sdk                          : [AllStak SDK DEBUG] Sending to http://localhost:53035/ingest/v1/http-requests: event_bytes=367
2026-05-28T19:43:38.585+03:00  INFO 81479 --- [h-http-requests] dev.allstak.sdk                          : [AllStak SDK DEBUG] Response from http://localhost:53035/ingest/v1/http-requests: status=202 response_bytes=42
]]></system-out>
    <system-err><![CDATA[WARNING: A Java agent has been loaded dynamically (/Users/irovler/.m2/repository/net/bytebuddy/byte-buddy-agent/1.14.12/byte-buddy-agent-1.14.12.jar)
WARNING: If a serviceability tool is in use, please run with -XX:+EnableDynamicAgentLoading to hide this warning
WARNING: If a serviceability tool is not in use, please run with -Djdk.instrument.traceUsage for more information
WARNING: Dynamic loading of agents will be disallowed by default in a future release
]]></system-err>
  </testcase>
  <testcase name="scheduledMethod_failureEmitsFailedHeartbeatAndReraises" classname="dev.allstak.spring.AutoInstrumentationIntegrationTest" time="0.215">
    <system-out><![CDATA[2026-05-28T19:43:38.657+03:00  INFO 81479 --- [   scheduling-1] dev.allstak.sdk                          : [AllStak SDK DEBUG] Sending to http://localhost:53035/ingest/v1/heartbeat: event_bytes=121
2026-05-28T19:43:38.660+03:00  INFO 81479 --- [   scheduling-1] dev.allstak.sdk                          : [AllStak SDK DEBUG] Response from http://localhost:53035/ingest/v1/heartbeat: status=202 response_bytes=42
2026-05-28T19:43:38.773+03:00  INFO 81479 --- [   scheduling-1] dev.allstak.sdk                          : [AllStak SDK DEBUG] Sending to http://localhost:53035/ingest/v1/heartbeat: event_bytes=147
2026-05-28T19:43:38.775+03:00  INFO 81479 --- [   scheduling-1] dev.allstak.sdk                          : [AllStak SDK DEBUG] Response from http://localhost:53035/ingest/v1/heartbeat: status=202 response_bytes=42
2026-05-28T19:43:38.775+03:00 ERROR 81479 --- [   scheduling-1] o.s.s.s.TaskUtils$LoggingErrorHandler    : Unexpected error occurred in scheduled task

java.lang.IllegalStateException: scheduled boom
	at dev.allstak.spring.AutoInstrumentationIntegrationTest$ScheduledHitCounter.boom(AutoInstrumentationIntegrationTest.java:296) ~[test-classes/:na]
	at java.base/jdk.internal.reflect.DirectMethodHandleAccessor.invoke(DirectMethodHandleAccessor.java:103) ~[na:na]
	at java.base/java.lang.reflect.Method.invoke(Method.java:580) ~[na:na]
	at org.springframework.aop.support.AopUtils.invokeJoinpointUsingReflection(AopUtils.java:351) ~[spring-aop-6.1.5.jar:6.1.5]
	at org.springframework.aop.framework.ReflectiveMethodInvocation.invokeJoinpoint(ReflectiveMethodInvocation.java:196) ~[spring-aop-6.1.5.jar:6.1.5]
	at org.springframework.aop.framework.ReflectiveMethodInvocation.proceed(ReflectiveMethodInvocation.java:163) ~[spring-aop-6.1.5.jar:6.1.5]
	at org.springframework.aop.framework.CglibAopProxy$CglibMethodInvocation.proceed(CglibAopProxy.java:765) ~[spring-aop-6.1.5.jar:6.1.5]
	at dev.allstak.spring.AllStakScheduledPostProcessor.runWithHeartbeat(AllStakScheduledPostProcessor.java:95) ~[classes/:na]
	at dev.allstak.spring.AllStakScheduledPostProcessor.lambda$postProcessAfterInitialization$1(AllStakScheduledPostProcessor.java:82) ~[classes/:na]
	at org.springframework.aop.framework.ReflectiveMethodInvocation.proceed(ReflectiveMethodInvocation.java:184) ~[spring-aop-6.1.5.jar:6.1.5]
	at org.springframework.aop.framework.CglibAopProxy$CglibMethodInvocation.proceed(CglibAopProxy.java:765) ~[spring-aop-6.1.5.jar:6.1.5]
	at org.springframework.aop.framework.CglibAopProxy$DynamicAdvisedInterceptor.intercept(CglibAopProxy.java:717) ~[spring-aop-6.1.5.jar:6.1.5]
	at dev.allstak.spring.AutoInstrumentationIntegrationTest$ScheduledHitCounter$$SpringCGLIB$$0.boom(<generated>) ~[test-classes/:na]
	at java.base/jdk.internal.reflect.DirectMethodHandleAccessor.invoke(DirectMethodHandleAccessor.java:103) ~[na:na]
	at java.base/java.lang.reflect.Method.invoke(Method.java:580) ~[na:na]
	at org.springframework.scheduling.support.ScheduledMethodRunnable.runInternal(ScheduledMethodRunnable.java:130) ~[spring-context-6.1.5.jar:6.1.5]
	at org.springframework.scheduling.support.ScheduledMethodRunnable.lambda$run$2(ScheduledMethodRunnable.java:124) ~[spring-context-6.1.5.jar:6.1.5]
	at io.micrometer.observation.Observation.observe(Observation.java:499) ~[micrometer-observation-1.12.4.jar:1.12.4]
	at org.springframework.scheduling.support.ScheduledMethodRunnable.run(ScheduledMethodRunnable.java:124) ~[spring-context-6.1.5.jar:6.1.5]
	at org.springframework.scheduling.support.DelegatingErrorHandlingRunnable.run(DelegatingErrorHandlingRunnable.java:54) ~[spring-context-6.1.5.jar:6.1.5]
	at java.base/java.util.concurrent.Executors$RunnableAdapter.call(Executors.java:572) ~[na:na]
	at java.base/java.util.concurrent.FutureTask.runAndReset(FutureTask.java:358) ~[na:na]
	at java.base/java.util.concurrent.ScheduledThreadPoolExecutor$ScheduledFutureTask.run(ScheduledThreadPoolExecutor.java:305) ~[na:na]
	at java.base/java.util.concurrent.ThreadPoolExecutor.runWorker(ThreadPoolExecutor.java:1144) ~[na:na]
	at java.base/java.util.concurrent.ThreadPoolExecutor$Worker.run(ThreadPoolExecutor.java:642) ~[na:na]
	at java.base/java.lang.Thread.run(Thread.java:1583) ~[na:na]

2026-05-28T19:43:38.779+03:00  INFO 81479 --- [stak-flush-logs] dev.allstak.sdk                          : [AllStak SDK DEBUG] Flushing 1 logs item(s)
2026-05-28T19:43:38.780+03:00  INFO 81479 --- [stak-flush-logs] dev.allstak.sdk                          : [AllStak SDK DEBUG] Sending to http://localhost:53035/ingest/v1/logs: event_bytes=3033
2026-05-28T19:43:38.781+03:00  INFO 81479 --- [stak-flush-logs] dev.allstak.sdk                          : [AllStak SDK DEBUG] Response from http://localhost:53035/ingest/v1/logs: status=202 response_bytes=42
]]></system-out>
  </testcase>
  <testcase name="webClient_failurePath_doesNotCrashAndStillRecords" classname="dev.allstak.spring.AutoInstrumentationIntegrationTest" time="0.218">
    <system-out><![CDATA[2026-05-28T19:43:38.976+03:00  INFO 81479 --- [h-http-requests] dev.allstak.sdk                          : [AllStak SDK DEBUG] Flushing 1 http-requests item(s)
2026-05-28T19:43:38.976+03:00  INFO 81479 --- [h-http-requests] dev.allstak.sdk                          : [AllStak SDK DEBUG] Sending to http://localhost:53035/ingest/v1/http-requests: event_bytes=479
2026-05-28T19:43:38.978+03:00  INFO 81479 --- [h-http-requests] dev.allstak.sdk                          : [AllStak SDK DEBUG] Response from http://localhost:53035/ingest/v1/http-requests: status=202 response_bytes=42
]]></system-out>
  </testcase>
  <testcase name="restTemplate_builderPath_isAutoInstrumented" classname="dev.allstak.spring.AutoInstrumentationIntegrationTest" time="0.133">
    <system-out><![CDATA[2026-05-28T19:43:39.165+03:00  INFO 81479 --- [   scheduling-1] dev.allstak.sdk                          : [AllStak SDK DEBUG] Sending to http://localhost:53035/ingest/v1/heartbeat: event_bytes=121
2026-05-28T19:43:39.167+03:00  INFO 81479 --- [   scheduling-1] dev.allstak.sdk                          : [AllStak SDK DEBUG] Response from http://localhost:53035/ingest/v1/heartbeat: status=202 response_bytes=42
2026-05-28T19:43:39.176+03:00  INFO 81479 --- [h-http-requests] dev.allstak.sdk                          : [AllStak SDK DEBUG] Flushing 1 http-requests item(s)
2026-05-28T19:43:39.176+03:00  INFO 81479 --- [h-http-requests] dev.allstak.sdk                          : [AllStak SDK DEBUG] Sending to http://localhost:53035/ingest/v1/http-requests: event_bytes=367
2026-05-28T19:43:39.178+03:00  INFO 81479 --- [h-http-requests] dev.allstak.sdk                          : [AllStak SDK DEBUG] Response from http://localhost:53035/ingest/v1/http-requests: status=202 response_bytes=42
]]></system-out>
  </testcase>
  <testcase name="scheduledMethod_successEmitsHeartbeatAutomatically" classname="dev.allstak.spring.AutoInstrumentationIntegrationTest" time="0.525">
    <system-out><![CDATA[2026-05-28T19:43:39.278+03:00  INFO 81479 --- [   scheduling-1] dev.allstak.sdk                          : [AllStak SDK DEBUG] Sending to http://localhost:53035/ingest/v1/heartbeat: event_bytes=147
2026-05-28T19:43:39.280+03:00  INFO 81479 --- [   scheduling-1] dev.allstak.sdk                          : [AllStak SDK DEBUG] Response from http://localhost:53035/ingest/v1/heartbeat: status=202 response_bytes=42
2026-05-28T19:43:39.280+03:00 ERROR 81479 --- [   scheduling-1] o.s.s.s.TaskUtils$LoggingErrorHandler    : Unexpected error occurred in scheduled task

java.lang.IllegalStateException: scheduled boom
	at dev.allstak.spring.AutoInstrumentationIntegrationTest$ScheduledHitCounter.boom(AutoInstrumentationIntegrationTest.java:296) ~[test-classes/:na]
	at java.base/jdk.internal.reflect.DirectMethodHandleAccessor.invoke(DirectMethodHandleAccessor.java:103) ~[na:na]
	at java.base/java.lang.reflect.Method.invoke(Method.java:580) ~[na:na]
	at org.springframework.aop.support.AopUtils.invokeJoinpointUsingReflection(AopUtils.java:351) ~[spring-aop-6.1.5.jar:6.1.5]
	at org.springframework.aop.framework.ReflectiveMethodInvocation.invokeJoinpoint(ReflectiveMethodInvocation.java:196) ~[spring-aop-6.1.5.jar:6.1.5]
	at org.springframework.aop.framework.ReflectiveMethodInvocation.proceed(ReflectiveMethodInvocation.java:163) ~[spring-aop-6.1.5.jar:6.1.5]
	at org.springframework.aop.framework.CglibAopProxy$CglibMethodInvocation.proceed(CglibAopProxy.java:765) ~[spring-aop-6.1.5.jar:6.1.5]
	at dev.allstak.spring.AllStakScheduledPostProcessor.runWithHeartbeat(AllStakScheduledPostProcessor.java:95) ~[classes/:na]
	at dev.allstak.spring.AllStakScheduledPostProcessor.lambda$postProcessAfterInitialization$1(AllStakScheduledPostProcessor.java:82) ~[classes/:na]
	at org.springframework.aop.framework.ReflectiveMethodInvocation.proceed(ReflectiveMethodInvocation.java:184) ~[spring-aop-6.1.5.jar:6.1.5]
	at org.springframework.aop.framework.CglibAopProxy$CglibMethodInvocation.proceed(CglibAopProxy.java:765) ~[spring-aop-6.1.5.jar:6.1.5]
	at org.springframework.aop.framework.CglibAopProxy$DynamicAdvisedInterceptor.intercept(CglibAopProxy.java:717) ~[spring-aop-6.1.5.jar:6.1.5]
	at dev.allstak.spring.AutoInstrumentationIntegrationTest$ScheduledHitCounter$$SpringCGLIB$$0.boom(<generated>) ~[test-classes/:na]
	at java.base/jdk.internal.reflect.DirectMethodHandleAccessor.invoke(DirectMethodHandleAccessor.java:103) ~[na:na]
	at java.base/java.lang.reflect.Method.invoke(Method.java:580) ~[na:na]
	at org.springframework.scheduling.support.ScheduledMethodRunnable.runInternal(ScheduledMethodRunnable.java:130) ~[spring-context-6.1.5.jar:6.1.5]
	at org.springframework.scheduling.support.ScheduledMethodRunnable.lambda$run$2(ScheduledMethodRunnable.java:124) ~[spring-context-6.1.5.jar:6.1.5]
	at io.micrometer.observation.Observation.observe(Observation.java:499) ~[micrometer-observation-1.12.4.jar:1.12.4]
	at org.springframework.scheduling.support.ScheduledMethodRunnable.run(ScheduledMethodRunnable.java:124) ~[spring-context-6.1.5.jar:6.1.5]
	at org.springframework.scheduling.support.DelegatingErrorHandlingRunnable.run(DelegatingErrorHandlingRunnable.java:54) ~[spring-context-6.1.5.jar:6.1.5]
	at java.base/java.util.concurrent.Executors$RunnableAdapter.call(Executors.java:572) ~[na:na]
	at java.base/java.util.concurrent.FutureTask.runAndReset(FutureTask.java:358) ~[na:na]
	at java.base/java.util.concurrent.ScheduledThreadPoolExecutor$ScheduledFutureTask.run(ScheduledThreadPoolExecutor.java:305) ~[na:na]
	at java.base/java.util.concurrent.ThreadPoolExecutor.runWorker(ThreadPoolExecutor.java:1144) ~[na:na]
	at java.base/java.util.concurrent.ThreadPoolExecutor$Worker.run(ThreadPoolExecutor.java:642) ~[na:na]
	at java.base/java.lang.Thread.run(Thread.java:1583) ~[na:na]

2026-05-28T19:43:39.377+03:00  INFO 81479 --- [stak-flush-logs] dev.allstak.sdk                          : [AllStak SDK DEBUG] Flushing 1 logs item(s)
2026-05-28T19:43:39.377+03:00  INFO 81479 --- [stak-flush-logs] dev.allstak.sdk                          : [AllStak SDK DEBUG] Sending to http://localhost:53035/ingest/v1/logs: event_bytes=3033
2026-05-28T19:43:39.379+03:00  INFO 81479 --- [stak-flush-logs] dev.allstak.sdk                          : [AllStak SDK DEBUG] Response from http://localhost:53035/ingest/v1/logs: status=202 response_bytes=42
2026-05-28T19:43:39.671+03:00  INFO 81479 --- [   scheduling-1] dev.allstak.sdk                          : [AllStak SDK DEBUG] Sending to http://localhost:53035/ingest/v1/heartbeat: event_bytes=121
2026-05-28T19:43:39.675+03:00  INFO 81479 --- [   scheduling-1] dev.allstak.sdk                          : [AllStak SDK DEBUG] Response from http://localhost:53035/ingest/v1/heartbeat: status=202 response_bytes=42
]]></system-out>
  </testcase>
  <testcase name="restTemplate_directConstructionPath_isAutoInstrumented" classname="dev.allstak.spring.AutoInstrumentationIntegrationTest" time="0.117">
    <system-out><![CDATA[2026-05-28T19:43:39.776+03:00  INFO 81479 --- [h-http-requests] dev.allstak.sdk                          : [AllStak SDK DEBUG] Flushing 1 http-requests item(s)
2026-05-28T19:43:39.776+03:00  INFO 81479 --- [h-http-requests] dev.allstak.sdk                          : [AllStak SDK DEBUG] Sending to http://localhost:53035/ingest/v1/http-requests: event_bytes=366
2026-05-28T19:43:39.778+03:00  INFO 81479 --- [h-http-requests] dev.allstak.sdk                          : [AllStak SDK DEBUG] Response from http://localhost:53035/ingest/v1/http-requests: status=202 response_bytes=42
2026-05-28T19:43:39.784+03:00  INFO 81479 --- [   scheduling-1] dev.allstak.sdk                          : [AllStak SDK DEBUG] Sending to http://localhost:53035/ingest/v1/heartbeat: event_bytes=147
2026-05-28T19:43:39.787+03:00  INFO 81479 --- [   scheduling-1] dev.allstak.sdk                          : [AllStak SDK DEBUG] Response from http://localhost:53035/ingest/v1/heartbeat: status=202 response_bytes=42
2026-05-28T19:43:39.787+03:00 ERROR 81479 --- [   scheduling-1] o.s.s.s.TaskUtils$LoggingErrorHandler    : Unexpected error occurred in scheduled task

java.lang.IllegalStateException: scheduled boom
	at dev.allstak.spring.AutoInstrumentationIntegrationTest$ScheduledHitCounter.boom(AutoInstrumentationIntegrationTest.java:296) ~[test-classes/:na]
	at java.base/jdk.internal.reflect.DirectMethodHandleAccessor.invoke(DirectMethodHandleAccessor.java:103) ~[na:na]
	at java.base/java.lang.reflect.Method.invoke(Method.java:580) ~[na:na]
	at org.springframework.aop.support.AopUtils.invokeJoinpointUsingReflection(AopUtils.java:351) ~[spring-aop-6.1.5.jar:6.1.5]
	at org.springframework.aop.framework.ReflectiveMethodInvocation.invokeJoinpoint(ReflectiveMethodInvocation.java:196) ~[spring-aop-6.1.5.jar:6.1.5]
	at org.springframework.aop.framework.ReflectiveMethodInvocation.proceed(ReflectiveMethodInvocation.java:163) ~[spring-aop-6.1.5.jar:6.1.5]
	at org.springframework.aop.framework.CglibAopProxy$CglibMethodInvocation.proceed(CglibAopProxy.java:765) ~[spring-aop-6.1.5.jar:6.1.5]
	at dev.allstak.spring.AllStakScheduledPostProcessor.runWithHeartbeat(AllStakScheduledPostProcessor.java:95) ~[classes/:na]
	at dev.allstak.spring.AllStakScheduledPostProcessor.lambda$postProcessAfterInitialization$1(AllStakScheduledPostProcessor.java:82) ~[classes/:na]
	at org.springframework.aop.framework.ReflectiveMethodInvocation.proceed(ReflectiveMethodInvocation.java:184) ~[spring-aop-6.1.5.jar:6.1.5]
	at org.springframework.aop.framework.CglibAopProxy$CglibMethodInvocation.proceed(CglibAopProxy.java:765) ~[spring-aop-6.1.5.jar:6.1.5]
	at org.springframework.aop.framework.CglibAopProxy$DynamicAdvisedInterceptor.intercept(CglibAopProxy.java:717) ~[spring-aop-6.1.5.jar:6.1.5]
	at dev.allstak.spring.AutoInstrumentationIntegrationTest$ScheduledHitCounter$$SpringCGLIB$$0.boom(<generated>) ~[test-classes/:na]
	at java.base/jdk.internal.reflect.DirectMethodHandleAccessor.invoke(DirectMethodHandleAccessor.java:103) ~[na:na]
	at java.base/java.lang.reflect.Method.invoke(Method.java:580) ~[na:na]
	at org.springframework.scheduling.support.ScheduledMethodRunnable.runInternal(ScheduledMethodRunnable.java:130) ~[spring-context-6.1.5.jar:6.1.5]
	at org.springframework.scheduling.support.ScheduledMethodRunnable.lambda$run$2(ScheduledMethodRunnable.java:124) ~[spring-context-6.1.5.jar:6.1.5]
	at io.micrometer.observation.Observation.observe(Observation.java:499) ~[micrometer-observation-1.12.4.jar:1.12.4]
	at org.springframework.scheduling.support.ScheduledMethodRunnable.run(ScheduledMethodRunnable.java:124) ~[spring-context-6.1.5.jar:6.1.5]
	at org.springframework.scheduling.support.DelegatingErrorHandlingRunnable.run(DelegatingErrorHandlingRunnable.java:54) ~[spring-context-6.1.5.jar:6.1.5]
	at java.base/java.util.concurrent.Executors$RunnableAdapter.call(Executors.java:572) ~[na:na]
	at java.base/java.util.concurrent.FutureTask.runAndReset(FutureTask.java:358) ~[na:na]
	at java.base/java.util.concurrent.ScheduledThreadPoolExecutor$ScheduledFutureTask.run(ScheduledThreadPoolExecutor.java:305) ~[na:na]
	at java.base/java.util.concurrent.ThreadPoolExecutor.runWorker(ThreadPoolExecutor.java:1144) ~[na:na]
	at java.base/java.util.concurrent.ThreadPoolExecutor$Worker.run(ThreadPoolExecutor.java:642) ~[na:na]
	at java.base/java.lang.Thread.run(Thread.java:1583) ~[na:na]

]]></system-out>
  </testcase>
</testsuite>